<?xml version="1.0" encoding="UTF-8"?>
<!-- Generated by org.testng.reporters.JUnitReportReporter -->
<testsuite hostname="Aravind" failures="0" tests="1" name="Bchat.TestScenarios.To_Validate_Opening_Screen" time="3.017" errors="0" timestamp="15 Apr 2024 10:24:31 GMT" skipped="0">
  <testcase classname="Bchat.TestScenarios.To_Validate_Opening_Screen" name="TC_4_Validate_working_of_navigation_to_Create_Account_screen" time="3.017"/>
</testsuite> <!-- Bchat.TestScenarios.To_Validate_Opening_Screen -->
