<?xml version="1.0" encoding="UTF-8"?>
<!-- Generated by org.testng.reporters.JUnitReportReporter -->
<testsuite hostname="Aravind" failures="0" tests="1" name="Bchat.TestScenarios.Working_Of_Opening_Screen_Functions" time="0.002" errors="0" timestamp="23 Apr 2024 10:09:51 GMT" skipped="0">
  <testcase classname="Bchat.TestScenarios.Working_Of_Opening_Screen_Functions" name="To_Validate_whether_able_to_navigate_out_And_Open_the_App_Again" time="0.002"/>
</testsuite> <!-- Bchat.TestScenarios.Working_Of_Opening_Screen_Functions -->
