<?xml version="1.0" encoding="UTF-8"?>
<!-- Generated by org.testng.reporters.JUnitReportReporter -->
<testsuite hostname="Aravind" failures="0" tests="13" name="Bchat.TestScenarios.Home_Screen_and_its_functionalities_In_Restore_Account_Flow" time="293.597" errors="0" timestamp="2024-08-28T18:29:05 IST" skipped="0">
  <testcase classname="Bchat.TestScenarios.Home_Screen_and_its_functionalities_In_Restore_Account_Flow" name="PreSetup" time="57.332"/>
  <testcase classname="Bchat.TestScenarios.Home_Screen_and_its_functionalities_In_Restore_Account_Flow" name="To_Validate_the_presence_of_placeholder_in_the_text_box" time="0.793"/>
  <testcase classname="Bchat.TestScenarios.Home_Screen_and_its_functionalities_In_Restore_Account_Flow" name="To_Validate_Whether_crusor_Blinks_on_clicking_the_search_textbox" time="13.239"/>
  <testcase classname="Bchat.TestScenarios.Home_Screen_and_its_functionalities_In_Restore_Account_Flow" name="To_Validate_wether_paste_option_on_the_text_box" time="2.855"/>
  <testcase classname="Bchat.TestScenarios.Home_Screen_and_its_functionalities_In_Restore_Account_Flow" name="To_Validate_Values_enterd_in_textbox_is_editable_and_deleteable" time="40.958"/>
  <testcase classname="Bchat.TestScenarios.Home_Screen_and_its_functionalities_In_Restore_Account_Flow" name="To_validate_working_of_cnacel_icon_inside_the_textbox" time="19.573"/>
  <testcase classname="Bchat.TestScenarios.Home_Screen_and_its_functionalities_In_Restore_Account_Flow" name="To_Validate_the_textbox_of_the_search_functionality_with_null_value" time="1.305"/>
  <testcase classname="Bchat.TestScenarios.Home_Screen_and_its_functionalities_In_Restore_Account_Flow" name="To_Validate_the_textbox_of_the_search_Functionality_using_special_Characters" time="38.726"/>
  <testcase classname="Bchat.TestScenarios.Home_Screen_and_its_functionalities_In_Restore_Account_Flow" name="To_Validate_the_textbox_of_search_Functionality_using_Alphabets_both_in_UpperCase_and_lowerCase" time="20.627"/>
  <testcase classname="Bchat.TestScenarios.Home_Screen_and_its_functionalities_In_Restore_Account_Flow" name="To_Validate_the_textbox_of_search_Functionality_is_Allowing_the_Space" time="14.546"/>
  <testcase classname="Bchat.TestScenarios.Home_Screen_and_its_functionalities_In_Restore_Account_Flow" name="To_Validate_the_textbox_of_search_Functionality_by_Numerical_values" time="1.244"/>
  <testcase classname="Bchat.TestScenarios.Home_Screen_and_its_functionalities_In_Restore_Account_Flow" name="To_Validate_whether_searched_messages_are_showing_in_the_list" time="2.757"/>
  <testcase classname="Bchat.TestScenarios.Home_Screen_and_its_functionalities_In_Restore_Account_Flow" name="To_Validate_the_search_functionality_using_Invalid_value" time="79.642"/>
</testsuite> <!-- Bchat.TestScenarios.Home_Screen_and_its_functionalities_In_Restore_Account_Flow -->
