<?xml version="1.0" encoding="UTF-8"?>
<!-- Generated by org.testng.reporters.JUnitReportReporter -->
<testsuite hostname="Aravind" failures="0" tests="48" name="Bchat.TestScenarios.Account_Settings_Screen_And_Functionalities" time="1750.909" errors="0" timestamp="2024-09-19T20:30:24 IST" skipped="0">
  <testcase classname="Bchat.TestScenarios.Account_Settings_Screen_And_Functionalities" name="presetup" time="26.273"/>
  <testcase classname="Bchat.TestScenarios.Account_Settings_Screen_And_Functionalities" name="To_validate_the_working_of_the_Show_BChatId_option" time="3.068"/>
  <testcase classname="Bchat.TestScenarios.Account_Settings_Screen_And_Functionalities" name="To_validate_the_working_of_the_Show_Beldex_Address_option" time="3.192"/>
  <testcase classname="Bchat.TestScenarios.Account_Settings_Screen_And_Functionalities" name="To_validate_the_working_of_the_Show_QrCode_option" time="21.692"/>
  <testcase classname="Bchat.TestScenarios.Account_Settings_Screen_And_Functionalities" name="To_validate_the_working_of_copy_icon_in_Bchat_Id" time="6.427"/>
  <testcase classname="Bchat.TestScenarios.Account_Settings_Screen_And_Functionalities" name="To_validate_the_working_of_copy_icon_in_Beldex_Address" time="51.764"/>
  <testcase classname="Bchat.TestScenarios.Account_Settings_Screen_And_Functionalities" name="To_Validate_the_Navigation_to_About_BNS_screen" time="1.505"/>
  <testcase classname="Bchat.TestScenarios.Account_Settings_Screen_And_Functionalities" name="To_validate_the_working_of_the_share_qr_code" time="6.628"/>
  <testcase classname="Bchat.TestScenarios.Account_Settings_Screen_And_Functionalities" name="To_Validate_the_verify_function_with_invalid_bns_name" time="7.152"/>
  <testcase classname="Bchat.TestScenarios.Account_Settings_Screen_And_Functionalities" name="To_Validate_verify_and_link_buttons_are_enabled_without_entering_any_value_in_bns_name" time="2.774"/>
  <testcase classname="Bchat.TestScenarios.Account_Settings_Screen_And_Functionalities" name="To_validate_the_working_cancel_button_in_link_bns_popup_screen" time="1.180"/>
  <testcase classname="Bchat.TestScenarios.Account_Settings_Screen_And_Functionalities" name="To_validate_Whether_verify_button_is_enabled_without_the_word_bdx_in_bns_name" time="2.793"/>
  <testcase classname="Bchat.TestScenarios.Account_Settings_Screen_And_Functionalities" name="To_validate_whether_link_button_is_enabled_for_invalid_bns_name" time="3.353"/>
  <testcase classname="Bchat.TestScenarios.Account_Settings_Screen_And_Functionalities" name="To_Validate_Whether_the_screen_is_scrollable" time="1.068"/>
  <testcase classname="Bchat.TestScenarios.Account_Settings_Screen_And_Functionalities" name="To_Validate_the_working_of_the_FeedBack_option" time="3.518"/>
  <testcase classname="Bchat.TestScenarios.Account_Settings_Screen_And_Functionalities" name="To_Validate_whether_able_to_navigate_back_to_my_account_screen_from_gmail" time="28.026"/>
  <testcase classname="Bchat.TestScenarios.Account_Settings_Screen_And_Functionalities" name="To_Validate_the_working_of_the_FAQ_option" time="10.287"/>
  <testcase classname="Bchat.TestScenarios.Account_Settings_Screen_And_Functionalities" name="To_Validate_whether_able_to_navigate_back_to_my_account_screen_From_FAQ_Screen" time="1.927"/>
  <testcase classname="Bchat.TestScenarios.Account_Settings_Screen_And_Functionalities" name="To_Validate_the_working_of_change_log_option" time="49.153"/>
  <testcase classname="Bchat.TestScenarios.Account_Settings_Screen_And_Functionalities" name="To_Validate_the_working_of_the_dropdown" time="0.537"/>
  <testcase classname="Bchat.TestScenarios.Account_Settings_Screen_And_Functionalities" name="To_Validate_Whether_screen_is_scrollable" time="9.230"/>
  <testcase classname="Bchat.TestScenarios.Account_Settings_Screen_And_Functionalities" name="To_Validate_whether_able_to_navigate_back_to_my_account_screen_from_changeLog" time="54.189"/>
  <testcase classname="Bchat.TestScenarios.Account_Settings_Screen_And_Functionalities" name="To_Validate_the_working_of_the_Hops_Screen_without_Internet_Connection" time="130.965"/>
  <testcase classname="Bchat.TestScenarios.Account_Settings_Screen_And_Functionalities" name="To_Validate_whether_able_to_navigate_back_to_the_My_Account_Screen" time="0.897"/>
  <testcase classname="Bchat.TestScenarios.Account_Settings_Screen_And_Functionalities" name="To_Validate_the_working_of_the_Hops_Screen_with_Internet_Connection" time="52.840"/>
  <testcase classname="Bchat.TestScenarios.Account_Settings_Screen_And_Functionalities" name="To_Validate_navigation_to_the_functions_in_the_App_Lock_screen" time="29.930"/>
  <testcase classname="Bchat.TestScenarios.Account_Settings_Screen_And_Functionalities" name="To_Validate_whether_able_to_navigate_back_to_the_AccountSettings_Screen" time="0.989"/>
  <testcase classname="Bchat.TestScenarios.Account_Settings_Screen_And_Functionalities" name="To_Validate_the_Change_password_fields_with_Invalid_Old_password_value" time="34.728"/>
  <testcase classname="Bchat.TestScenarios.Account_Settings_Screen_And_Functionalities" name="To_Validate_whether_next_button_clickable_without_entering_the_values_in_all_fields" time="40.928"/>
  <testcase classname="Bchat.TestScenarios.Account_Settings_Screen_And_Functionalities" name="To_Validate_password_fields_with_valid_Old_password_and_valid_New_Password_and_invalid_ReEnter_password" time="68.722"/>
  <testcase classname="Bchat.TestScenarios.Account_Settings_Screen_And_Functionalities" name="To_Validate_whether_able_to_set_the_new_password_with_old_password_value" time="18.865"/>
  <testcase classname="Bchat.TestScenarios.Account_Settings_Screen_And_Functionalities" name="TC_To_validate_Whether_Values_In_Password_Fields_are_Editable_And_deletable" time="107.621"/>
  <testcase classname="Bchat.TestScenarios.Account_Settings_Screen_And_Functionalities" name="TC_To_Validate_the_Password_number_fields_by_entering_values_below_boundary_value_in_any_one_field" time="112.656"/>
  <testcase classname="Bchat.TestScenarios.Account_Settings_Screen_And_Functionalities" name="To_Validate_whether_values_entered_in_the_pin_number_fields_are_visible" time="59.412"/>
  <testcase classname="Bchat.TestScenarios.Account_Settings_Screen_And_Functionalities" name="To_Validate_password_fields_with_valid_Old_password_and_Valid_New_Password" time="67.197"/>
  <testcase classname="Bchat.TestScenarios.Account_Settings_Screen_And_Functionalities" name="To_Validate_the_scrolling_in_both_upward_and_downward_direction" time="121.319"/>
  <testcase classname="Bchat.TestScenarios.Account_Settings_Screen_And_Functionalities" name="To_Validate_working_of_Ok_and_Cancel_option_in_Screenlock_inactivity_timeout_functionality" time="51.861"/>
  <testcase classname="Bchat.TestScenarios.Account_Settings_Screen_And_Functionalities" name="To_Validate_whether_able_to_select_all_timing_options_in_Screenlock_inactivity_timeout_functionality_And_Selected_option_Is_displayed_in_AppLock_Screen" time="121.468"/>
  <testcase classname="Bchat.TestScenarios.Account_Settings_Screen_And_Functionalities" name="To_Validate_the_Blocked_Contacts_screen_when_there_is_no_blocked_contact" time="1.873"/>
  <testcase classname="Bchat.TestScenarios.Account_Settings_Screen_And_Functionalities" name="To_Validate_whether_blocked_contacts_is_showing" time="114.154"/>
  <testcase classname="Bchat.TestScenarios.Account_Settings_Screen_And_Functionalities" name="To_Validate_whether_able_to_navigate_back_to_AccoutSettings_screen_from_Blocked_Screen" time="2.860"/>
  <testcase classname="Bchat.TestScenarios.Account_Settings_Screen_And_Functionalities" name="To_Validate_the_working_of_cancel_button_in_unblock_users_popup" time="5.784"/>
  <testcase classname="Bchat.TestScenarios.Account_Settings_Screen_And_Functionalities" name="To_Validate_whether_able_to_unblock_the_blocked_contacts" time="0.319"/>
  <testcase classname="Bchat.TestScenarios.Account_Settings_Screen_And_Functionalities" name="To_Validate_whether_able_to__Unblock_By_multiselect_the_contacts_in_blocked_contacts_screen" time="91.311"/>
  <testcase classname="Bchat.TestScenarios.Account_Settings_Screen_And_Functionalities" name="To_Validate_whether_able_to_navigate_back_to_Account_Settings_Screen" time="28.377"/>
  <testcase classname="Bchat.TestScenarios.Account_Settings_Screen_And_Functionalities" name="To_Validate_the_working_of_cancel_button_in_all_popup" time="111.810"/>
  <testcase classname="Bchat.TestScenarios.Account_Settings_Screen_And_Functionalities" name="To_Validate_the_working_of_clear_all_data_option" time="15.088"/>
  <testcase classname="Bchat.TestScenarios.Account_Settings_Screen_And_Functionalities" name="To_Validate_the_working_of_delete_option" time="63.199"/>
</testsuite> <!-- Bchat.TestScenarios.Account_Settings_Screen_And_Functionalities -->
