<?xml version="1.0" encoding="UTF-8"?>
<!-- Generated by org.testng.reporters.JUnitReportReporter -->
<testsuite hostname="Aravind" failures="0" tests="9" name="Bchat.TestScenarios.Account_Settings_Screen_And_Functionalities" time="605.826" errors="0" timestamp="2024-11-11T19:28:06 IST" skipped="0">
  <testcase classname="Bchat.TestScenarios.Account_Settings_Screen_And_Functionalities" name="presetup" time="23.753"/>
  <testcase classname="Bchat.TestScenarios.Account_Settings_Screen_And_Functionalities" name="To_Validate_Whether_Able_to_Change_the_profile_name" time="44.440"/>
  <testcase classname="Bchat.TestScenarios.Account_Settings_Screen_And_Functionalities" name="To_Validate_Whether_Able_to_change_Profile_Name_Multiple_times" time="121.999"/>
  <testcase classname="Bchat.TestScenarios.Account_Settings_Screen_And_Functionalities" name="To_Validate_whether_profile_photo_functionality_is_enable" time="5.291"/>
  <testcase classname="Bchat.TestScenarios.Account_Settings_Screen_And_Functionalities" name="To_Validate_whether_remove_picture_button_not_clickable_when_there_is_no_profile_picture" time="18.882"/>
  <testcase classname="Bchat.TestScenarios.Account_Settings_Screen_And_Functionalities" name="To_Validate_whether_able_to_upload_picture_using_camera_option_of_the_device" time="120.637"/>
  <testcase classname="Bchat.TestScenarios.Account_Settings_Screen_And_Functionalities" name="To_Validate_whether_able_to_upload_picture_from_gallery_option_in_device" time="14.286"/>
  <testcase classname="Bchat.TestScenarios.Account_Settings_Screen_And_Functionalities" name="To_Validate_whether_able_to_remove_the_uploaded_profile_photo" time="20.806"/>
  <testcase classname="Bchat.TestScenarios.Account_Settings_Screen_And_Functionalities" name="Validate_the_working_of_upload_profile_photo_and_Edit_Display_Name_without_internet" time="235.732"/>
</testsuite> <!-- Bchat.TestScenarios.Account_Settings_Screen_And_Functionalities -->
