<?xml version="1.0" encoding="UTF-8"?>
<!-- Generated by org.testng.reporters.JUnitReportReporter -->
<testsuite hostname="Aravind" failures="0" tests="16" name="Bchat.TestScenarios.ReportIssue_screen_And_its_functionalities" time="488.890" errors="0" timestamp="2024-08-19T21:21:35 IST" skipped="0">
  <testcase classname="Bchat.TestScenarios.ReportIssue_screen_And_its_functionalities" name="preSetup" time="38.176"/>
  <testcase classname="Bchat.TestScenarios.ReportIssue_screen_And_its_functionalities" name="To_Validate_whether_able_to_navigate_back_to_home_screen" time="3.313"/>
  <testcase classname="Bchat.TestScenarios.ReportIssue_screen_And_its_functionalities" name="To_Validate_the_textbox_of_Report_Issue_functionality_is_allowing_null_value" time="2.909"/>
  <testcase classname="Bchat.TestScenarios.ReportIssue_screen_And_its_functionalities" name="To_Validate_whether_able_to_delete_the_send_report" time="97.262"/>
  <testcase classname="Bchat.TestScenarios.ReportIssue_screen_And_its_functionalities" name="To_Validate_the_textbox_of_Report_Issue_Functionality_using_special_Characters" time="9.152"/>
  <testcase classname="Bchat.TestScenarios.ReportIssue_screen_And_its_functionalities" name="To_Validate_textbox_of_Report_Issue_Functionality_using_Alaphabats_both_in_uppercase_and_lowercase" time="120.641"/>
  <testcase classname="Bchat.TestScenarios.ReportIssue_screen_And_its_functionalities" name="To_Validate_textbox_of_Report_Issue_Functionality_is_Allowing_Space_in_between_the_value" time="14.437"/>
  <testcase classname="Bchat.TestScenarios.ReportIssue_screen_And_its_functionalities" name="To_Validate_textbox_of_Report_Issue_Functionality_by_numerical_value" time="41.304"/>
  <testcase classname="Bchat.TestScenarios.ReportIssue_screen_And_its_functionalities" name="To_Validate_the_presence_of_placeholder_in_textbox_of_Report_Issue_functionality" time="10.790"/>
  <testcase classname="Bchat.TestScenarios.ReportIssue_screen_And_its_functionalities" name="To_Validate_whether_value_entered_in_textbox_of_Report_Issue_functionality_is_editable_and_deletable" time="43.631"/>
  <testcase classname="Bchat.TestScenarios.ReportIssue_screen_And_its_functionalities" name="To_Validate_whether_crusher_blink_on_clicking_textbox_of_Report_Issue_functionality" time="2.229"/>
  <testcase classname="Bchat.TestScenarios.ReportIssue_screen_And_its_functionalities" name="To_validate_whether_paste_option_is_working_on_textbox_Report_Issue_functionality" time="26.113"/>
  <testcase classname="Bchat.TestScenarios.ReportIssue_screen_And_its_functionalities" name="To_Validate_whether_able_enter_lengthy_value_in_text_box_Report_Issue_functionality" time="22.877"/>
  <testcase classname="Bchat.TestScenarios.ReportIssue_screen_And_its_functionalities" name="To_Validate_Whether_able_to_send_multiple_reports" time="12.639"/>
  <testcase classname="Bchat.TestScenarios.ReportIssue_screen_And_its_functionalities" name="To_Validate_whether_record_option_in_message_functionality_is_enable" time="35.124"/>
  <testcase classname="Bchat.TestScenarios.ReportIssue_screen_And_its_functionalities" name="To_Validate_whether_the_functions_and_icons_response_fo_touch_action" time="8.293"/>
</testsuite> <!-- Bchat.TestScenarios.ReportIssue_screen_And_its_functionalities -->
