<?xml version="1.0" encoding="UTF-8"?>
<!-- Generated by org.testng.reporters.JUnitReportReporter -->
<testsuite hostname="Aravind" failures="0" tests="15" name="Bchat.TestScenarios.My_Wallet_Screen_And_Its_Functionalities_In_restore_Account_flow" time="628.023" errors="0" timestamp="2024-08-13T20:11:30 IST" skipped="0">
  <testcase classname="Bchat.TestScenarios.My_Wallet_Screen_And_Its_Functionalities_In_restore_Account_flow" name="PreSetup" time="82.224"/>
  <testcase classname="Bchat.TestScenarios.My_Wallet_Screen_And_Its_Functionalities_In_restore_Account_flow" name="To_validate_Working_Of_blocks_syncing_while_navigate_to_homescreen_and_back_Mywallet_screen" time="31.797"/>
  <testcase classname="Bchat.TestScenarios.My_Wallet_Screen_And_Its_Functionalities_In_restore_Account_flow" name="To_validate_the_working_of_blocks_syncing_while_minimize_and_open_the_app" time="18.841"/>
  <testcase classname="Bchat.TestScenarios.My_Wallet_Screen_And_Its_Functionalities_In_restore_Account_flow" name="To_Validate_Whether_able_to_do_transactions_before_Blocks_synchronized" time="1.683"/>
  <testcase classname="Bchat.TestScenarios.My_Wallet_Screen_And_Its_Functionalities_In_restore_Account_flow" name="To_Validate_whether_transactionFilter_options_are_enabled_while_blocks_syncing" time="73.161"/>
  <testcase classname="Bchat.TestScenarios.My_Wallet_Screen_And_Its_Functionalities_In_restore_Account_flow" name="To_Validate_screen_navigation_occurs_well_inside_wallet_while_blocks_syncing" time="6.614"/>
  <testcase classname="Bchat.TestScenarios.My_Wallet_Screen_And_Its_Functionalities_In_restore_Account_flow" name="To_Validate_the_working_of_reconnect_and_rescan_option_while_blocks_syncing" time="0.716"/>
  <testcase classname="Bchat.TestScenarios.My_Wallet_Screen_And_Its_Functionalities_In_restore_Account_flow" name="To_Validate_whether_transaction_histories_are_visible" time="145.767"/>
  <testcase classname="Bchat.TestScenarios.My_Wallet_Screen_And_Its_Functionalities_In_restore_Account_flow" name="To_Validate_the_working_of_transactions_filter_by_incoming" time="28.621"/>
  <testcase classname="Bchat.TestScenarios.My_Wallet_Screen_And_Its_Functionalities_In_restore_Account_flow" name="To_Validate_the_working_of_transactions_filter_by_outgoing" time="2.195"/>
  <testcase classname="Bchat.TestScenarios.My_Wallet_Screen_And_Its_Functionalities_In_restore_Account_flow" name="To_Validate_the_working_of_cancel_button_in_filter_by_date" time="3.605"/>
  <testcase classname="Bchat.TestScenarios.My_Wallet_Screen_And_Its_Functionalities_In_restore_Account_flow" name="To_Validate_the_working_of_transactions_filter_by_date" time="87.491"/>
  <testcase classname="Bchat.TestScenarios.My_Wallet_Screen_And_Its_Functionalities_In_restore_Account_flow" name="To_Validate_the_working_of_Transaction_filter_by_date_without_selecting_both_date" time="26.894"/>
  <testcase classname="Bchat.TestScenarios.My_Wallet_Screen_And_Its_Functionalities_In_restore_Account_flow" name="To_Validate_the_working_of_Transaction_filter_by_date_without_selecting_from_date" time="59.395"/>
  <testcase classname="Bchat.TestScenarios.My_Wallet_Screen_And_Its_Functionalities_In_restore_Account_flow" name="To_Validate_the_working_of_Transactionfilter_by_date_without_selecting_To_date" time="59.019"/>
</testsuite> <!-- Bchat.TestScenarios.My_Wallet_Screen_And_Its_Functionalities_In_restore_Account_flow -->
