<?xml version="1.0" encoding="UTF-8"?>
<!-- Generated by org.testng.reporters.JUnitReportReporter -->
<testsuite hostname="Aravind" failures="0" tests="9" name="Bchat.TestScenarios.ArchivedChats_and_its_Funtionality" time="359.918" errors="0" timestamp="2024-11-08T16:51:05 IST" skipped="0">
  <testcase classname="Bchat.TestScenarios.ArchivedChats_and_its_Funtionality" name="preSetup" time="40.259"/>
  <testcase classname="Bchat.TestScenarios.ArchivedChats_and_its_Funtionality" name="To_Validate_whether_able_to_archive_all_Kind_of_chats" time="38.740"/>
  <testcase classname="Bchat.TestScenarios.ArchivedChats_and_its_Funtionality" name="To_Validate_whether_archived_chats_counts_are_showing_correctly" time="1.463"/>
  <testcase classname="Bchat.TestScenarios.ArchivedChats_and_its_Funtionality" name="To_Validate_whether_archived_chats_option_is_showing_when_chats_are_archived" time="0.138"/>
  <testcase classname="Bchat.TestScenarios.ArchivedChats_and_its_Funtionality" name="To_Validate_whether_able_to_search_the_archived_chats" time="7.163"/>
  <testcase classname="Bchat.TestScenarios.ArchivedChats_and_its_Funtionality" name="To_Validate_whether_chats_are_not_getting_unarchived_while_sending_messages" time="9.012"/>
  <testcase classname="Bchat.TestScenarios.ArchivedChats_and_its_Funtionality" name="setupFor_Restored_Account" time="147.576"/>
  <testcase classname="Bchat.TestScenarios.ArchivedChats_and_its_Funtionality" name="To_Validate_whether_chat_is_getting_unarchive_while_doing_the_call" time="92.772"/>
  <testcase classname="Bchat.TestScenarios.ArchivedChats_and_its_Funtionality" name="To_Validate_whether_able_to_archive_and_unarchive_the_chats_without_internet_connection" time="22.795"/>
</testsuite> <!-- Bchat.TestScenarios.ArchivedChats_and_its_Funtionality -->
