<?xml version="1.0" encoding="UTF-8"?>
<!-- Generated by org.testng.reporters.JUnitReportReporter -->
<testsuite hostname="Aravind" failures="0" tests="10" name="Bchat.TestScenarios.Create_Account_Flow_DisplayName_Screen_And_Functionalities" time="87.487" errors="0" timestamp="09 May 2024 12:54:36 GMT" skipped="0">
  <testcase classname="Bchat.TestScenarios.Create_Account_Flow_DisplayName_Screen_And_Functionalities" name="TC_37_To_Validate_presence_of_placeholder_in_Display_Name_Textbox" time="2.611"/>
  <testcase classname="Bchat.TestScenarios.Create_Account_Flow_DisplayName_Screen_And_Functionalities" name="TC_To_Validate_DisplayName_With_Invalid_Datas" time="5.288"/>
  <testcase classname="Bchat.TestScenarios.Create_Account_Flow_DisplayName_Screen_And_Functionalities" name="TC_To_Validate_DisplayName_With_Invalid_Datas" time="4.562"/>
  <testcase classname="Bchat.TestScenarios.Create_Account_Flow_DisplayName_Screen_And_Functionalities" name="TC_To_Validate_DisplayName_With_Invalid_Datas" time="4.042"/>
  <testcase classname="Bchat.TestScenarios.Create_Account_Flow_DisplayName_Screen_And_Functionalities" name="TC_To_Validate_DisplayName_With_Invalid_Datas" time="3.920"/>
  <testcase classname="Bchat.TestScenarios.Create_Account_Flow_DisplayName_Screen_And_Functionalities" name="TC_To_Validate_DisplayName_With_valid_Datas" time="7.458"/>
  <testcase classname="Bchat.TestScenarios.Create_Account_Flow_DisplayName_Screen_And_Functionalities" name="TC_To_Validate_DisplayName_With_valid_Datas" time="8.213"/>
  <testcase classname="Bchat.TestScenarios.Create_Account_Flow_DisplayName_Screen_And_Functionalities" name="TC_To_Validate_DisplayName_With_valid_Datas" time="10.663"/>
  <testcase classname="Bchat.TestScenarios.Create_Account_Flow_DisplayName_Screen_And_Functionalities" name="TC_To_Validate_DisplayName_With_valid_Datas" time="10.720"/>
  <testcase classname="Bchat.TestScenarios.Create_Account_Flow_DisplayName_Screen_And_Functionalities" name="TC_To_Validate_DisplayName_With_valid_Datas" time="30.010"/>
</testsuite> <!-- Bchat.TestScenarios.Create_Account_Flow_DisplayName_Screen_And_Functionalities -->
