<?xml version="1.0" encoding="UTF-8"?>
<!-- Generated by org.testng.reporters.JUnitReportReporter -->
<testsuite hostname="Aravind" failures="0" tests="5" name="Bchat.TestScenarios.Landing_Screen_And_Functionality" time="18.248" errors="0" timestamp="2024-09-19T20:30:24 IST" skipped="0">
  <testcase classname="Bchat.TestScenarios.Landing_Screen_And_Functionality" name="TC_3_Validate_whether_functions_and_buttons_is_Clickable" time="0.240"/>
  <testcase classname="Bchat.TestScenarios.Landing_Screen_And_Functionality" name="TC_8_To_Validate_whether_able_to_navigate_out_And_Open_the_App_Again" time="3.622"/>
  <testcase classname="Bchat.TestScenarios.Landing_Screen_And_Functionality" name="TC_4_To_Validate_the_navigation_to_Create_Account_screen_both_forward_and_backward_direction" time="4.967"/>
  <testcase classname="Bchat.TestScenarios.Landing_Screen_And_Functionality" name="TC_5_To_Validate_the_navigation_to_SignIn_screen_both_forward_and_backward_direction" time="4.936"/>
  <testcase classname="Bchat.TestScenarios.Landing_Screen_And_Functionality" name="TC_6_To_Validate_the_navigation_to_Terms_And_Conditions_screen_both_forward_and_backward_direction" time="4.483"/>
</testsuite> <!-- Bchat.TestScenarios.Landing_Screen_And_Functionality -->
