<?xml version="1.0" encoding="UTF-8"?>
<!-- Generated by org.testng.reporters.JUnitReportReporter -->
<testsuite hostname="Aravind" failures="0" tests="12" name="Bchat.TestScenarios.My_Account_Screen_And_its_functionalities" time="819.287" errors="0" timestamp="19 Jul 2024 12:53:48 GMT" skipped="0">
  <testcase classname="Bchat.TestScenarios.My_Account_Screen_And_its_functionalities" name="presetup" time="36.934"/>
  <testcase classname="Bchat.TestScenarios.My_Account_Screen_And_its_functionalities" name="To_validate_whether_Able_to_Copy_Bchat_ID_and_Beldex_Address" time="40.781"/>
  <testcase classname="Bchat.TestScenarios.My_Account_Screen_And_its_functionalities" name="To_Validate_Whether_Able_to_Change_the_profile_name" time="7.476"/>
  <testcase classname="Bchat.TestScenarios.My_Account_Screen_And_its_functionalities" name="To_Validate_Whether_Able_to_change_Profile_Name_Multiple_times" time="136.666"/>
  <testcase classname="Bchat.TestScenarios.My_Account_Screen_And_its_functionalities" name="To_Validate_Working_of_Share_Button" time="19.987"/>
  <testcase classname="Bchat.TestScenarios.My_Account_Screen_And_its_functionalities" name="To_Validate_the_navigation_to_home_screen" time="4.870"/>
  <testcase classname="Bchat.TestScenarios.My_Account_Screen_And_its_functionalities" name="To_Validate_whether_profile_photo_functionality_is_enable" time="3.726"/>
  <testcase classname="Bchat.TestScenarios.My_Account_Screen_And_its_functionalities" name="To_Validate_whether_remove_picture_button_not_clickable_when_there_is_no_profile_picture" time="23.069"/>
  <testcase classname="Bchat.TestScenarios.My_Account_Screen_And_its_functionalities" name="To_Validate_whether_able_to_upload_picture_from_gallery_option_in_device" time="144.269"/>
  <testcase classname="Bchat.TestScenarios.My_Account_Screen_And_its_functionalities" name="To_Validate_whether_able_to_upload_picture_using_camera_option_of_the_device" time="159.231"/>
  <testcase classname="Bchat.TestScenarios.My_Account_Screen_And_its_functionalities" name="To_Validate_whether_able_to_remove_the_uploaded_profile_photo" time="140.031"/>
  <testcase classname="Bchat.TestScenarios.My_Account_Screen_And_its_functionalities" name="Validate_the_working_of_upload_profile_photo_and_Edit_Display_Name_without_internet" time="102.247"/>
</testsuite> <!-- Bchat.TestScenarios.My_Account_Screen_And_its_functionalities -->
