<?xml version="1.0" encoding="UTF-8"?>
<!-- Generated by org.testng.reporters.JUnitReportReporter -->
<testsuite hostname="Aravind" failures="0" tests="5" name="Bchat.TestScenarios.Landing_Screen_And_Functionality" time="88.175" errors="1" timestamp="2024-11-29T13:45:07 IST" skipped="0">
  <testcase classname="Bchat.TestScenarios.Landing_Screen_And_Functionality" name="TC_3_Validate_whether_functions_and_buttons_is_Clickable" time="0.321"/>
  <testcase classname="Bchat.TestScenarios.Landing_Screen_And_Functionality" name="TC_8_To_Validate_whether_able_to_navigate_out_And_Open_the_App_Again" time="3.214"/>
  <testcase classname="Bchat.TestScenarios.Landing_Screen_And_Functionality" name="TC_4_To_Validate_the_navigation_to_Create_Account_screen_both_forward_and_backward_direction" time="3.976"/>
  <testcase classname="Bchat.TestScenarios.Landing_Screen_And_Functionality" name="TC_5_To_Validate_the_navigation_to_SignIn_screen_both_forward_and_backward_direction" time="4.762"/>
  <testcase classname="Bchat.TestScenarios.Landing_Screen_And_Functionality" name="TC_6_To_Validate_the_navigation_to_Terms_And_Conditions_screen_both_forward_and_backward_direction" time="75.902">
    <error message="The element &#039;By.id: io.beldex.bchat:id/registerButton&#039; does not exist in DOM anymore
For documentation on this error, please visit: https://www.selenium.dev/documentation/webdriver/troubleshooting/errors#stale-element-reference-exception
Build info: version: &#039;4.27.0&#039;, revision: &#039;d6e718d134&#039;
System info: os.name: &#039;Windows 11&#039;, os.arch: &#039;amd64&#039;, os.version: &#039;10.0&#039;, java.version: &#039;17.0.8&#039;
Driver info: io.appium.java_client.android.AndroidDriver
Command: [c94f2e7b-44f9-4d1d-b37b-b8b41ef85e68, isElementDisplayed {id=00000000-0000-0017-ffff-ffff00000089}]
Capabilities {appium:app: C:\Users\itsup\eclipse-work..., appium:appPackage: io.beldex.bchat, appium:appWaitActivity: io.beldex.bchat.onboarding...., appium:autoGrantPermissions: true, appium:automationName: UiAutomator2, appium:databaseEnabled: false, appium:desired: {app: C:\Users\itsup\eclipse-work..., appPackage: io.beldex.bchat, appWaitActivity: io.beldex.bchat.onboarding...., autoGrantPermissions: true, automationName: UiAutomator2, deviceName: one plus nord ce 3, fullReset: true, ignoreHiddenApiPolicyError: true, platformName: ANDROID, platformVersion: 14, udid: d6a08b3e}, appium:deviceApiLevel: 34, appium:deviceManufacturer: OnePlus, appium:deviceModel: CPH2467, appium:deviceName: d6a08b3e, appium:deviceScreenDensity: 480, appium:deviceScreenSize: 1080x2400, appium:deviceUDID: d6a08b3e, appium:fullReset: true, appium:ignoreHiddenApiPolicyError: true, appium:javascriptEnabled: true, appium:locationContextEnabled: false, appium:networkConnectionEnabled: true, appium:pixelRatio: 3, appium:platformVersion: 14, appium:statBarHeight: 107, appium:takesScreenshot: true, appium:udid: d6a08b3e, appium:viewportRect: {height: 2186, left: 0, top: 107, width: 1080}, appium:warnings: {}, appium:webStorageEnabled: false, platformName: ANDROID}
Element: [[AndroidDriver:  on ANDROID (c94f2e7b-44f9-4d1d-b37b-b8b41ef85e68)] -&gt; id: io.beldex.bchat:id/registerButton]
Session ID: c94f2e7b-44f9-4d1d-b37b-b8b41ef85e68" type="org.openqa.selenium.StaleElementReferenceException">
      <![CDATA[org.openqa.selenium.StaleElementReferenceException: The element 'By.id: io.beldex.bchat:id/registerButton' does not exist in DOM anymore
For documentation on this error, please visit: https://www.selenium.dev/documentation/webdriver/troubleshooting/errors#stale-element-reference-exception
Build info: version: '4.27.0', revision: 'd6e718d134'
System info: os.name: 'Windows 11', os.arch: 'amd64', os.version: '10.0', java.version: '17.0.8'
Driver info: io.appium.java_client.android.AndroidDriver
Command: [c94f2e7b-44f9-4d1d-b37b-b8b41ef85e68, isElementDisplayed {id=00000000-0000-0017-ffff-ffff00000089}]
Capabilities {appium:app: C:\Users\itsup\eclipse-work..., appium:appPackage: io.beldex.bchat, appium:appWaitActivity: io.beldex.bchat.onboarding...., appium:autoGrantPermissions: true, appium:automationName: UiAutomator2, appium:databaseEnabled: false, appium:desired: {app: C:\Users\itsup\eclipse-work..., appPackage: io.beldex.bchat, appWaitActivity: io.beldex.bchat.onboarding...., autoGrantPermissions: true, automationName: UiAutomator2, deviceName: one plus nord ce 3, fullReset: true, ignoreHiddenApiPolicyError: true, platformName: ANDROID, platformVersion: 14, udid: d6a08b3e}, appium:deviceApiLevel: 34, appium:deviceManufacturer: OnePlus, appium:deviceModel: CPH2467, appium:deviceName: d6a08b3e, appium:deviceScreenDensity: 480, appium:deviceScreenSize: 1080x2400, appium:deviceUDID: d6a08b3e, appium:fullReset: true, appium:ignoreHiddenApiPolicyError: true, appium:javascriptEnabled: true, appium:locationContextEnabled: false, appium:networkConnectionEnabled: true, appium:pixelRatio: 3, appium:platformVersion: 14, appium:statBarHeight: 107, appium:takesScreenshot: true, appium:udid: d6a08b3e, appium:viewportRect: {height: 2186, left: 0, top: 107, width: 1080}, appium:warnings: {}, appium:webStorageEnabled: false, platformName: ANDROID}
Element: [[AndroidDriver:  on ANDROID (c94f2e7b-44f9-4d1d-b37b-b8b41ef85e68)] -> id: io.beldex.bchat:id/registerButton]
Session ID: c94f2e7b-44f9-4d1d-b37b-b8b41ef85e68
at java.base/jdk.internal.reflect.NativeConstructorAccessorImpl.newInstance0(Native Method)
at java.base/jdk.internal.reflect.NativeConstructorAccessorImpl.newInstance(NativeConstructorAccessorImpl.java:77)
at java.base/jdk.internal.reflect.DelegatingConstructorAccessorImpl.newInstance(DelegatingConstructorAccessorImpl.java:45)
at java.base/java.lang.reflect.Constructor.newInstanceWithCaller(Constructor.java:499)
at java.base/java.lang.reflect.Constructor.newInstance(Constructor.java:480)
at org.openqa.selenium.remote.ErrorCodec.decode(ErrorCodec.java:167)
at org.openqa.selenium.remote.codec.w3c.W3CHttpResponseCodec.decode(W3CHttpResponseCodec.java:138)
at org.openqa.selenium.remote.codec.w3c.W3CHttpResponseCodec.decode(W3CHttpResponseCodec.java:50)
at org.openqa.selenium.remote.HttpCommandExecutor.execute(HttpCommandExecutor.java:190)
at io.appium.java_client.remote.AppiumCommandExecutor.execute(AppiumCommandExecutor.java:237)
at org.openqa.selenium.remote.RemoteWebDriver.execute(RemoteWebDriver.java:545)
at org.openqa.selenium.remote.RemoteWebElement.execute(RemoteWebElement.java:223)
at org.openqa.selenium.remote.RemoteWebElement.isDisplayed(RemoteWebElement.java:282)
at java.base/jdk.internal.reflect.NativeMethodAccessorImpl.invoke0(Native Method)
at java.base/jdk.internal.reflect.NativeMethodAccessorImpl.invoke(NativeMethodAccessorImpl.java:77)
at java.base/jdk.internal.reflect.DelegatingMethodAccessorImpl.invoke(DelegatingMethodAccessorImpl.java:43)
at java.base/java.lang.reflect.Method.invoke(Method.java:568)
at io.appium.java_client.pagefactory.ElementInterceptor.getObject(ElementInterceptor.java:42)
at io.appium.java_client.pagefactory.interceptors.InterceptorOfASingleElement.call(InterceptorOfASingleElement.java:79)
at io.appium.java_client.proxy.Interceptor.intercept(Interceptor.java:78)
at org.openqa.selenium.remote.RemoteWebElement$ByteBuddy$my7lrG7w.isDisplayed(Unknown Source)
at Bchat.TestScenarios.Landing_Screen_And_Functionality.TC_6_To_Validate_the_navigation_to_Terms_And_Conditions_screen_both_forward_and_backward_direction(Landing_Screen_And_Functionality.java:136)
at java.base/jdk.internal.reflect.NativeMethodAccessorImpl.invoke0(Native Method)
at java.base/jdk.internal.reflect.NativeMethodAccessorImpl.invoke(NativeMethodAccessorImpl.java:77)
at java.base/jdk.internal.reflect.DelegatingMethodAccessorImpl.invoke(DelegatingMethodAccessorImpl.java:43)
at java.base/java.lang.reflect.Method.invoke(Method.java:568)
at org.testng.internal.invokers.MethodInvocationHelper.invokeMethod(MethodInvocationHelper.java:139)
at org.testng.internal.invokers.TestInvoker.invokeMethod(TestInvoker.java:664)
at org.testng.internal.invokers.TestInvoker.invokeTestMethod(TestInvoker.java:227)
at org.testng.internal.invokers.MethodRunner.runInSequence(MethodRunner.java:50)
at org.testng.internal.invokers.TestInvoker$MethodInvocationAgent.invoke(TestInvoker.java:957)
at org.testng.internal.invokers.TestInvoker.invokeTestMethods(TestInvoker.java:200)
at org.testng.internal.invokers.TestMethodWorker.invokeTestMethods(TestMethodWorker.java:148)
at org.testng.internal.invokers.TestMethodWorker.run(TestMethodWorker.java:128)
at java.base/java.util.ArrayList.forEach(ArrayList.java:1511)
at org.testng.TestRunner.privateRun(TestRunner.java:848)
at org.testng.TestRunner.run(TestRunner.java:621)
at org.testng.SuiteRunner.runTest(SuiteRunner.java:443)
at org.testng.SuiteRunner.runSequentially(SuiteRunner.java:437)
at org.testng.SuiteRunner.privateRun(SuiteRunner.java:397)
at org.testng.SuiteRunner.run(SuiteRunner.java:336)
at org.testng.SuiteRunnerWorker.runSuite(SuiteRunnerWorker.java:52)
at org.testng.SuiteRunnerWorker.run(SuiteRunnerWorker.java:95)
at org.testng.TestNG.runSuitesSequentially(TestNG.java:1280)
at org.testng.TestNG.runSuitesLocally(TestNG.java:1200)
at org.testng.TestNG.runSuites(TestNG.java:1114)
at org.testng.TestNG.run(TestNG.java:1082)
at org.testng.remote.AbstractRemoteTestNG.run(AbstractRemoteTestNG.java:115)
at org.testng.remote.RemoteTestNG.initAndRun(RemoteTestNG.java:251)
at org.testng.remote.RemoteTestNG.main(RemoteTestNG.java:77)
]]>
    </error>
  </testcase> <!-- TC_6_To_Validate_the_navigation_to_Terms_And_Conditions_screen_both_forward_and_backward_direction -->
</testsuite> <!-- Bchat.TestScenarios.Landing_Screen_And_Functionality -->
