<?xml version="1.0" encoding="UTF-8"?>
<!-- Generated by org.testng.reporters.JUnitReportReporter -->
<testsuite hostname="Aravind" failures="0" tests="2" name="Bchat.TestScenarios.Create_Account_Flow_Register_Screen_And_Functionality" time="9.991" errors="0" timestamp="10 May 2024 09:32:17 GMT" skipped="0">
  <testcase classname="Bchat.TestScenarios.Create_Account_Flow_Register_Screen_And_Functionality" name="TC_47_To_Validate_whether_displaying_same_Name_entered_in_the_display_name_text_box" time="7.708"/>
  <testcase classname="Bchat.TestScenarios.Create_Account_Flow_Register_Screen_And_Functionality" name="TC_53_To_Validate_the_working_of_next_Button" time="2.283"/>
</testsuite> <!-- Bchat.TestScenarios.Create_Account_Flow_Register_Screen_And_Functionality -->
