<?xml version="1.0" encoding="UTF-8"?>
<!-- Generated by org.testng.reporters.JUnitReportReporter -->
<testsuite hostname="Aravind" failures="0" tests="16" name="Bchat.TestScenarios.Create_Account_Flow_DisplayName_Screen_And_Functionalities" time="144.128" errors="0" timestamp="26 Jun 2024 11:40:44 GMT" skipped="0">
  <testcase classname="Bchat.TestScenarios.Create_Account_Flow_DisplayName_Screen_And_Functionalities" name="PreSetup" time="1.546"/>
  <testcase classname="Bchat.TestScenarios.Create_Account_Flow_DisplayName_Screen_And_Functionalities" name="TC_37_To_Validate_presence_of_placeholder_in_Display_Name_Textbox" time="1.003"/>
  <testcase classname="Bchat.TestScenarios.Create_Account_Flow_DisplayName_Screen_And_Functionalities" name="TC_36_To_Validate_whether_crusher_blink_on_clicking_textbox_of_Display_Name" time="0.557"/>
  <testcase classname="Bchat.TestScenarios.Create_Account_Flow_DisplayName_Screen_And_Functionalities" name="TC_30_To_Validate_DisplayName_WithoutAny_Value" time="2.507"/>
  <testcase classname="Bchat.TestScenarios.Create_Account_Flow_DisplayName_Screen_And_Functionalities" name="TC_34_To_Validate_DisplayName_With_Empty_Value" time="4.111"/>
  <testcase classname="Bchat.TestScenarios.Create_Account_Flow_DisplayName_Screen_And_Functionalities" name="TC_31_To_Validate_DisplayName_With_Above_Boundary_Value" time="3.803"/>
  <testcase classname="Bchat.TestScenarios.Create_Account_Flow_DisplayName_Screen_And_Functionalities" name="TC_To_Validate_DisplayName_With_Invalid_Datas" time="7.715"/>
  <testcase classname="Bchat.TestScenarios.Create_Account_Flow_DisplayName_Screen_And_Functionalities" name="TC_To_Validate_DisplayName_With_Invalid_Datas" time="14.377"/>
  <testcase classname="Bchat.TestScenarios.Create_Account_Flow_DisplayName_Screen_And_Functionalities" name="TC_To_Validate_DisplayName_With_Invalid_Datas" time="5.523"/>
  <testcase classname="Bchat.TestScenarios.Create_Account_Flow_DisplayName_Screen_And_Functionalities" name="TC_To_Validate_DisplayName_With_Invalid_Datas" time="4.672"/>
  <testcase classname="Bchat.TestScenarios.Create_Account_Flow_DisplayName_Screen_And_Functionalities" name="TC_To_Validate_DisplayName_With_valid_Datas" time="15.174"/>
  <testcase classname="Bchat.TestScenarios.Create_Account_Flow_DisplayName_Screen_And_Functionalities" name="TC_To_Validate_DisplayName_With_valid_Datas" time="15.440"/>
  <testcase classname="Bchat.TestScenarios.Create_Account_Flow_DisplayName_Screen_And_Functionalities" name="TC_To_Validate_DisplayName_With_valid_Datas" time="33.414"/>
  <testcase classname="Bchat.TestScenarios.Create_Account_Flow_DisplayName_Screen_And_Functionalities" name="TC_To_Validate_DisplayName_With_valid_Datas" time="18.057"/>
  <testcase classname="Bchat.TestScenarios.Create_Account_Flow_DisplayName_Screen_And_Functionalities" name="TC_To_Validate_DisplayName_With_valid_Datas" time="8.654"/>
  <testcase classname="Bchat.TestScenarios.Create_Account_Flow_DisplayName_Screen_And_Functionalities" name="TC_39_To_Validate_Whether_Able_To_Paste_Values_In_TextBox" time="7.575"/>
</testsuite> <!-- Bchat.TestScenarios.Create_Account_Flow_DisplayName_Screen_And_Functionalities -->
