<?xml version="1.0" encoding="UTF-8"?>
<!-- Generated by org.testng.reporters.JUnitReportReporter -->
<testsuite hostname="Aravind" failures="0" tests="10" name="Bchat.TestScenarios.Create_Account_Flow_DisplayName_Screen_And_Functionalities" time="142.188" errors="0" timestamp="25 Apr 2024 13:19:03 GMT" skipped="0">
  <testcase classname="Bchat.TestScenarios.Create_Account_Flow_DisplayName_Screen_And_Functionalities" name="TC_37_To_Validate_presence_of_placeholder_in_Display_Name_Textbox" time="0.382"/>
  <testcase classname="Bchat.TestScenarios.Create_Account_Flow_DisplayName_Screen_And_Functionalities" name="TC_To_Validate_DisplayName_With_Valid_And_Invalid_Datas" time="20.817"/>
  <testcase classname="Bchat.TestScenarios.Create_Account_Flow_DisplayName_Screen_And_Functionalities" name="TC_To_Validate_DisplayName_With_Valid_And_Invalid_Datas" time="5.216"/>
  <testcase classname="Bchat.TestScenarios.Create_Account_Flow_DisplayName_Screen_And_Functionalities" name="TC_To_Validate_DisplayName_With_Valid_And_Invalid_Datas" time="14.870"/>
  <testcase classname="Bchat.TestScenarios.Create_Account_Flow_DisplayName_Screen_And_Functionalities" name="TC_To_Validate_DisplayName_With_Valid_And_Invalid_Datas" time="20.118"/>
  <testcase classname="Bchat.TestScenarios.Create_Account_Flow_DisplayName_Screen_And_Functionalities" name="TC_To_Validate_DisplayName_With_Valid_And_Invalid_Datas" time="15.713"/>
  <testcase classname="Bchat.TestScenarios.Create_Account_Flow_DisplayName_Screen_And_Functionalities" name="TC_To_Validate_DisplayName_With_Valid_And_Invalid_Datas" time="16.627"/>
  <testcase classname="Bchat.TestScenarios.Create_Account_Flow_DisplayName_Screen_And_Functionalities" name="TC_To_Validate_DisplayName_With_Valid_And_Invalid_Datas" time="20.632"/>
  <testcase classname="Bchat.TestScenarios.Create_Account_Flow_DisplayName_Screen_And_Functionalities" name="TC_To_Validate_DisplayName_With_Valid_And_Invalid_Datas" time="17.690"/>
  <testcase classname="Bchat.TestScenarios.Create_Account_Flow_DisplayName_Screen_And_Functionalities" name="TC_To_Validate_DisplayName_With_Valid_And_Invalid_Datas" time="10.123"/>
</testsuite> <!-- Bchat.TestScenarios.Create_Account_Flow_DisplayName_Screen_And_Functionalities -->
