<?xml version="1.0" encoding="UTF-8"?>
<!-- Generated by org.testng.reporters.JUnitReportReporter -->
<testsuite hostname="Aravind" failures="0" tests="14" name="Bchat.TestScenarios.New_Chat_Screen_and_its_Functionalities" time="772.118" errors="0" timestamp="2024-11-13T19:16:03 IST" skipped="0">
  <testcase classname="Bchat.TestScenarios.New_Chat_Screen_and_its_Functionalities" name="PreSetup" time="24.401"/>
  <testcase classname="Bchat.TestScenarios.New_Chat_Screen_and_its_Functionalities" name="To_Validate_the_working_of_cancel_button" time="29.746"/>
  <testcase classname="Bchat.TestScenarios.New_Chat_Screen_and_its_Functionalities" name="To_Validate_Whether_next_button_is_enable_without_enter_a_value_in_BChatID_field" time="18.606"/>
  <testcase classname="Bchat.TestScenarios.New_Chat_Screen_and_its_Functionalities" name="To_Validate_the_NewChat_by_entering_a_Invalid_BChat_ID" time="21.982"/>
  <testcase classname="Bchat.TestScenarios.New_Chat_Screen_and_its_Functionalities" name="To_validate_the_new_chat_with_invalid_bns_name" time="3.586"/>
  <testcase classname="Bchat.TestScenarios.New_Chat_Screen_and_its_Functionalities" name="To_validate_the_new_chat_without_entering_bdx_in_bns_name" time="15.344"/>
  <testcase classname="Bchat.TestScenarios.New_Chat_Screen_and_its_Functionalities" name="To_validate_the_new_chat_with_empty_space_value" time="100.160"/>
  <testcase classname="Bchat.TestScenarios.New_Chat_Screen_and_its_Functionalities" name="To_validate_the_new_chat_with_special_characters" time="72.390"/>
  <testcase classname="Bchat.TestScenarios.New_Chat_Screen_and_its_Functionalities" name="To_validate_the_new_chat_function_without_internet_connection" time="85.529"/>
  <testcase classname="Bchat.TestScenarios.New_Chat_Screen_and_its_Functionalities" name="To_validate_whether_able_to_paste_values_in_text_box" time="15.155"/>
  <testcase classname="Bchat.TestScenarios.New_Chat_Screen_and_its_Functionalities" name="To_Validate_the_New_Chat_by_entering_a_valid_BChat_ID" time="84.867"/>
  <testcase classname="Bchat.TestScenarios.New_Chat_Screen_and_its_Functionalities" name="To_validate_the_new_chat_with_valid_bns_name" time="64.206"/>
  <testcase classname="Bchat.TestScenarios.New_Chat_Screen_and_its_Functionalities" name="To_Validate_the_working_of_upload_from_gallery_option_with_valid_Qr_code_image" time="19.079"/>
  <testcase classname="Bchat.TestScenarios.New_Chat_Screen_and_its_Functionalities" name="To_Validate_the_working_of_upload_from_gallery_option_with_invalid_Qr_code_image" time="217.067"/>
</testsuite> <!-- Bchat.TestScenarios.New_Chat_Screen_and_its_Functionalities -->
