<?xml version="1.0" encoding="UTF-8"?>
<!-- Generated by org.testng.reporters.JUnitReportReporter -->
<testsuite hostname="Aravind" failures="0" tests="3" name="Bchat.TestScenarios.Home_Screen_and_its_functionalities_In_Restore_Account_Flow" time="206.422" errors="0" timestamp="2024-09-18T12:44:37 IST" skipped="0">
  <testcase classname="Bchat.TestScenarios.Home_Screen_and_its_functionalities_In_Restore_Account_Flow" name="PreSetup" time="33.671"/>
  <testcase classname="Bchat.TestScenarios.Home_Screen_and_its_functionalities_In_Restore_Account_Flow" name="To_Validate_whether_the_recent_chat_histories_are_showing" time="68.787"/>
  <testcase classname="Bchat.TestScenarios.Home_Screen_and_its_functionalities_In_Restore_Account_Flow" name="To_Validate_whether_searched_messages_are_showing_in_the_list" time="103.964"/>
</testsuite> <!-- Bchat.TestScenarios.Home_Screen_and_its_functionalities_In_Restore_Account_Flow -->
