<?xml version="1.0" encoding="UTF-8"?>
<!-- Generated by org.testng.reporters.JUnitReportReporter -->
<testsuite hostname="Aravind" failures="0" tests="6" name="Bchat.TestScenarios.Create_Account_Flow_DisplayName_Screen_And_Functionalities" time="57.352" errors="0" timestamp="10 May 2024 09:32:17 GMT" skipped="0">
  <testcase classname="Bchat.TestScenarios.Create_Account_Flow_DisplayName_Screen_And_Functionalities" name="PreSetup" time="1.862"/>
  <testcase classname="Bchat.TestScenarios.Create_Account_Flow_DisplayName_Screen_And_Functionalities" name="TC_To_Validate_DisplayName_With_valid_Datas" time="9.016"/>
  <testcase classname="Bchat.TestScenarios.Create_Account_Flow_DisplayName_Screen_And_Functionalities" name="TC_To_Validate_DisplayName_With_valid_Datas" time="11.946"/>
  <testcase classname="Bchat.TestScenarios.Create_Account_Flow_DisplayName_Screen_And_Functionalities" name="TC_To_Validate_DisplayName_With_valid_Datas" time="13.528"/>
  <testcase classname="Bchat.TestScenarios.Create_Account_Flow_DisplayName_Screen_And_Functionalities" name="TC_To_Validate_DisplayName_With_valid_Datas" time="11.407"/>
  <testcase classname="Bchat.TestScenarios.Create_Account_Flow_DisplayName_Screen_And_Functionalities" name="TC_To_Validate_DisplayName_With_valid_Datas" time="9.593"/>
</testsuite> <!-- Bchat.TestScenarios.Create_Account_Flow_DisplayName_Screen_And_Functionalities -->
