<?xml version="1.0" encoding="UTF-8"?>
<!-- Generated by org.testng.reporters.JUnitReportReporter -->
<testsuite hostname="Aravind" failures="0" tests="13" name="Bchat.TestScenarios.Home_Screen_And_Functionalities_In_Create_Account_Flow" time="579.251" errors="0" timestamp="2024-08-30T19:08:33 IST" skipped="0">
  <testcase classname="Bchat.TestScenarios.Home_Screen_And_Functionalities_In_Create_Account_Flow" name="PreSetup" time="28.764"/>
  <testcase classname="Bchat.TestScenarios.Home_Screen_And_Functionalities_In_Create_Account_Flow" name="To_Validate_the_working_of_home_Screen_without_internet_connection" time="14.526"/>
  <testcase classname="Bchat.TestScenarios.Home_Screen_And_Functionalities_In_Create_Account_Flow" name="To_Validate_whether_able_to_pin_particular_group_or_person_chat" time="34.549"/>
  <testcase classname="Bchat.TestScenarios.Home_Screen_And_Functionalities_In_Create_Account_Flow" name="To_Validate_whether_able_to_unpin_a_pinned_particular_group_or_personchat" time="68.729"/>
  <testcase classname="Bchat.TestScenarios.Home_Screen_And_Functionalities_In_Create_Account_Flow" name="To_Validate_whether_able_to_mute_notifications_of_particular_group_or_person_chat" time="6.390"/>
  <testcase classname="Bchat.TestScenarios.Home_Screen_And_Functionalities_In_Create_Account_Flow" name="To_Validate_whether_able_to_Unmute_notifications_of_muted_contacts" time="66.309"/>
  <testcase classname="Bchat.TestScenarios.Home_Screen_And_Functionalities_In_Create_Account_Flow" name="To_Validate_Whether_able_to_block_the_chat" time="7.130"/>
  <testcase classname="Bchat.TestScenarios.Home_Screen_And_Functionalities_In_Create_Account_Flow" name="To_Validate_Whether_able_to_Unblock_the_chat" time="114.363"/>
  <testcase classname="Bchat.TestScenarios.Home_Screen_And_Functionalities_In_Create_Account_Flow" name="To_Validate_whether_able_to_delete_the_chats_from_chat_history_of_home_screen" time="37.756"/>
  <testcase classname="Bchat.TestScenarios.Home_Screen_And_Functionalities_In_Create_Account_Flow" name="To_Validate_the_working_of_notification_settings_mention_options_in_group_chat" time="39.841"/>
  <testcase classname="Bchat.TestScenarios.Home_Screen_And_Functionalities_In_Create_Account_Flow" name="To_Validate_the_working_of_notification_settings_All_options_in_group_chat" time="73.242"/>
  <testcase classname="Bchat.TestScenarios.Home_Screen_And_Functionalities_In_Create_Account_Flow" name="To_Validate_the_Working_of_cancel_button_in_All_popup" time="17.877"/>
  <testcase classname="Bchat.TestScenarios.Home_Screen_And_Functionalities_In_Create_Account_Flow" name="To_Validate_the_working_of_Mark_All_As_Read_option" time="69.775"/>
</testsuite> <!-- Bchat.TestScenarios.Home_Screen_And_Functionalities_In_Create_Account_Flow -->
