<?xml version="1.0" encoding="UTF-8"?>
<!-- Generated by org.testng.reporters.JUnitReportReporter -->
<testsuite hostname="Aravind" failures="0" tests="3" name="Bchat.TestScenarios.ClearData_Screen_And_its_Functionalities" time="218.803" errors="0" timestamp="2024-09-18T12:44:37 IST" skipped="0">
  <testcase classname="Bchat.TestScenarios.ClearData_Screen_And_its_Functionalities" name="preSetup" time="67.972"/>
  <testcase classname="Bchat.TestScenarios.ClearData_Screen_And_its_Functionalities" name="To_Validate_the_working_of_clear_all_data_option" time="64.941"/>
  <testcase classname="Bchat.TestScenarios.ClearData_Screen_And_its_Functionalities" name="To_Validate_the_working_of_delete_option" time="85.890"/>
</testsuite> <!-- Bchat.TestScenarios.ClearData_Screen_And_its_Functionalities -->
