<?xml version="1.0" encoding="UTF-8"?>
<!-- Generated by org.testng.reporters.JUnitReportReporter -->
<testsuite hostname="Aravind" failures="0" tests="3" name="Bchat.TestScenarios.Landing_Screen_And_Functionality" time="21.062" errors="0" timestamp="10 May 2024 09:32:17 GMT" skipped="0">
  <testcase classname="Bchat.TestScenarios.Landing_Screen_And_Functionality" name="TC_4_To_Validate_the_navigation_to_Create_Account_screen_both_forward_and_backward_direction" time="5.914"/>
  <testcase classname="Bchat.TestScenarios.Landing_Screen_And_Functionality" name="TC_5_To_Validate_the_navigation_to_SignIn_screen_both_forward_and_backward_direction" time="6.142"/>
  <testcase classname="Bchat.TestScenarios.Landing_Screen_And_Functionality" name="TC_6_To_Validate_the_navigation_to_Terms_And_Conditions_screen_both_forward_and_backward_direction" time="9.006"/>
</testsuite> <!-- Bchat.TestScenarios.Landing_Screen_And_Functionality -->
