<?xml version="1.0" encoding="UTF-8"?>
<!-- Generated by org.testng.reporters.JUnitReportReporter -->
<testsuite hostname="Aravind" failures="0" tests="14" name="Bchat.TestScenarios.New_Chat_Screen_and_its_Functionalities" time="390.136" errors="0" timestamp="2024-08-21T20:42:08 IST" skipped="0">
  <testcase classname="Bchat.TestScenarios.New_Chat_Screen_and_its_Functionalities" name="PreSetup" time="25.391"/>
  <testcase classname="Bchat.TestScenarios.New_Chat_Screen_and_its_Functionalities" name="To_Validate_Whether_next_button_is_enable_without_enter_a_value_in_BChatID_field" time="38.998"/>
  <testcase classname="Bchat.TestScenarios.New_Chat_Screen_and_its_Functionalities" name="To_Validate_the_NewChat_by_entering_a_Invalid_BChat_ID" time="5.575"/>
  <testcase classname="Bchat.TestScenarios.New_Chat_Screen_and_its_Functionalities" name="To_validate_the_new_chat_with_invalid_bns_name" time="15.903"/>
  <testcase classname="Bchat.TestScenarios.New_Chat_Screen_and_its_Functionalities" name="To_validate_the_new_chat_without_entering_bdx_in_bns_name" time="51.135"/>
  <testcase classname="Bchat.TestScenarios.New_Chat_Screen_and_its_Functionalities" name="To_validate_the_new_chat_with_empty_space_value" time="97.304"/>
  <testcase classname="Bchat.TestScenarios.New_Chat_Screen_and_its_Functionalities" name="To_validate_the_new_chat_with_special_characters" time="3.193"/>
  <testcase classname="Bchat.TestScenarios.New_Chat_Screen_and_its_Functionalities" name="To_validate_the_new_chat_function_without_internet_connection" time="33.873"/>
  <testcase classname="Bchat.TestScenarios.New_Chat_Screen_and_its_Functionalities" name="To_validate_whether_able_to_paste_values_in_text_box" time="3.794"/>
  <testcase classname="Bchat.TestScenarios.New_Chat_Screen_and_its_Functionalities" name="To_Validate_the_New_Chat_by_entering_a_valid_BChat_ID" time="26.378"/>
  <testcase classname="Bchat.TestScenarios.New_Chat_Screen_and_its_Functionalities" name="To_validate_the_new_chat_with_valid_bns_name" time="21.157"/>
  <testcase classname="Bchat.TestScenarios.New_Chat_Screen_and_its_Functionalities" name="To_Validate_the_working_of_upload_from_gallery_option_with_valid_Qr_code_image" time="41.137"/>
  <testcase classname="Bchat.TestScenarios.New_Chat_Screen_and_its_Functionalities" name="To_validate_the_working_of_upload_from_gallery_option_with_normal_image" time="26.297"/>
  <testcase classname="Bchat.TestScenarios.New_Chat_Screen_and_its_Functionalities" name="To_Validate_the_working_of_upload_from_gallery_option_with_invalid_Qr_code_image" time="0.001"/>
</testsuite> <!-- Bchat.TestScenarios.New_Chat_Screen_and_its_Functionalities -->
