<?xml version="1.0" encoding="UTF-8"?>
<!-- Generated by org.testng.reporters.JUnitReportReporter -->
<testsuite hostname="Aravind" failures="0" tests="10" name="Bchat.TestScenarios.Account_Settings_Screen_And_Functionalities" time="159.387" errors="0" timestamp="2024-07-26T19:27:56 IST" skipped="0">
  <testcase classname="Bchat.TestScenarios.Account_Settings_Screen_And_Functionalities" name="presetup" time="24.304"/>
  <testcase classname="Bchat.TestScenarios.Account_Settings_Screen_And_Functionalities" name="To_Validate_Whether_the_screen_is_scrollable" time="1.386"/>
  <testcase classname="Bchat.TestScenarios.Account_Settings_Screen_And_Functionalities" name="To_Validate_the_working_of_the_FeedBack_option" time="3.582"/>
  <testcase classname="Bchat.TestScenarios.Account_Settings_Screen_And_Functionalities" name="To_Validate_whether_able_to_navigate_back_to_my_account_screen_from_gmail" time="17.213"/>
  <testcase classname="Bchat.TestScenarios.Account_Settings_Screen_And_Functionalities" name="To_Validate_the_working_of_the_FAQ_option" time="47.382"/>
  <testcase classname="Bchat.TestScenarios.Account_Settings_Screen_And_Functionalities" name="To_Validate_whether_able_to_navigate_back_to_my_account_screen" time="2.432"/>
  <testcase classname="Bchat.TestScenarios.Account_Settings_Screen_And_Functionalities" name="To_Validate_the_working_of_change_log_option" time="1.942"/>
  <testcase classname="Bchat.TestScenarios.Account_Settings_Screen_And_Functionalities" name="To_Validate_the_working_of_the_dropdown" time="8.245"/>
  <testcase classname="Bchat.TestScenarios.Account_Settings_Screen_And_Functionalities" name="To_Validate_Whether_screen_is_scrollable" time="51.659"/>
  <testcase classname="Bchat.TestScenarios.Account_Settings_Screen_And_Functionalities" name="To_Validate_whether_able_to_navigate_back_to_my_account_screen_from_changeLog" time="1.242"/>
</testsuite> <!-- Bchat.TestScenarios.Account_Settings_Screen_And_Functionalities -->
