<?xml version="1.0" encoding="UTF-8"?>
<!-- Generated by org.testng.reporters.JUnitReportReporter -->
<testsuite hostname="Aravind" failures="0" tests="2" name="Bchat.TestScenarios.CreatePassword_Screen_And_its_Functionalities" time="18.368" errors="0" timestamp="26 Jun 2024 13:17:34 GMT" skipped="0">
  <testcase classname="Bchat.TestScenarios.CreatePassword_Screen_And_its_Functionalities" name="preSetup" time="9.044"/>
  <testcase classname="Bchat.TestScenarios.CreatePassword_Screen_And_its_Functionalities" name="setpassword1" time="9.324"/>
</testsuite> <!-- Bchat.TestScenarios.CreatePassword_Screen_And_its_Functionalities -->
