<?xml version="1.0" encoding="UTF-8"?>
<!-- Generated by org.testng.reporters.JUnitReportReporter -->
<testsuite hostname="Aravind" failures="0" tests="6" name="Bchat.TestScenarios.Home_Screen_And_Functionalities" time="39.594" errors="0" timestamp="10 May 2024 13:20:11 GMT" skipped="0">
  <testcase classname="Bchat.TestScenarios.Home_Screen_And_Functionalities" name="PreSetup" time="20.648"/>
  <testcase classname="Bchat.TestScenarios.Home_Screen_And_Functionalities" name="To_Validate_navigation_from_the_home_screen_in_both_forward_and_backward_direction" time="5.177"/>
  <testcase classname="Bchat.TestScenarios.Home_Screen_And_Functionalities" name="To_Validate_the_blank_screen_While_creating_new_Account" time="0.402"/>
  <testcase classname="Bchat.TestScenarios.Home_Screen_And_Functionalities" name="To_Validate_the_Navigation_to_the_settings_screen_in_both_forward_and_backward_direction" time="2.822"/>
  <testcase classname="Bchat.TestScenarios.Home_Screen_And_Functionalities" name="To_Validate_the_Navigation_to_the_search_screen_in_both_forward_and_backward_direction" time="10.064"/>
  <testcase classname="Bchat.TestScenarios.Home_Screen_And_Functionalities" name="To_Validate_the_presence_of_placeholder_in_the_text_box" time="0.481"/>
</testsuite> <!-- Bchat.TestScenarios.Home_Screen_And_Functionalities -->
