<?xml version="1.0" encoding="UTF-8"?>
<!-- Generated by org.testng.reporters.JUnitReportReporter -->
<testsuite hostname="Aravind" failures="0" tests="2" name="Bchat.TestScenarios.demo1" time="0.002" errors="0" timestamp="09 May 2024 11:48:02 GMT" skipped="0">
  <testcase classname="Bchat.TestScenarios.demo1" name="method3" time="0.001"/>
  <testcase classname="Bchat.TestScenarios.demo1" name="method4" time="0.001"/>
</testsuite> <!-- Bchat.TestScenarios.demo1 -->
