<?xml version="1.0" encoding="UTF-8"?>
<!-- Generated by org.testng.reporters.JUnitReportReporter -->
<testsuite hostname="Aravind" failures="0" tests="8" name="Bchat.TestScenarios.CreatePassword_Screen_And_its_Functionalities" time="317.423" errors="0" timestamp="02 Jul 2024 12:56:07 GMT" skipped="0">
  <testcase classname="Bchat.TestScenarios.CreatePassword_Screen_And_its_Functionalities" name="preSetup" time="8.641"/>
  <testcase classname="Bchat.TestScenarios.CreatePassword_Screen_And_its_Functionalities" name="TC_60_To_Validate_the_next_function_without_entering_a_value_in_Enter_password_and_ReEnter_password" time="2.992"/>
  <testcase classname="Bchat.TestScenarios.CreatePassword_Screen_And_its_Functionalities" name="TC_57_To_Validate_with_Valid_value_in_enter_password_field_and_Invalid_value_in_ReEnter_password_field" time="64.711"/>
  <testcase classname="Bchat.TestScenarios.CreatePassword_Screen_And_its_Functionalities" name="TC_62_To_Validate_the_next_function_with_value_only_In_Enter_password_Field" time="29.044"/>
  <testcase classname="Bchat.TestScenarios.CreatePassword_Screen_And_its_Functionalities" name="TC_66_To_Validate_the_Password_number_fields_by_entering_values_below_boundary_value_in_any_one_field" time="22.709"/>
  <testcase classname="Bchat.TestScenarios.CreatePassword_Screen_And_its_Functionalities" name="TC_76_And_77_To_validate_Whether_Values_In_Password_Fields_are_Editable_And_deletable" time="24.249"/>
  <testcase classname="Bchat.TestScenarios.CreatePassword_Screen_And_its_Functionalities" name="TC_59_To_Validate_with_Valid_value_in_enter_password_field_and_Invalid_value_in_ReEnter_password_field_and_repeat_it_for_multiple_time" time="108.455"/>
  <testcase classname="Bchat.TestScenarios.CreatePassword_Screen_And_its_Functionalities" name="TC_58_To_Validate_with_Valid_value_in_both_enter_password_field_and_in_ReEnter_password_field" time="56.622"/>
</testsuite> <!-- Bchat.TestScenarios.CreatePassword_Screen_And_its_Functionalities -->
