<?xml version="1.0" encoding="UTF-8"?>
<!-- Generated by org.testng.reporters.JUnitReportReporter -->
<testsuite hostname="Aravind" failures="0" tests="2" name="Bchat.TestScenarios.demo" time="0.005" errors="0" timestamp="09 May 2024 11:48:02 GMT" skipped="0">
  <testcase classname="Bchat.TestScenarios.demo" name="method1" time="0.004"/>
  <testcase classname="Bchat.TestScenarios.demo" name="method2" time="0.001"/>
</testsuite> <!-- Bchat.TestScenarios.demo -->
