<?xml version="1.0" encoding="UTF-8"?>
<!-- Generated by org.testng.reporters.JUnitReportReporter -->
<testsuite hostname="Aravind" failures="0" tests="5" name="Bchat.TestScenarios.Recovery_Seed_Screen_And_Its_Functionality" time="209.478" errors="0" timestamp="2024-08-02T18:30:04 IST" skipped="0">
  <testcase classname="Bchat.TestScenarios.Recovery_Seed_Screen_And_Its_Functionality" name="Presetup" time="48.391"/>
  <testcase classname="Bchat.TestScenarios.Recovery_Seed_Screen_And_Its_Functionality" name="To_Validate_whether_value_entered_in_pin_field_is_deletable_and_Editable" time="84.638"/>
  <testcase classname="Bchat.TestScenarios.Recovery_Seed_Screen_And_Its_Functionality" name="To_Validate_the_password_word_functionality_in_recover_seed_screen_with_Invalid_pin" time="18.091"/>
  <testcase classname="Bchat.TestScenarios.Recovery_Seed_Screen_And_Its_Functionality" name="To_Validate_the_password_word_functionality_in_recover_seed_screen_with_valid_pin" time="3.771"/>
  <testcase classname="Bchat.TestScenarios.Recovery_Seed_Screen_And_Its_Functionality" name="To_Validate_whether_able_to_copy_the_seed" time="54.587"/>
</testsuite> <!-- Bchat.TestScenarios.Recovery_Seed_Screen_And_Its_Functionality -->
