<?xml version="1.0" encoding="UTF-8"?>
<!-- Generated by org.testng.reporters.JUnitReportReporter -->
<testsuite hostname="Aravind" failures="0" tests="39" name="Bchat.TestScenarios.SignIn_Flow_seed_Screen" time="937.743" errors="0" timestamp="2024-09-19T20:30:24 IST" skipped="0">
  <testcase classname="Bchat.TestScenarios.SignIn_Flow_seed_Screen" name="PreSetup" time="1.848"/>
  <testcase classname="Bchat.TestScenarios.SignIn_Flow_seed_Screen" name="TC_94_To_Validate_Whether_Able_to_Navigate_Previous_screen" time="3.627"/>
  <testcase classname="Bchat.TestScenarios.SignIn_Flow_seed_Screen" name="TC_96_To_Validate_the_presence_of_placeholder_in_the_Restore_From_seed_text_box" time="1.210"/>
  <testcase classname="Bchat.TestScenarios.SignIn_Flow_seed_Screen" name="TC_95_To_Validate_whether_crusher_blink_on_clicking_the_Restore_From_Seed_text_Box" time="1.530"/>
  <testcase classname="Bchat.TestScenarios.SignIn_Flow_seed_Screen" name="TC_102_To_Validate_the_working_of_the_next_option_without_entering_seed" time="0.347"/>
  <testcase classname="Bchat.TestScenarios.SignIn_Flow_seed_Screen" name="TC_92_To_Validate_whether_able_to_paste_the_copied_seed" time="3.385"/>
  <testcase classname="Bchat.TestScenarios.SignIn_Flow_seed_Screen" name="TC_93_To_Validate_whether_able_to_clear_the_entered_seed" time="0.994"/>
  <testcase classname="Bchat.TestScenarios.SignIn_Flow_seed_Screen" name="TC_98_To_Validate_the_text_box_of_the_restore_from_screen_by_entering_values_below_boundary_value" time="3.417"/>
  <testcase classname="Bchat.TestScenarios.SignIn_Flow_seed_Screen" name="TC_97_To_Validate_the_text_box_of_the_restore_from_seed_by_entering_values_above_boundary_value" time="3.092"/>
  <testcase classname="Bchat.TestScenarios.SignIn_Flow_seed_Screen" name="TC_99_To_Validate_whether_able_to_type_a_seed" time="30.216"/>
  <testcase classname="Bchat.TestScenarios.SignIn_Flow_seed_Screen" name="TC_105_To_Validate_Whether_Entered_seed_is_editable" time="6.047"/>
  <testcase classname="Bchat.TestScenarios.SignIn_Flow_seed_Screen" name="TC_103_To_Validate_the_working_of_the_next_option_by_entering_Invalid_seed" time="10.690"/>
  <testcase classname="Bchat.TestScenarios.SignIn_Flow_seed_Screen" name="TC_103_To_Validate_the_working_of_the_next_option_by_entering_Invalid_seed" time="51.852"/>
  <testcase classname="Bchat.TestScenarios.SignIn_Flow_seed_Screen" name="TC_103_To_Validate_the_working_of_the_next_option_by_entering_Invalid_seed" time="23.320"/>
  <testcase classname="Bchat.TestScenarios.SignIn_Flow_seed_Screen" name="TC_103_To_Validate_the_working_of_the_next_option_by_entering_Invalid_seed" time="26.775"/>
  <testcase classname="Bchat.TestScenarios.SignIn_Flow_seed_Screen" name="TC_103_To_Validate_the_working_of_the_next_option_by_entering_Invalid_seed" time="32.732"/>
  <testcase classname="Bchat.TestScenarios.SignIn_Flow_seed_Screen" name="TC_100_To_Validate_the_working_of_next_option_by_pasting_25_blank_space_value" time="3.821"/>
  <testcase classname="Bchat.TestScenarios.SignIn_Flow_seed_Screen" name="TC_104_To_Validate_the_working_of_the_next_option_by_entering_Valid_seed" time="22.595"/>
  <testcase classname="Bchat.TestScenarios.SignIn_Flow_seed_Screen" name="TC_115_To_Validate_the_presence_of_placeholder_in_the_text_box_of_the_screen" time="10.808"/>
  <testcase classname="Bchat.TestScenarios.SignIn_Flow_seed_Screen" name="TC_108_To_Validate_the_working_of_restore_without_Entering_value_in_display_name_restore_from_blockheight_and_restore_from_date" time="33.108"/>
  <testcase classname="Bchat.TestScenarios.SignIn_Flow_seed_Screen" name="TC_109_To_Validate_the_working_of_the_restore_option_with_valid_display_name_and_Without_entering_both_blockheight_and_restore_from_date" time="6.180"/>
  <testcase classname="Bchat.TestScenarios.SignIn_Flow_seed_Screen" name="TC_112_To_Validate_the_working_of_the_restore_option_with_valid_display_name_and_Invalid_blockheight" time="14.958"/>
  <testcase classname="Bchat.TestScenarios.SignIn_Flow_seed_Screen" name="TC_113_To_Validate_working_of_restore_option_with_Invalid_display_name_and_Invalid_blockheight" time="14.914"/>
  <testcase classname="Bchat.TestScenarios.SignIn_Flow_seed_Screen" name="TC_111_And_116_To_Validate_the_working_of_the_restore_option_with_Invalid_display_names_and_valid_blockheight_and_Date" time="67.740"/>
  <testcase classname="Bchat.TestScenarios.SignIn_Flow_seed_Screen" name="TC_111_And_116_To_Validate_the_working_of_the_restore_option_with_Invalid_display_names_and_valid_blockheight_and_Date" time="57.519"/>
  <testcase classname="Bchat.TestScenarios.SignIn_Flow_seed_Screen" name="TC_111_And_116_To_Validate_the_working_of_the_restore_option_with_Invalid_display_names_and_valid_blockheight_and_Date" time="50.762"/>
  <testcase classname="Bchat.TestScenarios.SignIn_Flow_seed_Screen" name="TC_111_And_116_To_Validate_the_working_of_the_restore_option_with_Invalid_display_names_and_valid_blockheight_and_Date" time="47.968"/>
  <testcase classname="Bchat.TestScenarios.SignIn_Flow_seed_Screen" name="TC_110_To_Validate_the_working_of_the_restore_option_with_valid_datas_display_name_and_valid_blockheight" time="21.870"/>
  <testcase classname="Bchat.TestScenarios.SignIn_Flow_seed_Screen" name="TC_110_To_Validate_the_working_of_the_restore_option_with_valid_datas_display_name_and_valid_blockheight" time="57.772"/>
  <testcase classname="Bchat.TestScenarios.SignIn_Flow_seed_Screen" name="TC_110_To_Validate_the_working_of_the_restore_option_with_valid_datas_display_name_and_valid_blockheight" time="74.469"/>
  <testcase classname="Bchat.TestScenarios.SignIn_Flow_seed_Screen" name="TC_110_To_Validate_the_working_of_the_restore_option_with_valid_datas_display_name_and_valid_blockheight" time="23.043"/>
  <testcase classname="Bchat.TestScenarios.SignIn_Flow_seed_Screen" name="TC_110_To_Validate_the_working_of_the_restore_option_with_valid_datas_display_name_and_valid_blockheight" time="28.534"/>
  <testcase classname="Bchat.TestScenarios.SignIn_Flow_seed_Screen" name="TC_117_To_Validate_whether_able_to_select_the_future_date_in_restore_from_date_calendar" time="5.947"/>
  <testcase classname="Bchat.TestScenarios.SignIn_Flow_seed_Screen" name="TC_122_To_Validate_DisplayName_With_Above_Boundary_Value" time="25.904"/>
  <testcase classname="Bchat.TestScenarios.SignIn_Flow_seed_Screen" name="TC_120_To_Validate_whether_able_to_paste_Alphabets_Values_in_blockheight_textbox" time="13.345"/>
  <testcase classname="Bchat.TestScenarios.SignIn_Flow_seed_Screen" name="TC_To_Validate_whether_able_to_paste_Speical_Character_Values_in_blockheight_textbox" time="8.071"/>
  <testcase classname="Bchat.TestScenarios.SignIn_Flow_seed_Screen" name="TC_119_To_validate_the_working_of_the_restore_option_by_paste_values_in_textboxes" time="29.723"/>
  <testcase classname="Bchat.TestScenarios.SignIn_Flow_seed_Screen" name="TC_118_To_Validate_the_working_of_the_restore_with_valid_display_name_and_valid_restore_date" time="26.866"/>
  <testcase classname="Bchat.TestScenarios.SignIn_Flow_seed_Screen" name="TC_TO_validate_Navigation_To_home_with_Valid_Password" time="90.744"/>
</testsuite> <!-- Bchat.TestScenarios.SignIn_Flow_seed_Screen -->
