<?xml version="1.0" encoding="UTF-8"?>
<!-- Generated by org.testng.reporters.JUnitReportReporter -->
<testsuite hostname="Aravind" failures="0" tests="16" name="Bchat.TestScenarios.New_Screen_And_Its_Functionalities" time="281.812" errors="0" timestamp="2024-12-03T17:44:43 IST" skipped="0">
  <testcase classname="Bchat.TestScenarios.New_Screen_And_Its_Functionalities" name="PreSetup" time="27.894"/>
  <testcase classname="Bchat.TestScenarios.New_Screen_And_Its_Functionalities" name="To_Validate_whether_able_to_navigate_back_to_HomeScreen" time="55.032"/>
  <testcase classname="Bchat.TestScenarios.New_Screen_And_Its_Functionalities" name="To_Validate_whether_suggested_social_groups_showing" time="5.333"/>
  <testcase classname="Bchat.TestScenarios.New_Screen_And_Its_Functionalities" name="To_Validate_next_option_in_Join_SocialGroup_by_entering_a_Invalid_URL" time="35.608"/>
  <testcase classname="Bchat.TestScenarios.New_Screen_And_Its_Functionalities" name="To_Validate_whether_able_to_join_the_groups_shown_in_suggestion" time="9.599"/>
  <testcase classname="Bchat.TestScenarios.New_Screen_And_Its_Functionalities" name="To_Validate_the_next_option_without_entering_values_in_url" time="2.014"/>
  <testcase classname="Bchat.TestScenarios.New_Screen_And_Its_Functionalities" name="To_Validate_the_presence_of_placeholder_inside_the_textbox" time="0.291"/>
  <testcase classname="Bchat.TestScenarios.New_Screen_And_Its_Functionalities" name="To_Validate_the_next_option_in_join_socialGroup_with_empty_space_value" time="68.139"/>
  <testcase classname="Bchat.TestScenarios.New_Screen_And_Its_Functionalities" name="To_Validate_the_textbox_of_join_socialGroup_using_special_Characters" time="0.693"/>
  <testcase classname="Bchat.TestScenarios.New_Screen_And_Its_Functionalities" name="To_Validate_Whether_value_entered_inside_textbox_is_editable" time="38.772"/>
  <testcase classname="Bchat.TestScenarios.New_Screen_And_Its_Functionalities" name="To_Validate_Whether_able_to_paste_values_in_textbox" time="1.571"/>
  <testcase classname="Bchat.TestScenarios.New_Screen_And_Its_Functionalities" name="To_Validate_the_textbox_of_join_socialGroup_using_numerical_values" time="6.606"/>
  <testcase classname="Bchat.TestScenarios.New_Screen_And_Its_Functionalities" name="To_Validate_the_textbox_of_join_socialGroup_using_Alphabets_both_in_upperCase_and_lowerCase" time="1.657"/>
  <testcase classname="Bchat.TestScenarios.New_Screen_And_Its_Functionalities" name="To_Validate_next_option_in_Join_SocialGroup_by_entering_a_valid_URL" time="11.071"/>
  <testcase classname="Bchat.TestScenarios.New_Screen_And_Its_Functionalities" name="To_Validate_whether_able_to_join_socialGroup_without_internet_connection" time="14.452"/>
  <testcase classname="Bchat.TestScenarios.New_Screen_And_Its_Functionalities" name="To_validate_whether_cursor_blinks_while_clicking_the_textbox" time="3.080"/>
</testsuite> <!-- Bchat.TestScenarios.New_Screen_And_Its_Functionalities -->
