<?xml version="1.0" encoding="UTF-8"?>
<!-- Generated by org.testng.reporters.JUnitReportReporter -->
<testsuite hostname="Aravind" failures="0" tests="9" name="Bchat.TestScenarios.Recovery_Seed_Screen_And_Its_Functionality" time="164.727" errors="0" timestamp="2024-09-16T21:04:46 IST" skipped="0">
  <testcase classname="Bchat.TestScenarios.Recovery_Seed_Screen_And_Its_Functionality" name="Presetup" time="24.627"/>
  <testcase classname="Bchat.TestScenarios.Recovery_Seed_Screen_And_Its_Functionality" name="To_Validate_whether_able_to_navigate_back_to_home_screen" time="2.144"/>
  <testcase classname="Bchat.TestScenarios.Recovery_Seed_Screen_And_Its_Functionality" name="To_Validate_the_working_of_yesIm_Safe_button" time="11.843"/>
  <testcase classname="Bchat.TestScenarios.Recovery_Seed_Screen_And_Its_Functionality" name="To_validate_Wehther_able_to_navigate_back_to_previous_screen_from_pin_screen" time="1.595"/>
  <testcase classname="Bchat.TestScenarios.Recovery_Seed_Screen_And_Its_Functionality" name="To_Validate_whether_the_value_entered_in_pin_field_is_visible" time="27.328"/>
  <testcase classname="Bchat.TestScenarios.Recovery_Seed_Screen_And_Its_Functionality" name="To_Validate_whether_value_entered_in_pin_field_is_deletable_and_Editable" time="56.948"/>
  <testcase classname="Bchat.TestScenarios.Recovery_Seed_Screen_And_Its_Functionality" name="To_Validate_the_password_word_functionality_in_recover_seed_screen_with_Invalid_pin" time="34.064"/>
  <testcase classname="Bchat.TestScenarios.Recovery_Seed_Screen_And_Its_Functionality" name="To_Validate_the_password_word_functionality_in_recover_seed_screen_with_valid_pin" time="1.748"/>
  <testcase classname="Bchat.TestScenarios.Recovery_Seed_Screen_And_Its_Functionality" name="To_Validate_whether_able_to_copy_the_seed" time="4.430"/>
</testsuite> <!-- Bchat.TestScenarios.Recovery_Seed_Screen_And_Its_Functionality -->
