<?xml version="1.0" encoding="UTF-8"?>
<!-- Generated by org.testng.reporters.JUnitReportReporter -->
<testsuite hostname="Aravind" failures="0" tests="8" name="Bchat.TestScenarios.Notification_Screen_And_Its_Functionalities" time="103.797" errors="0" timestamp="2024-07-31T20:04:30 IST" skipped="0">
  <testcase classname="Bchat.TestScenarios.Notification_Screen_And_Its_Functionalities" name="PreSetup" time="47.255"/>
  <testcase classname="Bchat.TestScenarios.Notification_Screen_And_Its_Functionalities" name="To_Validate_Whether_Able_To_Navigate_Back_To_The_Settings_Screen" time="1.520"/>
  <testcase classname="Bchat.TestScenarios.Notification_Screen_And_Its_Functionalities" name="To_Validate_all_options_in_Nofication_screen_is_enable_if_All_Notications_in_ON_Condition" time="12.308"/>
  <testcase classname="Bchat.TestScenarios.Notification_Screen_And_Its_Functionalities" name="To_Validate_all_options_in_Nofication_screen_is_enable_if_All_Notications_in_Off_Condition" time="0.967"/>
  <testcase classname="Bchat.TestScenarios.Notification_Screen_And_Its_Functionalities" name="To_validate_the_navigation_of_priority_option" time="14.721"/>
  <testcase classname="Bchat.TestScenarios.Notification_Screen_And_Its_Functionalities" name="To_Validate_the_working_of_all_radio_buttons_in_notification_content" time="5.280"/>
  <testcase classname="Bchat.TestScenarios.Notification_Screen_And_Its_Functionalities" name="To_Validate_whether_the_selected_radio_button_is_highlighted_in_show_option_of_noftication_content" time="9.312"/>
  <testcase classname="Bchat.TestScenarios.Notification_Screen_And_Its_Functionalities" name="To_Validate_the_working_of_cancel_button_in_Show_popup_screen" time="12.434"/>
</testsuite> <!-- Bchat.TestScenarios.Notification_Screen_And_Its_Functionalities -->
