<?xml version="1.0" encoding="UTF-8"?>
<!-- Generated by org.testng.reporters.JUnitReportReporter -->
<testsuite hostname="Aravind" failures="0" tests="2" name="Bchat.TestScenarios.Account_Settings_Screen_And_Functionalities" time="62.726" errors="0" timestamp="16 Jul 2024 15:40:20 GMT" skipped="0">
  <testcase classname="Bchat.TestScenarios.Account_Settings_Screen_And_Functionalities" name="presetup" time="61.138"/>
  <testcase classname="Bchat.TestScenarios.Account_Settings_Screen_And_Functionalities" name="To_Validate_Whether_the_screen_is_scrollable" time="1.588"/>
</testsuite> <!-- Bchat.TestScenarios.Account_Settings_Screen_And_Functionalities -->
