<?xml version="1.0" encoding="UTF-8"?>
<!-- Generated by org.testng.reporters.JUnitReportReporter -->
<testsuite hostname="Aravind" failures="0" tests="1" name="Bchat.TestScenarios.demo" time="7.909" errors="0" timestamp="23 Apr 2024 09:52:07 GMT" skipped="0">
  <testcase classname="Bchat.TestScenarios.demo" name="openapplandingpage" time="7.909"/>
</testsuite> <!-- Bchat.TestScenarios.demo -->
