<?xml version="1.0" encoding="UTF-8"?>
<!-- Generated by org.testng.reporters.JUnitReportReporter -->
<testsuite hostname="Aravind" failures="0" tests="61" name="Bchat.TestScenarios.Menu_Drawer_Screen_And_Functionalities" time="2860.307" errors="0" timestamp="2024-09-21T13:59:09 IST" skipped="0">
  <testcase classname="Bchat.TestScenarios.Menu_Drawer_Screen_And_Functionalities" name="preSetup" time="31.058"/>
  <testcase classname="Bchat.TestScenarios.Menu_Drawer_Screen_And_Functionalities" name="To_Validate_whether_entered_display_name_is_showing_in_profile_name" time="5.083"/>
  <testcase classname="Bchat.TestScenarios.Menu_Drawer_Screen_And_Functionalities" name="TC_250_To_Validate_Whether_Screen_is_Scrollable" time="1.114"/>
  <testcase classname="Bchat.TestScenarios.Menu_Drawer_Screen_And_Functionalities" name="To_validate_whether_Able_to_Copy_Bchat_ID_and_Beldex_Address" time="116.561"/>
  <testcase classname="Bchat.TestScenarios.Menu_Drawer_Screen_And_Functionalities" name="To_Validate_Whether_Able_to_Change_the_profile_name" time="60.904"/>
  <testcase classname="Bchat.TestScenarios.Menu_Drawer_Screen_And_Functionalities" name="To_Validate_Whether_Able_to_change_Profile_Name_Multiple_times" time="131.075"/>
  <testcase classname="Bchat.TestScenarios.Menu_Drawer_Screen_And_Functionalities" name="To_Validate_Working_of_Share_Button" time="55.695"/>
  <testcase classname="Bchat.TestScenarios.Menu_Drawer_Screen_And_Functionalities" name="To_Validate_the_navigation_to_home_screen" time="29.107"/>
  <testcase classname="Bchat.TestScenarios.Menu_Drawer_Screen_And_Functionalities" name="To_Validate_whether_profile_photo_functionality_is_enable" time="22.574"/>
  <testcase classname="Bchat.TestScenarios.Menu_Drawer_Screen_And_Functionalities" name="To_Validate_whether_remove_picture_button_not_clickable_when_there_is_no_profile_picture" time="3.544"/>
  <testcase classname="Bchat.TestScenarios.Menu_Drawer_Screen_And_Functionalities" name="To_Validate_whether_able_to_upload_picture_using_camera_option_of_the_device" time="178.002"/>
  <testcase classname="Bchat.TestScenarios.Menu_Drawer_Screen_And_Functionalities" name="To_Validate_whether_able_to_upload_picture_from_gallery_option_in_device" time="99.586"/>
  <testcase classname="Bchat.TestScenarios.Menu_Drawer_Screen_And_Functionalities" name="To_Validate_whether_able_to_remove_the_uploaded_profile_photo" time="3.705"/>
  <testcase classname="Bchat.TestScenarios.Menu_Drawer_Screen_And_Functionalities" name="Validate_the_working_of_upload_profile_photo_and_Edit_Display_Name_without_internet" time="135.274"/>
  <testcase classname="Bchat.TestScenarios.Menu_Drawer_Screen_And_Functionalities" name="To_Validate_whether_able_to_navigate_back_to_Menu_screen" time="5.613"/>
  <testcase classname="Bchat.TestScenarios.Menu_Drawer_Screen_And_Functionalities" name="To_Validate_the_working_of_pay_as_you_without_enabling_the_wallet" time="54.294"/>
  <testcase classname="Bchat.TestScenarios.Menu_Drawer_Screen_And_Functionalities" name="To_Validate_the_working_of_Start_wallet" time="8.752"/>
  <testcase classname="Bchat.TestScenarios.Menu_Drawer_Screen_And_Functionalities" name="To_validate_the_working_of_pay_as_you_while_enabling_first_time_before_entering_into_wallet" time="50.760"/>
  <testcase classname="Bchat.TestScenarios.Menu_Drawer_Screen_And_Functionalities" name="To_Validate_the_working_of_Send_Link_Previews_option_in_both_On_and_Off_condition" time="223.604"/>
  <testcase classname="Bchat.TestScenarios.Menu_Drawer_Screen_And_Functionalities" name="To_Validate_Whether_Able_To_Navigate_Back_To_The_Settings_Screen" time="19.393"/>
  <testcase classname="Bchat.TestScenarios.Menu_Drawer_Screen_And_Functionalities" name="To_Validate_all_options_in_Nofication_screen_is_enable_if_All_Notications_in_ON_Condition" time="19.911"/>
  <testcase classname="Bchat.TestScenarios.Menu_Drawer_Screen_And_Functionalities" name="To_Validate_all_options_in_Nofication_screen_is_enable_if_All_Notications_in_Off_Condition" time="0.968"/>
  <testcase classname="Bchat.TestScenarios.Menu_Drawer_Screen_And_Functionalities" name="To_validate_the_navigation_of_priority_option" time="4.280"/>
  <testcase classname="Bchat.TestScenarios.Menu_Drawer_Screen_And_Functionalities" name="To_Validate_the_working_of_all_radio_buttons_in_notification_content" time="4.961"/>
  <testcase classname="Bchat.TestScenarios.Menu_Drawer_Screen_And_Functionalities" name="To_Validate_whether_the_selected_radio_button_is_highlighted_in_show_option_of_noftication_content" time="86.711"/>
  <testcase classname="Bchat.TestScenarios.Menu_Drawer_Screen_And_Functionalities" name="To_Validate_the_working_of_cancel_button_in_Show_popup_screen" time="3.084"/>
  <testcase classname="Bchat.TestScenarios.Menu_Drawer_Screen_And_Functionalities" name="To_Validate_whether_able_to_navigate_back_to_home_screen_from_Report_Issue" time="2.259"/>
  <testcase classname="Bchat.TestScenarios.Menu_Drawer_Screen_And_Functionalities" name="To_Validate_the_textbox_of_Report_Issue_Functionality_using_special_Characters" time="69.290"/>
  <testcase classname="Bchat.TestScenarios.Menu_Drawer_Screen_And_Functionalities" name="To_Validate_textbox_of_Report_Issue_Functionality_using_Alaphabats_both_in_uppercase_and_lowercase" time="114.114"/>
  <testcase classname="Bchat.TestScenarios.Menu_Drawer_Screen_And_Functionalities" name="To_Validate_textbox_of_Report_Issue_Functionality_is_Allowing_Space_in_between_the_value" time="60.055"/>
  <testcase classname="Bchat.TestScenarios.Menu_Drawer_Screen_And_Functionalities" name="To_Validate_textbox_of_Report_Issue_Functionality_by_numerical_value" time="63.063"/>
  <testcase classname="Bchat.TestScenarios.Menu_Drawer_Screen_And_Functionalities" name="To_Validate_the_presence_of_placeholder_in_textbox_of_Report_Issue_functionality" time="1.450"/>
  <testcase classname="Bchat.TestScenarios.Menu_Drawer_Screen_And_Functionalities" name="To_Validate_whether_value_entered_in_textbox_of_Report_Issue_functionality_is_editable_and_deletable" time="53.137"/>
  <testcase classname="Bchat.TestScenarios.Menu_Drawer_Screen_And_Functionalities" name="To_Validate_whether_crusher_blink_on_clicking_textbox_of_Report_Issue_functionality" time="1.911"/>
  <testcase classname="Bchat.TestScenarios.Menu_Drawer_Screen_And_Functionalities" name="To_validate_whether_paste_option_is_working_on_textbox_Report_Issue_functionality" time="66.256"/>
  <testcase classname="Bchat.TestScenarios.Menu_Drawer_Screen_And_Functionalities" name="To_Validate_whether_able_enter_lengthy_value_in_text_box_Report_Issue_functionality" time="20.791"/>
  <testcase classname="Bchat.TestScenarios.Menu_Drawer_Screen_And_Functionalities" name="To_Validate_whether_record_option_in_message_functionality_is_enable" time="5.381"/>
  <testcase classname="Bchat.TestScenarios.Menu_Drawer_Screen_And_Functionalities" name="To_Validate_whether_the_functions_and_icons_response_fo_touch_action" time="19.490"/>
  <testcase classname="Bchat.TestScenarios.Menu_Drawer_Screen_And_Functionalities" name="To_Validate_Message_Requests_Screen_without_any_message_request" time="9.423"/>
  <testcase classname="Bchat.TestScenarios.Menu_Drawer_Screen_And_Functionalities" name="To_Validate_whether_Message_requests_recevied_from_others_is_showing" time="65.038"/>
  <testcase classname="Bchat.TestScenarios.Menu_Drawer_Screen_And_Functionalities" name="To_Validate_the_working_of_cancel_button_in_all_popup_screen" time="15.797"/>
  <testcase classname="Bchat.TestScenarios.Menu_Drawer_Screen_And_Functionalities" name="To_Validate_working_of_Accept_in_Message_Request" time="29.550"/>
  <testcase classname="Bchat.TestScenarios.Menu_Drawer_Screen_And_Functionalities" name="To_Validate_the_working_of_Block_in_Message_request" time="29.050"/>
  <testcase classname="Bchat.TestScenarios.Menu_Drawer_Screen_And_Functionalities" name="To_Validate_working_of_the_Delete_in_Message_request" time="20.499"/>
  <testcase classname="Bchat.TestScenarios.Menu_Drawer_Screen_And_Functionalities" name="To_Validate_the_working_of_yesIm_Safe_button" time="6.420"/>
  <testcase classname="Bchat.TestScenarios.Menu_Drawer_Screen_And_Functionalities" name="To_Validate_whether_the_value_entered_in_pin_field_is_visible" time="3.363"/>
  <testcase classname="Bchat.TestScenarios.Menu_Drawer_Screen_And_Functionalities" name="To_Validate_whether_value_entered_in_pin_field_is_deletable_and_Editable" time="61.854"/>
  <testcase classname="Bchat.TestScenarios.Menu_Drawer_Screen_And_Functionalities" name="To_validate_Whether_able_to_navigate_back_to_previous_screen_from_pin_screen" time="58.914"/>
  <testcase classname="Bchat.TestScenarios.Menu_Drawer_Screen_And_Functionalities" name="To_Validate_whether_able_to_navigate_back_to_home_screen" time="1.024"/>
  <testcase classname="Bchat.TestScenarios.Menu_Drawer_Screen_And_Functionalities" name="To_Validate_the_password_word_functionality_in_recover_seed_screen_with_Invalid_pin" time="180.990"/>
  <testcase classname="Bchat.TestScenarios.Menu_Drawer_Screen_And_Functionalities" name="To_Validate_the_password_word_functionality_in_recover_seed_screen_with_valid_pin" time="58.112"/>
  <testcase classname="Bchat.TestScenarios.Menu_Drawer_Screen_And_Functionalities" name="To_Validate_whether_able_to_copy_the_seed" time="3.380"/>
  <testcase classname="Bchat.TestScenarios.Menu_Drawer_Screen_And_Functionalities" name="To_Validate_the_working_of_help_functionality" time="6.310"/>
  <testcase classname="Bchat.TestScenarios.Menu_Drawer_Screen_And_Functionalities" name="To_Validate_the_to_Gmail_id_in_Gmail_screen" time="1.525"/>
  <testcase classname="Bchat.TestScenarios.Menu_Drawer_Screen_And_Functionalities" name="To_Validate_whether_able_to_navigate_back_to_Homescreen_from_gmailScreen" time="2.907"/>
  <testcase classname="Bchat.TestScenarios.Menu_Drawer_Screen_And_Functionalities" name="To_Validate_the_working_of_Invite_functionality" time="4.039"/>
  <testcase classname="Bchat.TestScenarios.Menu_Drawer_Screen_And_Functionalities" name="To_Validate_whether_able_to_navigate_back_to_HomeScreen_From_invite" time="0.969"/>
  <testcase classname="Bchat.TestScenarios.Menu_Drawer_Screen_And_Functionalities" name="To_Validate_the_working_of_about_functionality" time="49.042"/>
  <testcase classname="Bchat.TestScenarios.Menu_Drawer_Screen_And_Functionalities" name="To_Validate_whether_able_to_navigate_back_to_HomeScreen_from_about_screen" time="11.187"/>
  <testcase classname="Bchat.TestScenarios.Menu_Drawer_Screen_And_Functionalities" name="To_validate_the_working_of_theme_Change_button" time="4.032"/>
  <testcase classname="Bchat.TestScenarios.Menu_Drawer_Screen_And_Functionalities" name="To_validate_whether_able_to_change_theme_multiple_times" time="404.072"/>
</testsuite> <!-- Bchat.TestScenarios.Menu_Drawer_Screen_And_Functionalities -->
