<?xml version="1.0" encoding="UTF-8"?>
<!-- Generated by org.testng.reporters.JUnitReportReporter -->
<testsuite hostname="Aravind" failures="0" tests="18" name="Bchat.TestScenarios.CreateSecret_Group_and_Its_Functionality" time="413.506" errors="0" timestamp="2024-12-02T18:29:44 IST" skipped="0">
  <testcase classname="Bchat.TestScenarios.CreateSecret_Group_and_Its_Functionality" name="preSetup" time="138.374"/>
  <testcase classname="Bchat.TestScenarios.CreateSecret_Group_and_Its_Functionality" name="To_Validate_whether_able_to_navigate_back_to_home_screen" time="5.984"/>
  <testcase classname="Bchat.TestScenarios.CreateSecret_Group_and_Its_Functionality" name="To_Validate_Whether_able_to_select_the_contacts_showing" time="10.670"/>
  <testcase classname="Bchat.TestScenarios.CreateSecret_Group_and_Its_Functionality" name="To_Validate_Whether_able_to_Unselect_the_contacts_showing" time="0.628"/>
  <testcase classname="Bchat.TestScenarios.CreateSecret_Group_and_Its_Functionality" name="To_Validate_Whether_able_to_multi_select_the_contacts_showing" time="18.111"/>
  <testcase classname="Bchat.TestScenarios.CreateSecret_Group_and_Its_Functionality" name="To_Validate_Create_function_without_entering_groupName_and_without_selecting_member" time="0.549"/>
  <testcase classname="Bchat.TestScenarios.CreateSecret_Group_and_Its_Functionality" name="To_Validate_Create_function_with_entering_groupName_and_without_selecting_member" time="19.546"/>
  <testcase classname="Bchat.TestScenarios.CreateSecret_Group_and_Its_Functionality" name="To_Validate_the_Create_function_without_entering_groupName_and_with_selecting_member" time="0.643"/>
  <testcase classname="Bchat.TestScenarios.CreateSecret_Group_and_Its_Functionality" name="To_Validate_Create_function_with_entering_space_value_in_groupName_and_with_selecting_a_member" time="39.867"/>
  <testcase classname="Bchat.TestScenarios.CreateSecret_Group_and_Its_Functionality" name="To_Validate_Create_function_with_entering_groupName_and_with_selecting_member" time="49.725"/>
  <testcase classname="Bchat.TestScenarios.CreateSecret_Group_and_Its_Functionality" name="To_Validate_whether_crusher_blink_on_clicking_textboxes_of_SecretGroup" time="9.775"/>
  <testcase classname="Bchat.TestScenarios.CreateSecret_Group_and_Its_Functionality" name="To_Validate_presence_of_placeholder_in_the_textboxes_of_SecretGroup" time="0.424"/>
  <testcase classname="Bchat.TestScenarios.CreateSecret_Group_and_Its_Functionality" name="To_validate_whether_paste_option_is_working_on_textbox_of_Secret_Group" time="8.973"/>
  <testcase classname="Bchat.TestScenarios.CreateSecret_Group_and_Its_Functionality" name="To_Validate_whether_able_to_create_secret_group_without_internet_connection" time="24.048"/>
  <testcase classname="Bchat.TestScenarios.CreateSecret_Group_and_Its_Functionality" name="To_Validate_the_textbox_of_Secret_Group_using_special_Characters" time="27.376"/>
  <testcase classname="Bchat.TestScenarios.CreateSecret_Group_and_Its_Functionality" name="To_Validate_the_textbox_of_SecretGroup_using_Alphabets_both_in_uppercase_and_lowercase" time="3.093"/>
  <testcase classname="Bchat.TestScenarios.CreateSecret_Group_and_Its_Functionality" name="To_Validate_the_textbox_of_SecretGroup_by_numerical_value" time="15.580"/>
  <testcase classname="Bchat.TestScenarios.CreateSecret_Group_and_Its_Functionality" name="To_Validate_whether_the_value_entered_in_textbox_of_SecretGroup_is_editable_And_Deleteable" time="40.140"/>
</testsuite> <!-- Bchat.TestScenarios.CreateSecret_Group_and_Its_Functionality -->
