<?xml version="1.0" encoding="UTF-8"?>
<!-- Generated by org.testng.reporters.JUnitReportReporter -->
<testsuite hostname="Aravind" failures="0" tests="2" name="Bchat.TestScenarios.Create_Account_Flow_Recovery_Phrase_Screen_And_Functionalities" time="23.743" errors="0" timestamp="10 May 2024 09:32:17 GMT" skipped="0">
  <testcase classname="Bchat.TestScenarios.Create_Account_Flow_Recovery_Phrase_Screen_And_Functionalities" name="presetup" time="17.801"/>
  <testcase classname="Bchat.TestScenarios.Create_Account_Flow_Recovery_Phrase_Screen_And_Functionalities" name="TC_84_And_85_To_Validate_the_working_of_the_continue_button_after_copying_the_recovery_seed" time="5.942"/>
</testsuite> <!-- Bchat.TestScenarios.Create_Account_Flow_Recovery_Phrase_Screen_And_Functionalities -->
