<?xml version="1.0" encoding="UTF-8"?>
<!-- Generated by org.testng.reporters.JUnitReportReporter -->
<testsuite hostname="Aravind" failures="0" tests="1" name="Bchat.TestScenarios.demo" time="3.837" errors="0" timestamp="13 Jul 2024 13:25:47 GMT" skipped="0">
  <testcase classname="Bchat.TestScenarios.demo" name="demo" time="3.837"/>
</testsuite> <!-- Bchat.TestScenarios.demo -->
