<?xml version="1.0" encoding="UTF-8"?>
<!-- Generated by org.testng.reporters.JUnitReportReporter -->
<testsuite hostname="Aravind" failures="0" tests="61" name="Bchat.TestScenarios.My_Wallet_Screen_And_Functionalities_In_Create_Account_Flow" time="1373.327" errors="1" timestamp="2024-09-30T19:06:17 IST" skipped="0">
  <testcase classname="Bchat.TestScenarios.My_Wallet_Screen_And_Functionalities_In_Create_Account_Flow" name="PreSetup" time="25.141"/>
  <testcase classname="Bchat.TestScenarios.My_Wallet_Screen_And_Functionalities_In_Create_Account_Flow" name="To_Validate_whether_able_to_navigate_back_from_wallet_enable_screen" time="4.788"/>
  <testcase classname="Bchat.TestScenarios.My_Wallet_Screen_And_Functionalities_In_Create_Account_Flow" name="To_Validate_the_working_of_enable_wallet_button_without_clicking_the_check_box" time="1.070"/>
  <testcase classname="Bchat.TestScenarios.My_Wallet_Screen_And_Functionalities_In_Create_Account_Flow" name="To_validate_the_Working_of_the_yes_i_understand_check_box" time="1.141"/>
  <testcase classname="Bchat.TestScenarios.My_Wallet_Screen_And_Functionalities_In_Create_Account_Flow" name="To_Validate_the_working_of_Enable_wallet_Button" time="10.336"/>
  <testcase classname="Bchat.TestScenarios.My_Wallet_Screen_And_Functionalities_In_Create_Account_Flow" name="To_Validate_whether_able_to_navigate_to_ReEnter_pin_field_without_entering_a_value_in_create_pin_field" time="0.769"/>
  <testcase classname="Bchat.TestScenarios.My_Wallet_Screen_And_Functionalities_In_Create_Account_Flow" name="To_Validate_Wallet_password_functionality_by_entering_valid_value_in_Create_pin_and_invaid_Value_in_ReEnter_pin" time="15.987"/>
  <testcase classname="Bchat.TestScenarios.My_Wallet_Screen_And_Functionalities_In_Create_Account_Flow" name="To_Validate_whether_able_to_navigate_to_next_screen_without_entering_a_value_in_ReEnter_pin_field" time="33.382"/>
  <testcase classname="Bchat.TestScenarios.My_Wallet_Screen_And_Functionalities_In_Create_Account_Flow" name="To_Validate_the_Wallet_password_functionality_by_entering_a_valid_Create_pin_and_valid_ReEnter_pin" time="4.637"/>
  <testcase classname="Bchat.TestScenarios.My_Wallet_Screen_And_Functionalities_In_Create_Account_Flow" name="To_Validate_whether_able_to_navigate_out_from_VerifyPin_screen" time="21.230"/>
  <testcase classname="Bchat.TestScenarios.My_Wallet_Screen_And_Functionalities_In_Create_Account_Flow" name="To_Validate_the_Wallet_password_functionality_by_entering_a_Incorrect_pin" time="44.378"/>
  <testcase classname="Bchat.TestScenarios.My_Wallet_Screen_And_Functionalities_In_Create_Account_Flow" name="To_Validate_the_Wallet_pin_functionality_by_entering_a_valid_pin" time="42.554"/>
  <testcase classname="Bchat.TestScenarios.My_Wallet_Screen_And_Functionalities_In_Create_Account_Flow" name="To_Validate_whether_able_to_navigate_out_of_the_My_Wallet" time="8.819"/>
  <testcase classname="Bchat.TestScenarios.My_Wallet_Screen_And_Functionalities_In_Create_Account_Flow" name="To_Validate_the_Transaction_history_when_empty" time="0.556"/>
  <testcase classname="Bchat.TestScenarios.My_Wallet_Screen_And_Functionalities_In_Create_Account_Flow" name="To_Validate_the_working_of_Transaction_filter_when_transaction_is_empty" time="66.392"/>
  <testcase classname="Bchat.TestScenarios.My_Wallet_Screen_And_Functionalities_In_Create_Account_Flow" name="To_Validate_working_of_all_possible_navigation_from_my_wallet_screen_in_both_forward_and_backward_direction" time="24.047"/>
  <testcase classname="Bchat.TestScenarios.My_Wallet_Screen_And_Functionalities_In_Create_Account_Flow" name="To_Validate_the_working_of_MyWallet_functionality_without_internet_connection" time="56.622"/>
  <testcase classname="Bchat.TestScenarios.My_Wallet_Screen_And_Functionalities_In_Create_Account_Flow" name="To_validate_whether_able_to_navigate_out_of_the_Send_screen" time="3.183"/>
  <testcase classname="Bchat.TestScenarios.My_Wallet_Screen_And_Functionalities_In_Create_Account_Flow" name="To_validate_the_working_of_the_scan_option" time="4.001"/>
  <testcase classname="Bchat.TestScenarios.My_Wallet_Screen_And_Functionalities_In_Create_Account_Flow" name="To_validate_the_working_of_AddressBook_option" time="4.454"/>
  <testcase classname="Bchat.TestScenarios.My_Wallet_Screen_And_Functionalities_In_Create_Account_Flow" name="To_validate_the_working_of_send_function_without_values_in_both_address_and_amount" time="0.708"/>
  <testcase classname="Bchat.TestScenarios.My_Wallet_Screen_And_Functionalities_In_Create_Account_Flow" name="To_validate_the_presence_of_placeholder" time="0.695"/>
  <testcase classname="Bchat.TestScenarios.My_Wallet_Screen_And_Functionalities_In_Create_Account_Flow" name="To_Validate_the_cursor_blinks_on_Clicking_the_textbox" time="5.770"/>
  <testcase classname="Bchat.TestScenarios.My_Wallet_Screen_And_Functionalities_In_Create_Account_Flow" name="To_validate_the_working_of_the_dropdown_in_transaction_priority" time="33.915"/>
  <testcase classname="Bchat.TestScenarios.My_Wallet_Screen_And_Functionalities_In_Create_Account_Flow" name="To_validate_the_working_of_send_function_with_value_amount_and_without_value_in_address" time="1.141"/>
  <testcase classname="Bchat.TestScenarios.My_Wallet_Screen_And_Functionalities_In_Create_Account_Flow" name="To_Validate_the_estimated_fee_in_Slow_And_in_flash" time="23.766"/>
  <testcase classname="Bchat.TestScenarios.My_Wallet_Screen_And_Functionalities_In_Create_Account_Flow" name="To_Validate_whether_able_to_copy_the_wallet_Address" time="3.711"/>
  <testcase classname="Bchat.TestScenarios.My_Wallet_Screen_And_Functionalities_In_Create_Account_Flow" name="To_Validate_the_working_of_share_button" time="16.546"/>
  <testcase classname="Bchat.TestScenarios.My_Wallet_Screen_And_Functionalities_In_Create_Account_Flow" name="To_Validate_the_amount_textbox_with_valid_amount_value" time="1.221"/>
  <testcase classname="Bchat.TestScenarios.My_Wallet_Screen_And_Functionalities_In_Create_Account_Flow" name="To_validate_whether_able_to_paste_numerical_value_in_amount_textbox" time="7.799"/>
  <testcase classname="Bchat.TestScenarios.My_Wallet_Screen_And_Functionalities_In_Create_Account_Flow" name="To_validate_whether_able_to_paste_characters_value_in_amount_textbox" time="1.396"/>
  <testcase classname="Bchat.TestScenarios.My_Wallet_Screen_And_Functionalities_In_Create_Account_Flow" name="To_validate_whether_cursor_blinks_on_clicking_the_textbox" time="1.669"/>
  <testcase classname="Bchat.TestScenarios.My_Wallet_Screen_And_Functionalities_In_Create_Account_Flow" name="To_Validate_whether_allowing_to_enter_Special_characters_and_multiple_dots" time="2.686"/>
  <testcase classname="Bchat.TestScenarios.My_Wallet_Screen_And_Functionalities_In_Create_Account_Flow" name="To_validate_the_presence_of_place_holder" time="0.732"/>
  <testcase classname="Bchat.TestScenarios.My_Wallet_Screen_And_Functionalities_In_Create_Account_Flow" name="To_Validate_whether_able_to_enter_values_above_boundary_limit" time="1.172"/>
  <testcase classname="Bchat.TestScenarios.My_Wallet_Screen_And_Functionalities_In_Create_Account_Flow" name="To_validate_the_amount_text_box_with_Invalid_amount_value" time="0.656"/>
  <testcase classname="Bchat.TestScenarios.My_Wallet_Screen_And_Functionalities_In_Create_Account_Flow" name="To_Validate_the_working_of_the_rescan_option_Without_Any_Value" time="65.302"/>
  <testcase classname="Bchat.TestScenarios.My_Wallet_Screen_And_Functionalities_In_Create_Account_Flow" name="To_validate_the_working_of_rescan_with_more_than_current_blockheight_value" time="0.527"/>
  <testcase classname="Bchat.TestScenarios.My_Wallet_Screen_And_Functionalities_In_Create_Account_Flow" name="To_validate_presence_of_placeholder_in_textboxes" time="0.161"/>
  <testcase classname="Bchat.TestScenarios.My_Wallet_Screen_And_Functionalities_In_Create_Account_Flow" name="To_Validate_whether_able_to_paste_numerical_value_in_blockheight_textbox" time="33.081"/>
  <testcase classname="Bchat.TestScenarios.My_Wallet_Screen_And_Functionalities_In_Create_Account_Flow" name="To_validate_whether_able_to_paste_characters_value_in_blockheight_textbox" time="2.892"/>
  <testcase classname="Bchat.TestScenarios.My_Wallet_Screen_And_Functionalities_In_Create_Account_Flow" name="To_Validate_the_working_of_reconnect_option" time="40.586"/>
  <testcase classname="Bchat.TestScenarios.My_Wallet_Screen_And_Functionalities_In_Create_Account_Flow" name="To_validate_the_working_of_rescan_with_restore_from_date" time="190.006"/>
  <testcase classname="Bchat.TestScenarios.My_Wallet_Screen_And_Functionalities_In_Create_Account_Flow" name="To_validate_the_working_of_rescan_with_valid_blockheight" time="147.110"/>
  <testcase classname="Bchat.TestScenarios.My_Wallet_Screen_And_Functionalities_In_Create_Account_Flow" name="To_Validate_the_navigation_into_and_out_from_node_screen" time="15.495"/>
  <testcase classname="Bchat.TestScenarios.My_Wallet_Screen_And_Functionalities_In_Create_Account_Flow" name="To_Validate_whether_able_to_switch_to_available_nodes" time="25.773">
    <error message="The element &#039;By.accessibilityId: wallet settings&#039; does not exist in DOM anymore
For documentation on this error, please visit: https://www.selenium.dev/documentation/webdriver/troubleshooting/errors#stale-element-reference-exception
Build info: version: &#039;4.25.0&#039;, revision: &#039;8a8aea2337&#039;
System info: os.name: &#039;Windows 11&#039;, os.arch: &#039;amd64&#039;, os.version: &#039;10.0&#039;, java.version: &#039;17.0.8&#039;
Driver info: io.appium.java_client.android.AndroidDriver
Command: [aaa6aabc-852b-4b30-93c1-d53dae9f9779, clickElement {id=00000000-0000-02c3-0000-0a260000070c}]
Capabilities {appium:app: C:\Users\itsup\eclipse-work..., appium:appPackage: io.beldex.bchat, appium:appWaitActivity: io.beldex.bchat.onboarding...., appium:autoGrantPermissions: true, appium:automationName: UiAutomator2, appium:databaseEnabled: false, appium:desired: {app: C:\Users\itsup\eclipse-work..., appPackage: io.beldex.bchat, appWaitActivity: io.beldex.bchat.onboarding...., autoGrantPermissions: true, automationName: UiAutomator2, deviceName: one plus nord ce 3, fullReset: true, ignoreHiddenApiPolicyError: true, platformName: ANDROID, platformVersion: 14, udid: d6a08b3e}, appium:deviceApiLevel: 34, appium:deviceManufacturer: OnePlus, appium:deviceModel: CPH2467, appium:deviceName: d6a08b3e, appium:deviceScreenDensity: 480, appium:deviceScreenSize: 1080x2400, appium:deviceUDID: d6a08b3e, appium:fullReset: true, appium:ignoreHiddenApiPolicyError: true, appium:javascriptEnabled: true, appium:locationContextEnabled: false, appium:networkConnectionEnabled: true, appium:pixelRatio: 3, appium:platformVersion: 14, appium:statBarHeight: 107, appium:takesScreenshot: true, appium:udid: d6a08b3e, appium:viewportRect: {height: 2186, left: 0, top: 107, width: 1080}, appium:warnings: {}, appium:webStorageEnabled: false, platformName: ANDROID}
Element: [[AndroidDriver:  on ANDROID (aaa6aabc-852b-4b30-93c1-d53dae9f9779)] -&gt; accessibility id: wallet settings]
Session ID: aaa6aabc-852b-4b30-93c1-d53dae9f9779" type="org.openqa.selenium.StaleElementReferenceException">
      <![CDATA[org.openqa.selenium.StaleElementReferenceException: The element 'By.accessibilityId: wallet settings' does not exist in DOM anymore
For documentation on this error, please visit: https://www.selenium.dev/documentation/webdriver/troubleshooting/errors#stale-element-reference-exception
Build info: version: '4.25.0', revision: '8a8aea2337'
System info: os.name: 'Windows 11', os.arch: 'amd64', os.version: '10.0', java.version: '17.0.8'
Driver info: io.appium.java_client.android.AndroidDriver
Command: [aaa6aabc-852b-4b30-93c1-d53dae9f9779, clickElement {id=00000000-0000-02c3-0000-0a260000070c}]
Capabilities {appium:app: C:\Users\itsup\eclipse-work..., appium:appPackage: io.beldex.bchat, appium:appWaitActivity: io.beldex.bchat.onboarding...., appium:autoGrantPermissions: true, appium:automationName: UiAutomator2, appium:databaseEnabled: false, appium:desired: {app: C:\Users\itsup\eclipse-work..., appPackage: io.beldex.bchat, appWaitActivity: io.beldex.bchat.onboarding...., autoGrantPermissions: true, automationName: UiAutomator2, deviceName: one plus nord ce 3, fullReset: true, ignoreHiddenApiPolicyError: true, platformName: ANDROID, platformVersion: 14, udid: d6a08b3e}, appium:deviceApiLevel: 34, appium:deviceManufacturer: OnePlus, appium:deviceModel: CPH2467, appium:deviceName: d6a08b3e, appium:deviceScreenDensity: 480, appium:deviceScreenSize: 1080x2400, appium:deviceUDID: d6a08b3e, appium:fullReset: true, appium:ignoreHiddenApiPolicyError: true, appium:javascriptEnabled: true, appium:locationContextEnabled: false, appium:networkConnectionEnabled: true, appium:pixelRatio: 3, appium:platformVersion: 14, appium:statBarHeight: 107, appium:takesScreenshot: true, appium:udid: d6a08b3e, appium:viewportRect: {height: 2186, left: 0, top: 107, width: 1080}, appium:warnings: {}, appium:webStorageEnabled: false, platformName: ANDROID}
Element: [[AndroidDriver:  on ANDROID (aaa6aabc-852b-4b30-93c1-d53dae9f9779)] -> accessibility id: wallet settings]
Session ID: aaa6aabc-852b-4b30-93c1-d53dae9f9779
at java.base/jdk.internal.reflect.NativeConstructorAccessorImpl.newInstance0(Native Method)
at java.base/jdk.internal.reflect.NativeConstructorAccessorImpl.newInstance(NativeConstructorAccessorImpl.java:77)
at java.base/jdk.internal.reflect.DelegatingConstructorAccessorImpl.newInstance(DelegatingConstructorAccessorImpl.java:45)
at java.base/java.lang.reflect.Constructor.newInstanceWithCaller(Constructor.java:499)
at java.base/java.lang.reflect.Constructor.newInstance(Constructor.java:480)
at org.openqa.selenium.remote.ErrorCodec.decode(ErrorCodec.java:167)
at org.openqa.selenium.remote.codec.w3c.W3CHttpResponseCodec.decode(W3CHttpResponseCodec.java:138)
at org.openqa.selenium.remote.codec.w3c.W3CHttpResponseCodec.decode(W3CHttpResponseCodec.java:50)
at org.openqa.selenium.remote.HttpCommandExecutor.execute(HttpCommandExecutor.java:190)
at io.appium.java_client.remote.AppiumCommandExecutor.execute(AppiumCommandExecutor.java:237)
at org.openqa.selenium.remote.RemoteWebDriver.execute(RemoteWebDriver.java:545)
at org.openqa.selenium.remote.RemoteWebElement.execute(RemoteWebElement.java:223)
at org.openqa.selenium.remote.RemoteWebElement.click(RemoteWebElement.java:76)
at jdk.internal.reflect.GeneratedMethodAccessor14.invoke(Unknown Source)
at java.base/jdk.internal.reflect.DelegatingMethodAccessorImpl.invoke(DelegatingMethodAccessorImpl.java:43)
at java.base/java.lang.reflect.Method.invoke(Method.java:568)
at io.appium.java_client.pagefactory.ElementInterceptor.getObject(ElementInterceptor.java:42)
at io.appium.java_client.pagefactory.interceptors.InterceptorOfASingleElement.call(InterceptorOfASingleElement.java:79)
at io.appium.java_client.proxy.Interceptor.intercept(Interceptor.java:78)
at org.openqa.selenium.remote.RemoteWebElement$ByteBuddy$BmDgu9jj.click(Unknown Source)
at POM.MyWalletPage.click_WalletSettings_Option(MyWalletPage.java:254)
at Bchat.TestScenarios.My_Wallet_Screen_And_Functionalities_In_Create_Account_Flow.To_Validate_whether_able_to_switch_to_available_nodes(My_Wallet_Screen_And_Functionalities_In_Create_Account_Flow.java:917)
at java.base/jdk.internal.reflect.NativeMethodAccessorImpl.invoke0(Native Method)
at java.base/jdk.internal.reflect.NativeMethodAccessorImpl.invoke(NativeMethodAccessorImpl.java:77)
at java.base/jdk.internal.reflect.DelegatingMethodAccessorImpl.invoke(DelegatingMethodAccessorImpl.java:43)
at java.base/java.lang.reflect.Method.invoke(Method.java:568)
at org.testng.internal.invokers.MethodInvocationHelper.invokeMethod(MethodInvocationHelper.java:139)
at org.testng.internal.invokers.TestInvoker.invokeMethod(TestInvoker.java:664)
at org.testng.internal.invokers.TestInvoker.invokeTestMethod(TestInvoker.java:227)
at org.testng.internal.invokers.MethodRunner.runInSequence(MethodRunner.java:50)
at org.testng.internal.invokers.TestInvoker$MethodInvocationAgent.invoke(TestInvoker.java:957)
at org.testng.internal.invokers.TestInvoker.invokeTestMethods(TestInvoker.java:200)
at org.testng.internal.invokers.TestMethodWorker.invokeTestMethods(TestMethodWorker.java:148)
at org.testng.internal.invokers.TestMethodWorker.run(TestMethodWorker.java:128)
at java.base/java.util.ArrayList.forEach(ArrayList.java:1511)
at org.testng.TestRunner.privateRun(TestRunner.java:848)
at org.testng.TestRunner.run(TestRunner.java:621)
at org.testng.SuiteRunner.runTest(SuiteRunner.java:443)
at org.testng.SuiteRunner.runSequentially(SuiteRunner.java:437)
at org.testng.SuiteRunner.privateRun(SuiteRunner.java:397)
at org.testng.SuiteRunner.run(SuiteRunner.java:336)
at org.testng.SuiteRunnerWorker.runSuite(SuiteRunnerWorker.java:52)
at org.testng.SuiteRunnerWorker.run(SuiteRunnerWorker.java:95)
at org.testng.TestNG.runSuitesSequentially(TestNG.java:1280)
at org.testng.TestNG.runSuitesLocally(TestNG.java:1200)
at org.testng.TestNG.runSuites(TestNG.java:1114)
at org.testng.TestNG.run(TestNG.java:1082)
at org.testng.remote.AbstractRemoteTestNG.run(AbstractRemoteTestNG.java:115)
at org.testng.remote.RemoteTestNG.initAndRun(RemoteTestNG.java:251)
at org.testng.remote.RemoteTestNG.main(RemoteTestNG.java:77)
]]>
    </error>
  </testcase> <!-- To_Validate_whether_able_to_switch_to_available_nodes -->
  <testcase classname="Bchat.TestScenarios.My_Wallet_Screen_And_Functionalities_In_Create_Account_Flow" name="To_Validate_whether_selected_node_is_displayed_as_current_Node" time="6.418"/>
  <testcase classname="Bchat.TestScenarios.My_Wallet_Screen_And_Functionalities_In_Create_Account_Flow" name="To_Validate_the_working_of_Refresh_Node" time="54.825"/>
  <testcase classname="Bchat.TestScenarios.My_Wallet_Screen_And_Functionalities_In_Create_Account_Flow" name="To_Validate_the_working_of_the_cancel_button_in_all_popup" time="61.473"/>
  <testcase classname="Bchat.TestScenarios.My_Wallet_Screen_And_Functionalities_In_Create_Account_Flow" name="To_Validate_the_working_of_Test_node_without_entering_value_in_both_Node_Address_and_Node_port" time="17.443"/>
  <testcase classname="Bchat.TestScenarios.My_Wallet_Screen_And_Functionalities_In_Create_Account_Flow" name="To_Validate_the_working_of_Add_node_with_Invalid_Node_Address_and_Invalid_Node_port" time="42.534"/>
  <testcase classname="Bchat.TestScenarios.My_Wallet_Screen_And_Functionalities_In_Create_Account_Flow" name="To_Validate_the_working_of_Test_node_with_entering_a_valid_value_in_Node_Address_and_without_value_in_Node_port" time="17.053"/>
  <testcase classname="Bchat.TestScenarios.My_Wallet_Screen_And_Functionalities_In_Create_Account_Flow" name="To_Validate_the_working_of_Test_node_with_Invalid_Node_Address_and_Valid_Node_port" time="42.951"/>
  <testcase classname="Bchat.TestScenarios.My_Wallet_Screen_And_Functionalities_In_Create_Account_Flow" name="To_Validate_the_working_of_Test_node_with_valid_Node_Address_and_InValid_Node_port" time="16.873"/>
  <testcase classname="Bchat.TestScenarios.My_Wallet_Screen_And_Functionalities_In_Create_Account_Flow" name="To_Validate_whether_able_to_add_Node_without_test" time="1.512"/>
  <testcase classname="Bchat.TestScenarios.My_Wallet_Screen_And_Functionalities_In_Create_Account_Flow" name="To_Validate_whether_able_to_Add_Node_with_entering_value_in_NodeName_username_and_password" time="2.973"/>
  <testcase classname="Bchat.TestScenarios.My_Wallet_Screen_And_Functionalities_In_Create_Account_Flow" name="To_Validate_the_working_of_Test_node_with_valid_NodeAddress_and_Valid_NodePort" time="39.867"/>
  <testcase classname="Bchat.TestScenarios.My_Wallet_Screen_And_Functionalities_In_Create_Account_Flow" name="To_Validate_whether_able_to_Add_Node_without_Internet_connection" time="24.902"/>
  <testcase classname="Bchat.TestScenarios.My_Wallet_Screen_And_Functionalities_In_Create_Account_Flow" name="To_Validate_Whether_able_to_paste_Characters_values_in_node_port" time="4.079"/>
  <testcase classname="Bchat.TestScenarios.My_Wallet_Screen_And_Functionalities_In_Create_Account_Flow" name="To_Validate_whether_able_to_paste_values_in_the_text_box_fields" time="30.670"/>
  <testcase classname="Bchat.TestScenarios.My_Wallet_Screen_And_Functionalities_In_Create_Account_Flow" name="To_Validate_the_address_book_screen_when_empty" time="11.751"/>
</testsuite> <!-- Bchat.TestScenarios.My_Wallet_Screen_And_Functionalities_In_Create_Account_Flow -->
