<?xml version="1.0" encoding="UTF-8"?>
<!-- Generated by org.testng.reporters.JUnitReportReporter -->
<testsuite hostname="Aravind" failures="0" tests="3" name="Bchat.TestScenarios.App_Lock_Screen_And_Its_functionalities" time="75.571" errors="0" timestamp="2024-09-18T12:44:37 IST" skipped="0">
  <testcase classname="Bchat.TestScenarios.App_Lock_Screen_And_Its_functionalities" name="preSetup" time="25.091"/>
  <testcase classname="Bchat.TestScenarios.App_Lock_Screen_And_Its_functionalities" name="To_Validate_the_Change_password_fields_with_Invalid_Old_password_value" time="24.915"/>
  <testcase classname="Bchat.TestScenarios.App_Lock_Screen_And_Its_functionalities" name="To_Validate_password_fields_with_valid_Old_password_and_Valid_New_Password" time="25.565"/>
</testsuite> <!-- Bchat.TestScenarios.App_Lock_Screen_And_Its_functionalities -->
