<?xml version="1.0" encoding="UTF-8"?>
<!-- Generated by org.testng.reporters.JUnitReportReporter -->
<testsuite hostname="Aravind" failures="0" tests="6" name="Bchat.TestScenarios.Settings_Screen_And_Its_Functionalities" time="112.358" errors="0" timestamp="2024-07-29T20:02:12 IST" skipped="0">
  <testcase classname="Bchat.TestScenarios.Settings_Screen_And_Its_Functionalities" name="PreSetup" time="27.561"/>
  <testcase classname="Bchat.TestScenarios.Settings_Screen_And_Its_Functionalities" name="To_Validate_whether_able_to_navigate_back_to_Menu_screen" time="1.439"/>
  <testcase classname="Bchat.TestScenarios.Settings_Screen_And_Its_Functionalities" name="To_Validate_the_working_of_pay_as_you_without_enabling_the_wallet" time="15.854"/>
  <testcase classname="Bchat.TestScenarios.Settings_Screen_And_Its_Functionalities" name="To_Validate_the_working_of_Start_wallet" time="7.743"/>
  <testcase classname="Bchat.TestScenarios.Settings_Screen_And_Its_Functionalities" name="To_validate_the_working_of_pay_as_you_while_enabling_first_time_before_entering_into_wallet" time="9.938"/>
  <testcase classname="Bchat.TestScenarios.Settings_Screen_And_Its_Functionalities" name="To_Validate_the_working_of_Send_Link_Previews_option_in_both_On_and_Off_condition" time="49.823"/>
</testsuite> <!-- Bchat.TestScenarios.Settings_Screen_And_Its_Functionalities -->
