<?xml version="1.0" encoding="UTF-8"?>
<!-- Generated by org.testng.reporters.JUnitReportReporter -->
<testsuite hostname="Aravind" failures="0" tests="23" name="Bchat.TestScenarios.Home_Screen_And_Functionalities_In_Create_Account_Flow" time="668.992" errors="0" timestamp="2024-12-03T19:06:02 IST" skipped="0">
  <testcase classname="Bchat.TestScenarios.Home_Screen_And_Functionalities_In_Create_Account_Flow" name="PreSetup" time="21.135"/>
  <testcase classname="Bchat.TestScenarios.Home_Screen_And_Functionalities_In_Create_Account_Flow" name="To_Validate_the_textbox_of_the_Messaging_Functionality_using_special_Characters" time="39.879"/>
  <testcase classname="Bchat.TestScenarios.Home_Screen_And_Functionalities_In_Create_Account_Flow" name="To_Validate_the_working_of_cancel_button_in_delete_popup" time="71.000"/>
  <testcase classname="Bchat.TestScenarios.Home_Screen_And_Functionalities_In_Create_Account_Flow" name="To_Validate_Whether_able_to_delete_the_send_message" time="4.822"/>
  <testcase classname="Bchat.TestScenarios.Home_Screen_And_Functionalities_In_Create_Account_Flow" name="To_Validate_the_textbox_of_Messaging_Functionality_using_Alphabets_both_in_UpperCase_and_lowerCase" time="114.149"/>
  <testcase classname="Bchat.TestScenarios.Home_Screen_And_Functionalities_In_Create_Account_Flow" name="To_Validate_the_textbox_of_Messaging_Functionality_is_Allowing_the_Space_in_between_the_value" time="19.400"/>
  <testcase classname="Bchat.TestScenarios.Home_Screen_And_Functionalities_In_Create_Account_Flow" name="To_Validate_the_textbox_of_Messaging_Functionality_by_numerical_value" time="40.413"/>
  <testcase classname="Bchat.TestScenarios.Home_Screen_And_Functionalities_In_Create_Account_Flow" name="To_Validate_whether_the_value_entered_in_textbox_of_Message_functionality_is_editable_and_deleteable" time="38.570"/>
  <testcase classname="Bchat.TestScenarios.Home_Screen_And_Functionalities_In_Create_Account_Flow" name="To_Validate_the_presence_of_placeholder_in_textbox_of_Message_functionality" time="1.024"/>
  <testcase classname="Bchat.TestScenarios.Home_Screen_And_Functionalities_In_Create_Account_Flow" name="To_Validate_whether_crusher_blink_on_clicking_the_textbox_of_Message_functionality" time="20.495"/>
  <testcase classname="Bchat.TestScenarios.Home_Screen_And_Functionalities_In_Create_Account_Flow" name="To_Validate_whether_able_enter_a_lengthy_value_in_textbox_Message_functionality" time="42.336"/>
  <testcase classname="Bchat.TestScenarios.Home_Screen_And_Functionalities_In_Create_Account_Flow" name="To_validate_whether_paste_option_is_working_on_the_textbox_Note_to_myself_functionality" time="55.555"/>
  <testcase classname="Bchat.TestScenarios.Home_Screen_And_Functionalities_In_Create_Account_Flow" name="To_Validate_All_media_screen_when_empty" time="5.319"/>
  <testcase classname="Bchat.TestScenarios.Home_Screen_And_Functionalities_In_Create_Account_Flow" name="To_Validate_the_search_option_with_valid_value" time="53.780"/>
  <testcase classname="Bchat.TestScenarios.Home_Screen_And_Functionalities_In_Create_Account_Flow" name="To_validate_the_search_option_with_invalid_value" time="23.677"/>
  <testcase classname="Bchat.TestScenarios.Home_Screen_And_Functionalities_In_Create_Account_Flow" name="To_Validate_the_working_of_cancel_button_in_Add_to_home_screen_popup" time="3.283"/>
  <testcase classname="Bchat.TestScenarios.Home_Screen_And_Functionalities_In_Create_Account_Flow" name="To_Validate_the_working_of_Add_To_home_screen" time="8.417"/>
  <testcase classname="Bchat.TestScenarios.Home_Screen_And_Functionalities_In_Create_Account_Flow" name="To_Validate_the_working_of_copy_text_option" time="5.483"/>
  <testcase classname="Bchat.TestScenarios.Home_Screen_And_Functionalities_In_Create_Account_Flow" name="To_Validate_the_navigation_to_message_details_screen" time="6.380"/>
  <testcase classname="Bchat.TestScenarios.Home_Screen_And_Functionalities_In_Create_Account_Flow" name="To_Validate_whether_able_to_unselect_the_selected_message" time="4.524"/>
  <testcase classname="Bchat.TestScenarios.Home_Screen_And_Functionalities_In_Create_Account_Flow" name="To_Validate_the_working_of_record_option" time="32.876"/>
  <testcase classname="Bchat.TestScenarios.Home_Screen_And_Functionalities_In_Create_Account_Flow" name="To_Validate_whether_able_to_share_the_files_photos_in_the_note_to_myself" time="53.155"/>
  <testcase classname="Bchat.TestScenarios.Home_Screen_And_Functionalities_In_Create_Account_Flow" name="To_validate_the_all_media_with_image" time="3.320"/>
</testsuite> <!-- Bchat.TestScenarios.Home_Screen_And_Functionalities_In_Create_Account_Flow -->
