<?xml version="1.0" encoding="UTF-8"?>
<!-- Generated by org.testng.reporters.JUnitReportReporter -->
<testsuite hostname="Aravind" failures="0" tests="5" name="Bchat.TestScenarios.Landing_Screen_And_Functionality" time="40.731" errors="0" timestamp="25 Apr 2024 13:22:34 GMT" skipped="0">
  <testcase classname="Bchat.TestScenarios.Landing_Screen_And_Functionality" name="TC_3_Validate_whether_functions_and_buttons_is_Clickable" time="0.442"/>
  <testcase classname="Bchat.TestScenarios.Landing_Screen_And_Functionality" name="TC_8_To_Validate_whether_able_to_navigate_out_And_Open_the_App_Again" time="4.272"/>
  <testcase classname="Bchat.TestScenarios.Landing_Screen_And_Functionality" name="TC_4_To_Validate_the_navigation_to_Create_Account_screen_both_forward_and_backward_direction" time="5.818"/>
  <testcase classname="Bchat.TestScenarios.Landing_Screen_And_Functionality" name="TC_5_To_Validate_the_navigation_to_SignIn_screen_both_forward_and_backward_direction" time="16.675"/>
  <testcase classname="Bchat.TestScenarios.Landing_Screen_And_Functionality" name="TC_6_To_Validate_the_navigation_to_Terms_And_Conditions_screen_both_forward_and_backward_direction" time="13.524"/>
</testsuite> <!-- Bchat.TestScenarios.Landing_Screen_And_Functionality -->
