<?xml version="1.0" encoding="UTF-8"?>
<!-- Generated by org.testng.reporters.JUnitReportReporter -->
<testsuite hostname="Aravind" failures="0" tests="6" name="Bchat.TestScenarios.Create_Account_Flow_Register_Screen_And_Functionality" time="59.634" errors="0" timestamp="26 Jun 2024 11:46:42 GMT" skipped="0">
  <testcase classname="Bchat.TestScenarios.Create_Account_Flow_Register_Screen_And_Functionality" name="TC_47_To_Validate_whether_displaying_same_Name_entered_in_the_display_name_text_box" time="7.742"/>
  <testcase classname="Bchat.TestScenarios.Create_Account_Flow_Register_Screen_And_Functionality" name="TC_48_To_Validate_Whether_able_to_navigate_to_previous_screen" time="2.374"/>
  <testcase classname="Bchat.TestScenarios.Create_Account_Flow_Register_Screen_And_Functionality" name="TC_49_To_Validate_whether_ID_And_Address_are_change_while_navigating_back_and_navigate_into_register_screen" time="9.292"/>
  <testcase classname="Bchat.TestScenarios.Create_Account_Flow_Register_Screen_And_Functionality" name="TC_50_To_Validate_whether_able_to_copy_ID_and_Address" time="2.656"/>
  <testcase classname="Bchat.TestScenarios.Create_Account_Flow_Register_Screen_And_Functionality" name="TC_52_To_Validate_whether_ID_and_Address_were_Clickable_And_Editable" time="0.498"/>
  <testcase classname="Bchat.TestScenarios.Create_Account_Flow_Register_Screen_And_Functionality" name="TC_53_To_Validate_the_working_of_next_Button" time="37.072"/>
</testsuite> <!-- Bchat.TestScenarios.Create_Account_Flow_Register_Screen_And_Functionality -->
