<?xml version="1.0" encoding="UTF-8"?>
<!-- Generated by org.testng.reporters.JUnitReportReporter -->
<testsuite hostname="Aravind" failures="0" tests="5" name="Bchat.TestScenarios.Blocked_Contact_Screen_And_Its_Functionalities" time="279.607" errors="0" timestamp="25 Jul 2024 14:38:49 GMT" skipped="0">
  <testcase classname="Bchat.TestScenarios.Blocked_Contact_Screen_And_Its_Functionalities" name="Presetup" time="70.293"/>
  <testcase classname="Bchat.TestScenarios.Blocked_Contact_Screen_And_Its_Functionalities" name="To_Validate_whether_blocked_contacts_is_showing" time="48.349"/>
  <testcase classname="Bchat.TestScenarios.Blocked_Contact_Screen_And_Its_Functionalities" name="To_Validate_the_working_of_cancel_button_in_unblock_users_popup" time="58.099"/>
  <testcase classname="Bchat.TestScenarios.Blocked_Contact_Screen_And_Its_Functionalities" name="To_Validate_whether_able_to_unblock_the_blocked_contacts" time="0.740"/>
  <testcase classname="Bchat.TestScenarios.Blocked_Contact_Screen_And_Its_Functionalities" name="To_Validate_whether_able_to__Unblock_By_multiselect_the_contacts_in_blocked_contacts_screen" time="102.126"/>
</testsuite> <!-- Bchat.TestScenarios.Blocked_Contact_Screen_And_Its_Functionalities -->
