<?xml version="1.0" encoding="UTF-8"?>
<!-- Generated by org.testng.reporters.JUnitReportReporter -->
<testsuite hostname="Aravind" failures="0" tests="11" name="Bchat.TestScenarios.Menu_Drawer_Screen_And_Functionalities" time="276.318" errors="0" timestamp="2024-08-20T17:48:09 IST" skipped="0">
  <testcase classname="Bchat.TestScenarios.Menu_Drawer_Screen_And_Functionalities" name="preSetup" time="25.792"/>
  <testcase classname="Bchat.TestScenarios.Menu_Drawer_Screen_And_Functionalities" name="To_Validate_the_working_of_help_functionality" time="18.151"/>
  <testcase classname="Bchat.TestScenarios.Menu_Drawer_Screen_And_Functionalities" name="To_Validate_the_to_Gmail_id_in_Gmail_screen" time="0.395"/>
  <testcase classname="Bchat.TestScenarios.Menu_Drawer_Screen_And_Functionalities" name="To_Validate_whether_able_to_navigate_back_to_Homescreen_from_gmailScreen" time="2.554"/>
  <testcase classname="Bchat.TestScenarios.Menu_Drawer_Screen_And_Functionalities" name="To_Validate_the_working_of_Invite_functionality" time="3.563"/>
  <testcase classname="Bchat.TestScenarios.Menu_Drawer_Screen_And_Functionalities" name="To_Validate_whether_able_to_navigate_back_to_HomeScreen_From_invite" time="0.901"/>
  <testcase classname="Bchat.TestScenarios.Menu_Drawer_Screen_And_Functionalities" name="To_Validate_the_working_of_about_functionality" time="52.408"/>
  <testcase classname="Bchat.TestScenarios.Menu_Drawer_Screen_And_Functionalities" name="To_Validate_whether_able_to_scroll_the_about_screen" time="1.562"/>
  <testcase classname="Bchat.TestScenarios.Menu_Drawer_Screen_And_Functionalities" name="To_Validate_whether_able_to_navigate_back_to_HomeScreen_from_about_screen" time="1.611"/>
  <testcase classname="Bchat.TestScenarios.Menu_Drawer_Screen_And_Functionalities" name="To_validate_the_working_of_theme_button" time="3.563"/>
  <testcase classname="Bchat.TestScenarios.Menu_Drawer_Screen_And_Functionalities" name="To_validate_whether_able_to_change_theme_multiple_times" time="165.818"/>
</testsuite> <!-- Bchat.TestScenarios.Menu_Drawer_Screen_And_Functionalities -->
