<?xml version="1.0" encoding="UTF-8"?>
<!-- Generated by org.testng.reporters.JUnitReportReporter -->
<testsuite hostname="Aravind" failures="0" tests="7" name="Bchat.TestScenarios.My_Wallet_Screen_And_Functionalities_In_Create_Account_Flow" time="342.427" errors="0" timestamp="2024-08-09T18:29:59 IST" skipped="0">
  <testcase classname="Bchat.TestScenarios.My_Wallet_Screen_And_Functionalities_In_Create_Account_Flow" name="PreSetup" time="23.990"/>
  <testcase classname="Bchat.TestScenarios.My_Wallet_Screen_And_Functionalities_In_Create_Account_Flow" name="To_validate_the_working_of_rescan_with_more_than_current_blockheight_value" time="79.241"/>
  <testcase classname="Bchat.TestScenarios.My_Wallet_Screen_And_Functionalities_In_Create_Account_Flow" name="To_validate_presence_of_placeholder_in_textboxes" time="0.292"/>
  <testcase classname="Bchat.TestScenarios.My_Wallet_Screen_And_Functionalities_In_Create_Account_Flow" name="To_Validate_whether_able_to_paste_numerical_value_in_blockheight_textbox" time="7.783"/>
  <testcase classname="Bchat.TestScenarios.My_Wallet_Screen_And_Functionalities_In_Create_Account_Flow" name="To_validate_whether_able_to_paste_characters_value_in_blockheight_textbox" time="1.403"/>
  <testcase classname="Bchat.TestScenarios.My_Wallet_Screen_And_Functionalities_In_Create_Account_Flow" name="To_validate_the_working_of_rescan_with_restore_from_date" time="80.080"/>
  <testcase classname="Bchat.TestScenarios.My_Wallet_Screen_And_Functionalities_In_Create_Account_Flow" name="To_validate_the_working_of_rescan_with_valid_blockheight" time="149.638"/>
</testsuite> <!-- Bchat.TestScenarios.My_Wallet_Screen_And_Functionalities_In_Create_Account_Flow -->
