<?xml version="1.0" encoding="UTF-8"?>
<!-- Generated by org.testng.reporters.JUnitReportReporter -->
<testsuite hostname="Aravind" failures="0" tests="1" name="Bchat.TestScenarios.demo" time="5.379" errors="0" timestamp="07 May 2024 11:00:10 GMT" skipped="0">
  <testcase classname="Bchat.TestScenarios.demo" name="openapplandingpage" time="5.379"/>
</testsuite> <!-- Bchat.TestScenarios.demo -->
