<?xml version="1.0" encoding="UTF-8"?>
<!-- Generated by org.testng.reporters.JUnitReportReporter -->
<testsuite hostname="Aravind" failures="0" tests="8" name="Bchat.TestScenarios.Message_Requests_Screen_And_Its_Functionalities" time="301.598" errors="0" timestamp="2024-07-31T19:48:25 IST" skipped="0">
  <testcase classname="Bchat.TestScenarios.Message_Requests_Screen_And_Its_Functionalities" name="preSetup" time="34.675"/>
  <testcase classname="Bchat.TestScenarios.Message_Requests_Screen_And_Its_Functionalities" name="To_Validate_whether_able_to_navigate_out_of_screen" time="2.528"/>
  <testcase classname="Bchat.TestScenarios.Message_Requests_Screen_And_Its_Functionalities" name="To_Validate_whether_Message_requests_recevied_from_others_is_showing" time="63.538"/>
  <testcase classname="Bchat.TestScenarios.Message_Requests_Screen_And_Its_Functionalities" name="To_Validate_the_working_of_cancel_button_in_all_popup_screen" time="6.486"/>
  <testcase classname="Bchat.TestScenarios.Message_Requests_Screen_And_Its_Functionalities" name="To_Validate_working_of_Accept_in_Message_Request" time="33.901"/>
  <testcase classname="Bchat.TestScenarios.Message_Requests_Screen_And_Its_Functionalities" name="To_Validate_the_working_of_Block_in_Message_request" time="83.029"/>
  <testcase classname="Bchat.TestScenarios.Message_Requests_Screen_And_Its_Functionalities" name="To_Validate_working_of_the_Delete_in_Message_request" time="77.064"/>
  <testcase classname="Bchat.TestScenarios.Message_Requests_Screen_And_Its_Functionalities" name="To_Validate_Message_Requests_Screen_without_any_message_request" time="0.377"/>
</testsuite> <!-- Bchat.TestScenarios.Message_Requests_Screen_And_Its_Functionalities -->
