<?xml version="1.0" encoding="UTF-8"?>
<!-- Generated by org.testng.reporters.JUnitReportReporter -->
<testsuite hostname="Aravind" failures="0" tests="2" name="Bchat.TestScenarios.CreatePassword_Screen_And_its_Functionalities" time="19.145" errors="0" timestamp="10 May 2024 09:32:17 GMT" skipped="0">
  <testcase classname="Bchat.TestScenarios.CreatePassword_Screen_And_its_Functionalities" name="preSetup" time="8.713"/>
  <testcase classname="Bchat.TestScenarios.CreatePassword_Screen_And_its_Functionalities" name="TC_58_To_Validate_with_Valid_value_in_both_enter_password_field_and_in_ReEnter_password_field" time="10.432"/>
</testsuite> <!-- Bchat.TestScenarios.CreatePassword_Screen_And_its_Functionalities -->
