<?xml version="1.0" encoding="UTF-8"?>
<!-- Generated by org.testng.reporters.JUnitReportReporter -->
<testsuite hostname="Aravind" failures="0" tests="1" name="Bchat.TestScenarios.enterdisplayname" time="44.517" errors="0" timestamp="18 Apr 2024 14:01:32 GMT" skipped="0">
  <testcase classname="Bchat.TestScenarios.enterdisplayname" name="setdisplayname" time="44.517"/>
</testsuite> <!-- Bchat.TestScenarios.enterdisplayname -->
