<?xml version="1.0" encoding="UTF-8"?>
<!-- Generated by org.testng.reporters.JUnitReportReporter -->
<testsuite hostname="Aravind" failures="0" tests="8" name="Bchat.TestScenarios.Home_Screen_And_Functionalities_In_Create_Account_Flow" time="153.436" errors="0" timestamp="03 Jul 2024 14:13:12 GMT" skipped="0">
  <testcase classname="Bchat.TestScenarios.Home_Screen_And_Functionalities_In_Create_Account_Flow" name="PreSetup" time="27.345"/>
  <testcase classname="Bchat.TestScenarios.Home_Screen_And_Functionalities_In_Create_Account_Flow" name="To_Validate_navigation_from_the_home_screen_in_both_forward_and_backward_direction" time="58.099"/>
  <testcase classname="Bchat.TestScenarios.Home_Screen_And_Functionalities_In_Create_Account_Flow" name="To_Validate_the_blank_screen_While_creating_new_Account" time="1.038"/>
  <testcase classname="Bchat.TestScenarios.Home_Screen_And_Functionalities_In_Create_Account_Flow" name="To_Validate_the_Navigation_to_the_Menu_screen_in_both_forward_and_backward_direction" time="42.541"/>
  <testcase classname="Bchat.TestScenarios.Home_Screen_And_Functionalities_In_Create_Account_Flow" name="To_Validate_the_Navigation_to_the_search_screen_in_both_forward_and_backward_direction" time="12.019"/>
  <testcase classname="Bchat.TestScenarios.Home_Screen_And_Functionalities_In_Create_Account_Flow" name="To_validate_the_navigation_to_newChat_screen" time="4.332"/>
  <testcase classname="Bchat.TestScenarios.Home_Screen_And_Functionalities_In_Create_Account_Flow" name="To_validate_the_navigation_to_Create_SecretGroup_screen" time="4.533"/>
  <testcase classname="Bchat.TestScenarios.Home_Screen_And_Functionalities_In_Create_Account_Flow" name="To_validate_the_navigation_to_Join_Social_screen" time="3.529"/>
</testsuite> <!-- Bchat.TestScenarios.Home_Screen_And_Functionalities_In_Create_Account_Flow -->
