<?xml version="1.0" encoding="UTF-8"?>
<!-- Generated by org.testng.reporters.JUnitReportReporter -->
<testsuite hostname="Aravind" failures="1" tests="18" name="Bchat.TestScenarios.SignIn_Flow_seed_Screen" time="105.418" errors="0" timestamp="26 Jun 2024 11:59:28 GMT" skipped="0">
  <testcase classname="Bchat.TestScenarios.SignIn_Flow_seed_Screen" name="PreSetup" time="0.367"/>
  <testcase classname="Bchat.TestScenarios.SignIn_Flow_seed_Screen" name="TC_94_To_Validate_Whether_Able_to_Navigate_Previous_screen" time="4.652"/>
  <testcase classname="Bchat.TestScenarios.SignIn_Flow_seed_Screen" name="TC_96_To_Validate_the_presence_of_placeholder_in_the_Restore_From_seed_text_box" time="1.484">
    <failure message="expected [Enter your recovery seed to restore your account.] but found [Enter your Seed]" type="java.lang.AssertionError">
      <![CDATA[java.lang.AssertionError: expected [Enter your recovery seed to restore your account.] but found [Enter your Seed]
at org.testng.Assert.fail(Assert.java:96)
at org.testng.Assert.failNotEquals(Assert.java:776)
at org.testng.Assert.assertEqualsImpl(Assert.java:137)
at org.testng.Assert.assertEquals(Assert.java:118)
at org.testng.Assert.assertEquals(Assert.java:453)
at org.testng.Assert.assertEquals(Assert.java:463)
at Bchat.TestScenarios.SignIn_Flow_seed_Screen.TC_96_To_Validate_the_presence_of_placeholder_in_the_Restore_From_seed_text_box(SignIn_Flow_seed_Screen.java:71)
at java.base/jdk.internal.reflect.NativeMethodAccessorImpl.invoke0(Native Method)
at java.base/jdk.internal.reflect.NativeMethodAccessorImpl.invoke(NativeMethodAccessorImpl.java:77)
at java.base/jdk.internal.reflect.DelegatingMethodAccessorImpl.invoke(DelegatingMethodAccessorImpl.java:43)
at java.base/java.lang.reflect.Method.invoke(Method.java:568)
at org.testng.internal.MethodInvocationHelper.invokeMethod(MethodInvocationHelper.java:124)
at org.testng.internal.Invoker.invokeMethod(Invoker.java:583)
at org.testng.internal.Invoker.invokeTestMethod(Invoker.java:719)
at org.testng.internal.Invoker.invokeTestMethods(Invoker.java:989)
at org.testng.internal.TestMethodWorker.invokeTestMethods(TestMethodWorker.java:125)
at org.testng.internal.TestMethodWorker.run(TestMethodWorker.java:109)
at org.testng.TestRunner.privateRun(TestRunner.java:648)
at org.testng.TestRunner.run(TestRunner.java:505)
at org.testng.SuiteRunner.runTest(SuiteRunner.java:455)
at org.testng.SuiteRunner.runSequentially(SuiteRunner.java:450)
at org.testng.SuiteRunner.privateRun(SuiteRunner.java:415)
at org.testng.SuiteRunner.run(SuiteRunner.java:364)
at org.testng.SuiteRunnerWorker.runSuite(SuiteRunnerWorker.java:52)
at org.testng.SuiteRunnerWorker.run(SuiteRunnerWorker.java:84)
at org.testng.TestNG.runSuitesSequentially(TestNG.java:1208)
at org.testng.TestNG.runSuitesLocally(TestNG.java:1137)
at org.testng.TestNG.runSuites(TestNG.java:1049)
at org.testng.TestNG.run(TestNG.java:1017)
at org.testng.remote.AbstractRemoteTestNG.run(AbstractRemoteTestNG.java:115)
at org.testng.remote.RemoteTestNG.initAndRun(RemoteTestNG.java:251)
at org.testng.remote.RemoteTestNG.main(RemoteTestNG.java:77)
]]>
    </failure>
  </testcase> <!-- TC_96_To_Validate_the_presence_of_placeholder_in_the_Restore_From_seed_text_box -->
  <testcase classname="Bchat.TestScenarios.SignIn_Flow_seed_Screen" name="TC_95_To_Validate_whether_crusher_blink_on_clicking_the_Restore_From_Seed_text_Box" time="1.611"/>
  <testcase classname="Bchat.TestScenarios.SignIn_Flow_seed_Screen" name="TC_102_To_Validate_the_working_of_the_next_option_without_entering_seed" time="2.083"/>
  <testcase classname="Bchat.TestScenarios.SignIn_Flow_seed_Screen" name="TC_92_To_Validate_whether_able_to_paste_the_copied_seed" time="3.471"/>
  <testcase classname="Bchat.TestScenarios.SignIn_Flow_seed_Screen" name="TC_93_To_Validate_whether_able_to_clear_the_entered_seed" time="1.435"/>
  <testcase classname="Bchat.TestScenarios.SignIn_Flow_seed_Screen" name="TC_98_To_Validate_the_text_box_of_the_restore_from_screen_by_entering_values_below_boundary_value" time="3.766"/>
  <testcase classname="Bchat.TestScenarios.SignIn_Flow_seed_Screen" name="TC_97_To_Validate_the_text_box_of_the_restore_from_seed_by_entering_values_above_boundary_value" time="3.158"/>
  <testcase classname="Bchat.TestScenarios.SignIn_Flow_seed_Screen" name="TC_99_To_Validate_whether_able_to_type_a_seed" time="6.428"/>
  <testcase classname="Bchat.TestScenarios.SignIn_Flow_seed_Screen" name="TC_105_To_Validate_Whether_Entered_seed_is_editable" time="7.704"/>
  <testcase classname="Bchat.TestScenarios.SignIn_Flow_seed_Screen" name="TC_103_To_Validate_the_working_of_the_next_option_by_entering_Invalid_seed" time="11.068"/>
  <testcase classname="Bchat.TestScenarios.SignIn_Flow_seed_Screen" name="TC_103_To_Validate_the_working_of_the_next_option_by_entering_Invalid_seed" time="5.253"/>
  <testcase classname="Bchat.TestScenarios.SignIn_Flow_seed_Screen" name="TC_103_To_Validate_the_working_of_the_next_option_by_entering_Invalid_seed" time="14.967"/>
  <testcase classname="Bchat.TestScenarios.SignIn_Flow_seed_Screen" name="TC_103_To_Validate_the_working_of_the_next_option_by_entering_Invalid_seed" time="4.464"/>
  <testcase classname="Bchat.TestScenarios.SignIn_Flow_seed_Screen" name="TC_103_To_Validate_the_working_of_the_next_option_by_entering_Invalid_seed" time="10.706"/>
  <testcase classname="Bchat.TestScenarios.SignIn_Flow_seed_Screen" name="TC_100_To_Validate_the_working_of_next_option_by_pasting_25_blank_space_value" time="8.320"/>
  <testcase classname="Bchat.TestScenarios.SignIn_Flow_seed_Screen" name="TC_104_To_Validate_the_working_of_the_next_option_by_entering_Valid_seed" time="14.481"/>
</testsuite> <!-- Bchat.TestScenarios.SignIn_Flow_seed_Screen -->
