<?xml version="1.0" encoding="UTF-8"?>
<!-- Generated by org.testng.reporters.JUnitReportReporter -->
<testsuite hostname="Aravind" failures="0" tests="3" name="Bchat.TestScenarios.Blocked_Contact_Screen_And_Its_Functionalities" time="109.662" errors="0" timestamp="2024-09-18T12:44:37 IST" skipped="0">
  <testcase classname="Bchat.TestScenarios.Blocked_Contact_Screen_And_Its_Functionalities" name="Presetup" time="64.396"/>
  <testcase classname="Bchat.TestScenarios.Blocked_Contact_Screen_And_Its_Functionalities" name="To_Validate_the_Blocked_Contacts_screen_when_there_is_no_blocked_contact" time="12.143"/>
  <testcase classname="Bchat.TestScenarios.Blocked_Contact_Screen_And_Its_Functionalities" name="To_Validate_whether_blocked_contacts_is_showing" time="33.123"/>
</testsuite> <!-- Bchat.TestScenarios.Blocked_Contact_Screen_And_Its_Functionalities -->
