<?xml version="1.0" encoding="UTF-8"?>
<!-- Generated by org.testng.reporters.JUnitReportReporter -->
<testsuite hostname="Aravind" failures="0" tests="6" name="Bchat.TestScenarios.Send_Screen_Fnctionalities_In_createAccount_Flow" time="193.377" errors="0" timestamp="2024-08-11T17:23:04 IST" skipped="0">
  <testcase classname="Bchat.TestScenarios.Send_Screen_Fnctionalities_In_createAccount_Flow" name="PreSetup" time="117.231"/>
  <testcase classname="Bchat.TestScenarios.Send_Screen_Fnctionalities_In_createAccount_Flow" name="To_validate_the_presence_of_placeholder" time="2.733"/>
  <testcase classname="Bchat.TestScenarios.Send_Screen_Fnctionalities_In_createAccount_Flow" name="To_Validate_the_cursor_blinks_on_Clicking_the_textbox" time="12.804"/>
  <testcase classname="Bchat.TestScenarios.Send_Screen_Fnctionalities_In_createAccount_Flow" name="To_validate_the_working_of_the_dropdown_in_transaction_priority" time="47.132"/>
  <testcase classname="Bchat.TestScenarios.Send_Screen_Fnctionalities_In_createAccount_Flow" name="To_Validate_the_estimated_fee_in_Slow_And_in_flash" time="12.374"/>
  <testcase classname="Bchat.TestScenarios.Send_Screen_Fnctionalities_In_createAccount_Flow" name="To_validate_the_working_of_send_function_with_value_amount_and_without_value_in_address" time="1.103"/>
</testsuite> <!-- Bchat.TestScenarios.Send_Screen_Fnctionalities_In_createAccount_Flow -->
