<?xml version="1.0" encoding="UTF-8"?>
<!-- Generated by org.testng.reporters.JUnitReportReporter -->
<testsuite hostname="Aravind" failures="0" tests="1" name="Bchat.TestScenarios.demo" time="17.214" errors="0" timestamp="26 Apr 2024 08:13:15 GMT" skipped="0">
  <testcase classname="Bchat.TestScenarios.demo" name="openapplandingpage" time="17.214"/>
</testsuite> <!-- Bchat.TestScenarios.demo -->
