<?xml version="1.0" encoding="UTF-8"?>
<!-- Generated by org.testng.reporters.JUnitReportReporter -->
<testsuite hostname="Aravind" failures="0" tests="5" name="Bchat.TestScenarios.ClearData_Screen_And_its_Functionalities" time="250.943" errors="0" timestamp="2024-07-26T18:17:15 IST" skipped="0">
  <testcase classname="Bchat.TestScenarios.ClearData_Screen_And_its_Functionalities" name="preSetup" time="51.368"/>
  <testcase classname="Bchat.TestScenarios.ClearData_Screen_And_its_Functionalities" name="To_Validate_whether_able_to_navigate_back_to_Account_Settings_Screen" time="2.638"/>
  <testcase classname="Bchat.TestScenarios.ClearData_Screen_And_its_Functionalities" name="To_Validate_the_working_of_cancel_button_in_all_popup" time="21.120"/>
  <testcase classname="Bchat.TestScenarios.ClearData_Screen_And_its_Functionalities" name="To_Validate_the_working_of_clear_all_data_option" time="43.711"/>
  <testcase classname="Bchat.TestScenarios.ClearData_Screen_And_its_Functionalities" name="To_Validate_the_working_of_delete_option" time="132.106"/>
</testsuite> <!-- Bchat.TestScenarios.ClearData_Screen_And_its_Functionalities -->
