<?xml version="1.0" encoding="UTF-8"?>
<!-- Generated by org.testng.reporters.JUnitReportReporter -->
<testsuite hostname="Aravind" failures="0" tests="17" name="Bchat.TestScenarios.Join_SocialGroup_screen_And_its_Functionalities" time="334.033" errors="0" timestamp="2024-08-27T19:44:13 IST" skipped="0">
  <testcase classname="Bchat.TestScenarios.Join_SocialGroup_screen_And_its_Functionalities" name="preSetup" time="26.994"/>
  <testcase classname="Bchat.TestScenarios.Join_SocialGroup_screen_And_its_Functionalities" name="To_Validate_whether_able_to_navigate_back_to_HomeScreen" time="4.412"/>
  <testcase classname="Bchat.TestScenarios.Join_SocialGroup_screen_And_its_Functionalities" name="To_Validate_whether_suggested_social_groups_showing" time="55.398"/>
  <testcase classname="Bchat.TestScenarios.Join_SocialGroup_screen_And_its_Functionalities" name="To_Validate_whether_able_to_join_the_groups_shown_in_suggestion" time="9.733"/>
  <testcase classname="Bchat.TestScenarios.Join_SocialGroup_screen_And_its_Functionalities" name="To_Validate_next_option_in_Join_SocialGroup_by_entering_a_Invalid_URL" time="9.393"/>
  <testcase classname="Bchat.TestScenarios.Join_SocialGroup_screen_And_its_Functionalities" name="To_Validate_the_next_option_without_entering_values_in_url" time="0.561"/>
  <testcase classname="Bchat.TestScenarios.Join_SocialGroup_screen_And_its_Functionalities" name="To_Validate_the_presence_of_placeholder_inside_the_textbox" time="37.557"/>
  <testcase classname="Bchat.TestScenarios.Join_SocialGroup_screen_And_its_Functionalities" name="To_Validate_the_next_option_in_join_socialGroup_with_empty_space_value" time="1.529"/>
  <testcase classname="Bchat.TestScenarios.Join_SocialGroup_screen_And_its_Functionalities" name="To_Validate_the_textbox_of_join_socialGroup_using_special_Characters" time="19.727"/>
  <testcase classname="Bchat.TestScenarios.Join_SocialGroup_screen_And_its_Functionalities" name="To_Validate_Whether_value_entered_inside_textbox_is_editable" time="0.918"/>
  <testcase classname="Bchat.TestScenarios.Join_SocialGroup_screen_And_its_Functionalities" name="To_Validate_the_textbox_of_join_socialGroup_using_numerical_values" time="1.482"/>
  <testcase classname="Bchat.TestScenarios.Join_SocialGroup_screen_And_its_Functionalities" name="To_Validate_the_textbox_of_join_socialGroup_using_Alphabets_both_in_upperCase_and_lowerCase" time="2.605"/>
  <testcase classname="Bchat.TestScenarios.Join_SocialGroup_screen_And_its_Functionalities" name="To_Validate_Whether_able_to_paste_values_in_textbox" time="1.540"/>
  <testcase classname="Bchat.TestScenarios.Join_SocialGroup_screen_And_its_Functionalities" name="To_Validate_Scanner_in_the_Join_SocialGroup_by_scanning_a_Invalid_BarCode" time="30.603"/>
  <testcase classname="Bchat.TestScenarios.Join_SocialGroup_screen_And_its_Functionalities" name="To_Validate_next_option_in_Join_SocialGroup_by_entering_a_valid_URL" time="63.004"/>
  <testcase classname="Bchat.TestScenarios.Join_SocialGroup_screen_And_its_Functionalities" name="To_Validate_whether_able_to_join_socialGroup_without_internet_connection" time="65.586"/>
  <testcase classname="Bchat.TestScenarios.Join_SocialGroup_screen_And_its_Functionalities" name="To_validate_whether_cursor_blinks_while_clicking_the_textbox" time="2.991"/>
</testsuite> <!-- Bchat.TestScenarios.Join_SocialGroup_screen_And_its_Functionalities -->
