<?xml version="1.0" encoding="UTF-8"?>
<!-- Generated by org.testng.reporters.JUnitReportReporter -->
<testsuite hostname="Aravind" failures="0" tests="39" name="Bchat.TestScenarios.CreateSecret_Group_and_Its_Functionality" time="1100.510" errors="0" timestamp="2024-10-14T19:07:17 IST" skipped="0">
  <testcase classname="Bchat.TestScenarios.CreateSecret_Group_and_Its_Functionality" name="preSetup" time="79.705"/>
  <testcase classname="Bchat.TestScenarios.CreateSecret_Group_and_Its_Functionality" name="To_Validate_whether_able_to_navigate_back_to_home_screen" time="11.688"/>
  <testcase classname="Bchat.TestScenarios.CreateSecret_Group_and_Its_Functionality" name="To_Validate_Whether_able_to_select_the_contacts_showing" time="37.536"/>
  <testcase classname="Bchat.TestScenarios.CreateSecret_Group_and_Its_Functionality" name="To_Validate_Whether_able_to_Unselect_the_contacts_showing" time="0.524"/>
  <testcase classname="Bchat.TestScenarios.CreateSecret_Group_and_Its_Functionality" name="To_Validate_Whether_able_to_multi_select_the_contacts_showing" time="20.593"/>
  <testcase classname="Bchat.TestScenarios.CreateSecret_Group_and_Its_Functionality" name="To_Validate_Create_function_without_entering_groupName_and_without_selecting_member" time="0.518"/>
  <testcase classname="Bchat.TestScenarios.CreateSecret_Group_and_Its_Functionality" name="To_Validate_Create_function_with_entering_groupName_and_without_selecting_member" time="38.493"/>
  <testcase classname="Bchat.TestScenarios.CreateSecret_Group_and_Its_Functionality" name="To_Validate_the_Create_function_without_entering_groupName_and_with_selecting_member" time="3.114"/>
  <testcase classname="Bchat.TestScenarios.CreateSecret_Group_and_Its_Functionality" name="To_Validate_Create_function_with_entering_space_value_in_groupName_and_with_selecting_a_member" time="5.999"/>
  <testcase classname="Bchat.TestScenarios.CreateSecret_Group_and_Its_Functionality" name="To_Validate_Create_function_with_entering_groupName_and_with_selecting_member" time="67.016"/>
  <testcase classname="Bchat.TestScenarios.CreateSecret_Group_and_Its_Functionality" name="To_Validate_whether_crusher_blink_on_clicking_textboxes_of_SecretGroup" time="5.847"/>
  <testcase classname="Bchat.TestScenarios.CreateSecret_Group_and_Its_Functionality" name="To_Validate_presence_of_placeholder_in_the_textboxes_of_SecretGroup" time="0.419"/>
  <testcase classname="Bchat.TestScenarios.CreateSecret_Group_and_Its_Functionality" name="To_validate_whether_paste_option_is_working_on_textbox_of_Secret_Group" time="11.555"/>
  <testcase classname="Bchat.TestScenarios.CreateSecret_Group_and_Its_Functionality" name="To_Validate_whether_able_to_create_secret_group_without_internet_connection" time="53.481"/>
  <testcase classname="Bchat.TestScenarios.CreateSecret_Group_and_Its_Functionality" name="To_Validate_the_textbox_of_Secret_Group_using_special_Characters" time="2.642"/>
  <testcase classname="Bchat.TestScenarios.CreateSecret_Group_and_Its_Functionality" name="To_Validate_the_textbox_of_SecretGroup_using_Alphabets_both_in_uppercase_and_lowercase" time="7.443"/>
  <testcase classname="Bchat.TestScenarios.CreateSecret_Group_and_Its_Functionality" name="To_Validate_the_textbox_of_SecretGroup_by_numerical_value" time="1.378"/>
  <testcase classname="Bchat.TestScenarios.CreateSecret_Group_and_Its_Functionality" name="To_Validate_whether_the_value_entered_in_textbox_of_SecretGroup_is_editable_And_Deleteable" time="41.891"/>
  <testcase classname="Bchat.TestScenarios.CreateSecret_Group_and_Its_Functionality" name="To_validate_working_of_remove_member_from_group" time="41.514"/>
  <testcase classname="Bchat.TestScenarios.CreateSecret_Group_and_Its_Functionality" name="To_Validate_the_whether_able_add_new_member_in_the_group" time="7.606"/>
  <testcase classname="Bchat.TestScenarios.CreateSecret_Group_and_Its_Functionality" name="To_validate_whether_able_to_change_the_group_name" time="8.989"/>
  <testcase classname="Bchat.TestScenarios.CreateSecret_Group_and_Its_Functionality" name="To_validate_whether_able_to_set_group_name_without_value" time="54.675"/>
  <testcase classname="Bchat.TestScenarios.CreateSecret_Group_and_Its_Functionality" name="To_Validate_whether_able_to_set_group_with_already_existing_name" time="46.763"/>
  <testcase classname="Bchat.TestScenarios.CreateSecret_Group_and_Its_Functionality" name="To_Validate_the_working_of_cancel_option_in_popup" time="24.225"/>
  <testcase classname="Bchat.TestScenarios.CreateSecret_Group_and_Its_Functionality" name="To_Validate_the_working_of_both_option_Notification_settings_of_menu_bar_in_group_messaging_screen" time="154.944"/>
  <testcase classname="Bchat.TestScenarios.CreateSecret_Group_and_Its_Functionality" name="To_Validate_whether_call_functions_is_not_present_in_group_messaging_screen" time="61.026"/>
  <testcase classname="Bchat.TestScenarios.CreateSecret_Group_and_Its_Functionality" name="To_validate_whether_pay_as_you_chat_function_is_not_present_in_the_chat" time="79.848"/>
  <testcase classname="Bchat.TestScenarios.CreateSecret_Group_and_Its_Functionality" name="To_Validate_whether_able_to_send_message_in_group_chat" time="7.964"/>
  <testcase classname="Bchat.TestScenarios.CreateSecret_Group_and_Its_Functionality" name="To_validate_whether_able_to_send_voice_message" time="42.937"/>
  <testcase classname="Bchat.TestScenarios.CreateSecret_Group_and_Its_Functionality" name="To_validate_whether_able_to_send_attachments" time="18.172"/>
  <testcase classname="Bchat.TestScenarios.CreateSecret_Group_and_Its_Functionality" name="To_validate_whether_able_to_set_group_name_with_space_in_between_values" time="9.302"/>
  <testcase classname="Bchat.TestScenarios.CreateSecret_Group_and_Its_Functionality" name="To_validate_whether_able_to_set_group_name_with_numerical_values" time="6.641"/>
  <testcase classname="Bchat.TestScenarios.CreateSecret_Group_and_Its_Functionality" name="To_validate_whether_able_to_set_group_name_with_special_characters" time="11.936"/>
  <testcase classname="Bchat.TestScenarios.CreateSecret_Group_and_Its_Functionality" name="To_Validate_whether_able_to_set_group_name_with_mixed_values" time="40.263"/>
  <testcase classname="Bchat.TestScenarios.CreateSecret_Group_and_Its_Functionality" name="To_validate_the_presence_of_placeholder_in_group_name_textbox" time="22.253"/>
  <testcase classname="Bchat.TestScenarios.CreateSecret_Group_and_Its_Functionality" name="To_validate_the_working_of_leave_group" time="7.141"/>
  <testcase classname="Bchat.TestScenarios.CreateSecret_Group_and_Its_Functionality" name="To_Validate_the_working_of_community_guidelines_in_social_group_messaging_screen" time="59.667"/>
  <testcase classname="Bchat.TestScenarios.CreateSecret_Group_and_Its_Functionality" name="To_validate_the_working_of_add_member_in_social_group_messaging_screen" time="4.530"/>
  <testcase classname="Bchat.TestScenarios.CreateSecret_Group_and_Its_Functionality" name="To_Validate_whether_member_count_showing_in_social_group" time="0.272"/>
</testsuite> <!-- Bchat.TestScenarios.CreateSecret_Group_and_Its_Functionality -->
