<?xml version="1.0" encoding="UTF-8"?>
<!-- Generated by org.testng.reporters.JUnitReportReporter -->
<testsuite hostname="Aravind" failures="0" tests="9" name="Bchat.TestScenarios.My_Wallet_Screen_And_Functionalities" time="170.274" errors="0" timestamp="2024-08-02T19:21:11 IST" skipped="0">
  <testcase classname="Bchat.TestScenarios.My_Wallet_Screen_And_Functionalities" name="PreSetup" time="48.486"/>
  <testcase classname="Bchat.TestScenarios.My_Wallet_Screen_And_Functionalities" name="To_Validate_whether_able_to_navigate_back_from_wallet_enable_screen" time="5.513"/>
  <testcase classname="Bchat.TestScenarios.My_Wallet_Screen_And_Functionalities" name="To_Validate_the_working_of_enable_wallet_button_without_clicking_the_check_box" time="1.289"/>
  <testcase classname="Bchat.TestScenarios.My_Wallet_Screen_And_Functionalities" name="To_validate_the_Working_of_the_yes_i_understand_check_box" time="44.288"/>
  <testcase classname="Bchat.TestScenarios.My_Wallet_Screen_And_Functionalities" name="To_Validate_the_working_of_Enable_wallet_Button" time="8.025"/>
  <testcase classname="Bchat.TestScenarios.My_Wallet_Screen_And_Functionalities" name="To_Validate_whether_able_to_navigate_to_ReEnter_pin_field_without_entering_a_value_in_create_pin_field" time="2.241"/>
  <testcase classname="Bchat.TestScenarios.My_Wallet_Screen_And_Functionalities" name="To_Validate_whether_able_to_navigate_to_next_screen_without_entering_a_value_in_ReEnter_pin_field" time="1.692"/>
  <testcase classname="Bchat.TestScenarios.My_Wallet_Screen_And_Functionalities" name="To_Validate_Wallet_password_functionality_by_entering_valid_value_in_Create_pin_and_invaid_Value_in_ReEnter_pin" time="53.169"/>
  <testcase classname="Bchat.TestScenarios.My_Wallet_Screen_And_Functionalities" name="To_Validate_the_Wallet_password_functionality_by_entering_a_valid_Create_pin_and_valid_ReEnter_pin" time="5.571"/>
</testsuite> <!-- Bchat.TestScenarios.My_Wallet_Screen_And_Functionalities -->
