<?xml version="1.0" encoding="UTF-8"?>
<!-- Generated by org.testng.reporters.JUnitReportReporter -->
<testsuite hostname="Aravind" failures="0" tests="2" name="Bchat.TestScenarios.New_Chat_Screen_and_its_Functionalities" time="51.362" errors="0" timestamp="2024-09-13T19:33:21 IST" skipped="0">
  <testcase classname="Bchat.TestScenarios.New_Chat_Screen_and_its_Functionalities" name="PreSetup" time="33.874"/>
  <testcase classname="Bchat.TestScenarios.New_Chat_Screen_and_its_Functionalities" name="To_validate_the_working_of_upload_from_gallery_option_with_normal_image" time="17.488"/>
</testsuite> <!-- Bchat.TestScenarios.New_Chat_Screen_and_its_Functionalities -->
