<?xml version="1.0" encoding="UTF-8"?>
<!-- Generated by org.testng.reporters.JUnitReportReporter -->
<testsuite hostname="Aravind" failures="0" tests="1" name="Bchat.TestScenarios.Opening_Screen_And_Functionality" time="5.556" errors="0" timestamp="23 Apr 2024 13:14:05 GMT" skipped="0">
  <testcase classname="Bchat.TestScenarios.Opening_Screen_And_Functionality" name="TC_8_To_Validate_whether_able_to_navigate_out_And_Open_the_App_Again" time="5.556"/>
</testsuite> <!-- Bchat.TestScenarios.Opening_Screen_And_Functionality -->
