<?xml version="1.0" encoding="UTF-8"?>
<!-- Generated by org.testng.reporters.JUnitReportReporter -->
<testsuite hostname="Aravind" failures="0" tests="2" name="Bchat.TestScenarios.Home_Screen_And_Functionalities_In_Create_Account_Flow" time="29.865" errors="0" timestamp="2024-09-18T12:44:37 IST" skipped="0">
  <testcase classname="Bchat.TestScenarios.Home_Screen_And_Functionalities_In_Create_Account_Flow" name="PreSetup" time="28.955"/>
  <testcase classname="Bchat.TestScenarios.Home_Screen_And_Functionalities_In_Create_Account_Flow" name="To_Validate_the_blank_screen_While_creating_new_Account" time="0.910"/>
</testsuite> <!-- Bchat.TestScenarios.Home_Screen_And_Functionalities_In_Create_Account_Flow -->
