<?xml version="1.0" encoding="UTF-8"?>
<!-- Generated by org.testng.reporters.JUnitReportReporter -->
<testsuite hostname="Aravind" failures="0" tests="7" name="Bchat.TestScenarios.Wallet_Settings_Screen_And_Its_Functionalities" time="438.223" errors="0" timestamp="2024-08-08T15:41:34 IST" skipped="0">
  <testcase classname="Bchat.TestScenarios.Wallet_Settings_Screen_And_Its_Functionalities" name="preSetup" time="115.982"/>
  <testcase classname="Bchat.TestScenarios.Wallet_Settings_Screen_And_Its_Functionalities" name="To_Validate_the_Change_pin_functionality_by_entering_a_valid_old_pin" time="6.080"/>
  <testcase classname="Bchat.TestScenarios.Wallet_Settings_Screen_And_Its_Functionalities" name="To_Validate_the_Change_pin_functionality_by_entering_Incorrect_old_pin" time="102.434"/>
  <testcase classname="Bchat.TestScenarios.Wallet_Settings_Screen_And_Its_Functionalities" name="To_Validatethe_Whether_able_to_navigate_to_next_screen_without_entering_a_values_in_pin_fields" time="69.490"/>
  <testcase classname="Bchat.TestScenarios.Wallet_Settings_Screen_And_Its_Functionalities" name="To_Validate_whether_able_to_set_new_pin_with_old_pin_value" time="62.859"/>
  <testcase classname="Bchat.TestScenarios.Wallet_Settings_Screen_And_Its_Functionalities" name="To_Validate_the_ChangePin_functionality_by_entering_a_valid_value_in_Newpin_and_invalid_value_in_ReEnter_pin" time="69.657"/>
  <testcase classname="Bchat.TestScenarios.Wallet_Settings_Screen_And_Its_Functionalities" name="To_Validate_the_Change_Pin_functionality_by_entering_a_valid_Create_pin_and_valid_ReEnter_pin" time="11.721"/>
</testsuite> <!-- Bchat.TestScenarios.Wallet_Settings_Screen_And_Its_Functionalities -->
