<?xml version="1.0" encoding="UTF-8"?>
<!-- Generated by org.testng.reporters.JUnitReportReporter -->
<testsuite hostname="Aravind" failures="0" tests="6" name="Bchat.TestScenarios.Landing_Screen_And_Functionality" time="29.773" errors="0" timestamp="09 May 2024 12:54:36 GMT" skipped="0">
  <testcase classname="Bchat.TestScenarios.Landing_Screen_And_Functionality" name="TC_3_Validate_whether_functions_and_buttons_is_Clickable" time="0.696"/>
  <testcase classname="Bchat.TestScenarios.Landing_Screen_And_Functionality" name="TC_8_To_Validate_whether_able_to_navigate_out_And_Open_the_App_Again" time="4.735"/>
  <testcase classname="Bchat.TestScenarios.Landing_Screen_And_Functionality" name="TC_4_To_Validate_the_navigation_to_Create_Account_screen_both_forward_and_backward_direction" time="6.105"/>
  <testcase classname="Bchat.TestScenarios.Landing_Screen_And_Functionality" name="TC_5_To_Validate_the_navigation_to_SignIn_screen_both_forward_and_backward_direction" time="6.386"/>
  <testcase classname="Bchat.TestScenarios.Landing_Screen_And_Functionality" name="TC_6_To_Validate_the_navigation_to_Terms_And_Conditions_screen_both_forward_and_backward_direction" time="10.587"/>
  <testcase classname="Bchat.TestScenarios.Landing_Screen_And_Functionality" name="setupTo_Create_Account_screen" time="1.264"/>
</testsuite> <!-- Bchat.TestScenarios.Landing_Screen_And_Functionality -->
