<?xml version="1.0" encoding="UTF-8"?>
<!-- Generated by org.testng.reporters.JUnitReportReporter -->
<testsuite hostname="Aravind" failures="0" tests="1" name="Bchat.TestScenarios.demo" time="0.004" errors="0" timestamp="2024-07-30T18:37:24 IST" skipped="0">
  <testcase classname="Bchat.TestScenarios.demo" name="demo" time="0.004"/>
</testsuite> <!-- Bchat.TestScenarios.demo -->
