<?xml version="1.0" encoding="UTF-8"?>
<!-- Generated by org.testng.reporters.JUnitReportReporter -->
<testsuite hostname="Aravind" failures="0" tests="1" name="Bchat.TestScenarios.demo" time="196.012" errors="0" timestamp="2024-08-29T17:50:32 IST" skipped="0">
  <testcase classname="Bchat.TestScenarios.demo" name="check" time="196.012"/>
</testsuite> <!-- Bchat.TestScenarios.demo -->
