<?xml version="1.0" encoding="UTF-8"?>
<!-- Generated by org.testng.reporters.JUnitReportReporter -->
<testsuite hostname="Aravind" failures="0" tests="9" name="Bchat.TestScenarios.Receive_Screen_And_Its_Functionalities" time="70.606" errors="0" timestamp="2024-08-09T18:35:37 IST" skipped="0">
  <testcase classname="Bchat.TestScenarios.Receive_Screen_And_Its_Functionalities" name="To_validate_the_amount_text_box_with_Invalid_amount_value" time="0.788"/>
  <testcase classname="Bchat.TestScenarios.Receive_Screen_And_Its_Functionalities" name="PreSetup" time="44.960"/>
  <testcase classname="Bchat.TestScenarios.Receive_Screen_And_Its_Functionalities" name="To_Validate_whether_allowing_to_enter_Special_characters_and_multiple_dots" time="8.956"/>
  <testcase classname="Bchat.TestScenarios.Receive_Screen_And_Its_Functionalities" name="To_Validate_whether_able_to_enter_values_above_boundary_limit" time="0.809"/>
  <testcase classname="Bchat.TestScenarios.Receive_Screen_And_Its_Functionalities" name="To_validate_whether_able_to_paste_numerical_value_in_amount_textbox" time="1.742"/>
  <testcase classname="Bchat.TestScenarios.Receive_Screen_And_Its_Functionalities" name="To_validate_whether_cursor_blinks_on_clicking_the_textbox" time="1.223"/>
  <testcase classname="Bchat.TestScenarios.Receive_Screen_And_Its_Functionalities" name="To_Validate_the_amount_textbox_with_valid_amount_value" time="4.184"/>
  <testcase classname="Bchat.TestScenarios.Receive_Screen_And_Its_Functionalities" name="To_validate_the_presence_of_place_holder" time="0.396"/>
  <testcase classname="Bchat.TestScenarios.Receive_Screen_And_Its_Functionalities" name="To_validate_whether_able_to_paste_characters_value_in_amount_textbox" time="7.548"/>
</testsuite> <!-- Bchat.TestScenarios.Receive_Screen_And_Its_Functionalities -->
