<?xml version="1.0" encoding="UTF-8"?>
<!-- Generated by org.testng.reporters.JUnitReportReporter -->
<testsuite hostname="Aravind" failures="0" tests="5" name="Bchat.TestScenarios.Create_Account_Flow_Recovery_Phrase_Screen_And_Functionalities" time="29.518" errors="0" timestamp="03 May 2024 13:15:10 GMT" skipped="0">
  <testcase classname="Bchat.TestScenarios.Create_Account_Flow_Recovery_Phrase_Screen_And_Functionalities" name="presetup" time="16.934"/>
  <testcase classname="Bchat.TestScenarios.Create_Account_Flow_Recovery_Phrase_Screen_And_Functionalities" name="TC_85_To_Validate_Whether_Able_to_Navigate_Previous_screen" time="4.730"/>
  <testcase classname="Bchat.TestScenarios.Create_Account_Flow_Recovery_Phrase_Screen_And_Functionalities" name="TC_82_To_Validate_whether_able_to_navigate_to_the_next_screen_without_copying_the_recovery_seed" time="1.354"/>
  <testcase classname="Bchat.TestScenarios.Create_Account_Flow_Recovery_Phrase_Screen_And_Functionalities" name="TC_81_To_Validate_the_working_of_the_copy_option_in_the_recovery_phase_screen" time="4.147"/>
  <testcase classname="Bchat.TestScenarios.Create_Account_Flow_Recovery_Phrase_Screen_And_Functionalities" name="TC_84_1_To_Validate_the_working_of_the_continue_button_after_copying_the_recovery_seed" time="2.353"/>
</testsuite> <!-- Bchat.TestScenarios.Create_Account_Flow_Recovery_Phrase_Screen_And_Functionalities -->
