<?xml version="1.0" encoding="UTF-8"?>
<!-- Generated by org.testng.reporters.JUnitReportReporter -->
<testsuite hostname="Aravind" failures="0" tests="10" name="Bchat.TestScenarios.Group_Chat_Screen" time="444.881" errors="0" timestamp="2024-09-16T20:24:55 IST" skipped="0">
  <testcase classname="Bchat.TestScenarios.Group_Chat_Screen" name="PreSetup" time="99.307"/>
  <testcase classname="Bchat.TestScenarios.Group_Chat_Screen" name="To_validate_whether_able_to_set_group_name_with_space_in_between_values" time="61.351"/>
  <testcase classname="Bchat.TestScenarios.Group_Chat_Screen" name="To_validate_whether_able_to_set_group_name_with_numerical_values" time="58.480"/>
  <testcase classname="Bchat.TestScenarios.Group_Chat_Screen" name="To_validate_whether_able_to_set_group_name_with_special_characters" time="9.021"/>
  <testcase classname="Bchat.TestScenarios.Group_Chat_Screen" name="To_Validate_whether_able_to_set_group_name_with_mixed_values" time="50.545"/>
  <testcase classname="Bchat.TestScenarios.Group_Chat_Screen" name="To_validate_the_presence_of_placeholder_in_group_name_textbox" time="59.636"/>
  <testcase classname="Bchat.TestScenarios.Group_Chat_Screen" name="To_validate_the_working_of_leave_group" time="90.770"/>
  <testcase classname="Bchat.TestScenarios.Group_Chat_Screen" name="To_Validate_the_working_of_community_guidelines_in_social_group_messaging_screen" time="11.191"/>
  <testcase classname="Bchat.TestScenarios.Group_Chat_Screen" name="To_validate_the_working_of_add_member_in_social_group_messaging_screen" time="4.388"/>
  <testcase classname="Bchat.TestScenarios.Group_Chat_Screen" name="To_Validate_whether_member_count_showing_in_social_group" time="0.192"/>
</testsuite> <!-- Bchat.TestScenarios.Group_Chat_Screen -->
