<?xml version="1.0" encoding="UTF-8"?>
<!-- Generated by org.testng.reporters.JUnitReportReporter -->
<testsuite hostname="Aravind" failures="0" tests="12" name="Bchat.TestScenarios.Note_To_Self_Screen_And_its_Functionalities" time="351.855" errors="0" timestamp="2024-09-05T19:43:04 IST" skipped="0">
  <testcase classname="Bchat.TestScenarios.Note_To_Self_Screen_And_its_Functionalities" name="preSetup" time="52.372"/>
  <testcase classname="Bchat.TestScenarios.Note_To_Self_Screen_And_its_Functionalities" name="To_Validate_All_media_screen_when_empty" time="41.254"/>
  <testcase classname="Bchat.TestScenarios.Note_To_Self_Screen_And_its_Functionalities" name="To_Validate_the_search_option_with_valid_value" time="17.572"/>
  <testcase classname="Bchat.TestScenarios.Note_To_Self_Screen_And_its_Functionalities" name="To_validate_the_search_option_with_invalid_value" time="29.168"/>
  <testcase classname="Bchat.TestScenarios.Note_To_Self_Screen_And_its_Functionalities" name="To_Validate_the_working_of_cancel_button_in_Add_to_home_screen_popup" time="19.762"/>
  <testcase classname="Bchat.TestScenarios.Note_To_Self_Screen_And_its_Functionalities" name="To_Validate_the_working_of_Add_To_home_screen" time="11.036"/>
  <testcase classname="Bchat.TestScenarios.Note_To_Self_Screen_And_its_Functionalities" name="To_Validate_the_working_of_copy_text_option" time="7.978"/>
  <testcase classname="Bchat.TestScenarios.Note_To_Self_Screen_And_its_Functionalities" name="To_Validate_the_navigation_to_message_details_screen" time="44.358"/>
  <testcase classname="Bchat.TestScenarios.Note_To_Self_Screen_And_its_Functionalities" name="To_Validate_whether_able_to_unselect_the_selected_message" time="7.533"/>
  <testcase classname="Bchat.TestScenarios.Note_To_Self_Screen_And_its_Functionalities" name="To_validate_the_working_of_reply_option" time="8.889"/>
  <testcase classname="Bchat.TestScenarios.Note_To_Self_Screen_And_its_Functionalities" name="To_Validate_whether_able_to_share_the_files_photos_in_the_note_to_myself" time="46.062"/>
  <testcase classname="Bchat.TestScenarios.Note_To_Self_Screen_And_its_Functionalities" name="To_validate_the_all_media_with_image" time="65.871"/>
</testsuite> <!-- Bchat.TestScenarios.Note_To_Self_Screen_And_its_Functionalities -->
