<?xml version="1.0" encoding="UTF-8"?>
<!-- Generated by org.testng.reporters.JUnitReportReporter -->
<testsuite hostname="Aravind" failures="0" tests="11" name="Bchat.TestScenarios.CreatePasswrod_Screen_And_its_Functionalities" time="259.460" errors="0" timestamp="27 Apr 2024 12:13:56 GMT" skipped="0">
  <testcase classname="Bchat.TestScenarios.CreatePasswrod_Screen_And_its_Functionalities" name="preSetup" time="9.591"/>
  <testcase classname="Bchat.TestScenarios.CreatePasswrod_Screen_And_its_Functionalities" name="TC_73_To_Validate_the_presence_of_placeholder_in_the_Create_password_Fields" time="2.132"/>
  <testcase classname="Bchat.TestScenarios.CreatePasswrod_Screen_And_its_Functionalities" name="TC_60_To_Validate_the_next_function_without_entering_a_value_in_Enter_password_and_ReEnter_password" time="4.170"/>
  <testcase classname="Bchat.TestScenarios.CreatePasswrod_Screen_And_its_Functionalities" name="TC_57_To_Validate_with_Valid_value_in_enter_password_field_and_Invalid_value_in_ReEnter_password_field" time="17.925"/>
  <testcase classname="Bchat.TestScenarios.CreatePasswrod_Screen_And_its_Functionalities" name="TC_61_To_Validate_the_next_function_without_entering_a_value_in_Enter_password_and_with_a_value_in_ReEnter_password" time="12.979"/>
  <testcase classname="Bchat.TestScenarios.CreatePasswrod_Screen_And_its_Functionalities" name="TC_62_To_Validate_the_next_function_with_value_only_In_ReEnter_password_Field" time="33.277"/>
  <testcase classname="Bchat.TestScenarios.CreatePasswrod_Screen_And_its_Functionalities" name="TC_65_To_Validate_the_Pin_number_fields_by_entering_values_below_boundary_value_In_both_Fields" time="17.435"/>
  <testcase classname="Bchat.TestScenarios.CreatePasswrod_Screen_And_its_Functionalities" name="TC_66_To_Validate_the_Password_number_fields_by_entering_values_below_boundary_value_in_any_one_field" time="21.093"/>
  <testcase classname="Bchat.TestScenarios.CreatePasswrod_Screen_And_its_Functionalities" name="TC_76_And_77_To_validate_Whether_Values_In_Password_Fields_are_Editable_And_deletable" time="90.387"/>
  <testcase classname="Bchat.TestScenarios.CreatePasswrod_Screen_And_its_Functionalities" name="TC_71_To_Validate_Create_password_by_pasting_numerical_value" time="20.045"/>
  <testcase classname="Bchat.TestScenarios.CreatePasswrod_Screen_And_its_Functionalities" name="TC_58_To_Validate_with_Valid_value_in_both_enter_password_field_and_in_ReEnter_password_field" time="30.426"/>
</testsuite> <!-- Bchat.TestScenarios.CreatePasswrod_Screen_And_its_Functionalities -->
