<?xml version="1.0" encoding="UTF-8"?>
<!-- Generated by org.testng.reporters.JUnitReportReporter -->
<testsuite hostname="Aravind" failures="0" tests="17" name="Bchat.TestScenarios.SignIn_Flow_seed__Screen" time="142.291" errors="0" timestamp="07 May 2024 13:51:56 GMT" skipped="0">
  <testcase classname="Bchat.TestScenarios.SignIn_Flow_seed__Screen" name="TC_90_1_To_Validate_Whether_Able_to_Navigate_Previous_screen" time="6.495"/>
  <testcase classname="Bchat.TestScenarios.SignIn_Flow_seed__Screen" name="TC_To_Validate_the_presence_of_placeholder_in_the_Restore_From_seed_text_box" time="1.295"/>
  <testcase classname="Bchat.TestScenarios.SignIn_Flow_seed__Screen" name="TC_To_Validate_whether_crusher_blink_on_clicking_the_Restore_From_Seed_text_Box" time="1.823"/>
  <testcase classname="Bchat.TestScenarios.SignIn_Flow_seed__Screen" name="TC_92_To_Validate_the_working_of_the_next_option_without_entering_seed" time="2.871"/>
  <testcase classname="Bchat.TestScenarios.SignIn_Flow_seed__Screen" name="TC_89_To_Validate_whether_able_to_paste_the_copied_seed" time="3.105"/>
  <testcase classname="Bchat.TestScenarios.SignIn_Flow_seed__Screen" name="TC_90_To_Validate_whether_able_to_clear_the_entered_seed" time="1.183"/>
  <testcase classname="Bchat.TestScenarios.SignIn_Flow_seed__Screen" name="TC_To_Validate_the_text_box_of_the_restore_from_screen_by_entering_values_below_boundary_value" time="7.086"/>
  <testcase classname="Bchat.TestScenarios.SignIn_Flow_seed__Screen" name="TC_To_Validate_the_text_box_of_the_restore_from_seed_by_entering_values_above_boundary_value" time="4.143"/>
  <testcase classname="Bchat.TestScenarios.SignIn_Flow_seed__Screen" name="TC_91_To_Validate_whether_able_to_type_a_seed" time="4.054"/>
  <testcase classname="Bchat.TestScenarios.SignIn_Flow_seed__Screen" name="TC_95_To_Validate_Whether_Entered_seed_is_editable" time="9.086"/>
  <testcase classname="Bchat.TestScenarios.SignIn_Flow_seed__Screen" name="TC_93_To_Validate_the_working_of_the_next_option_by_entering_Invalid_seed" time="13.829"/>
  <testcase classname="Bchat.TestScenarios.SignIn_Flow_seed__Screen" name="TC_93_To_Validate_the_working_of_the_next_option_by_entering_Invalid_seed" time="29.312"/>
  <testcase classname="Bchat.TestScenarios.SignIn_Flow_seed__Screen" name="TC_93_To_Validate_the_working_of_the_next_option_by_entering_Invalid_seed" time="10.137"/>
  <testcase classname="Bchat.TestScenarios.SignIn_Flow_seed__Screen" name="TC_93_To_Validate_the_working_of_the_next_option_by_entering_Invalid_seed" time="4.476"/>
  <testcase classname="Bchat.TestScenarios.SignIn_Flow_seed__Screen" name="TC_93_To_Validate_the_working_of_the_next_option_by_entering_Invalid_seed" time="22.262"/>
  <testcase classname="Bchat.TestScenarios.SignIn_Flow_seed__Screen" name="Validate_the_working_of_next_option_by_pasting_25_blank_space_value" time="12.307"/>
  <testcase classname="Bchat.TestScenarios.SignIn_Flow_seed__Screen" name="TC_94_To_Validate_the_working_of_the_next_option_by_entering_Valid_seed" time="8.827"/>
</testsuite> <!-- Bchat.TestScenarios.SignIn_Flow_seed__Screen -->
