<?xml version="1.0" encoding="UTF-8"?>
<!-- Generated by org.testng.reporters.JUnitReportReporter -->
<testsuite hostname="Aravind" failures="0" tests="7" name="Bchat.TestScenarios.CreateSecret_Group_and_Its_Functionality" time="169.619" errors="0" timestamp="2024-08-26T19:54:04 IST" skipped="0">
  <testcase classname="Bchat.TestScenarios.CreateSecret_Group_and_Its_Functionality" name="preSetup" time="29.614"/>
  <testcase classname="Bchat.TestScenarios.CreateSecret_Group_and_Its_Functionality" name="To_validate_whether_paste_option_is_working_on_textbox_of_Secret_Group" time="10.098"/>
  <testcase classname="Bchat.TestScenarios.CreateSecret_Group_and_Its_Functionality" name="To_Validate_whether_able_to_create_secret_group_without_internet_connection" time="23.553"/>
  <testcase classname="Bchat.TestScenarios.CreateSecret_Group_and_Its_Functionality" name="To_Validate_the_textbox_of_Secret_Group_using_special_Characters" time="8.521"/>
  <testcase classname="Bchat.TestScenarios.CreateSecret_Group_and_Its_Functionality" name="To_Validate_the_textbox_of_SecretGroup_using_Alphabets_both_in_uppercase_and_lowercase" time="38.362"/>
  <testcase classname="Bchat.TestScenarios.CreateSecret_Group_and_Its_Functionality" name="To_Validate_the_textbox_of_SecretGroup_by_numerical_value" time="21.081"/>
  <testcase classname="Bchat.TestScenarios.CreateSecret_Group_and_Its_Functionality" name="To_Validate_whether_the_value_entered_in_textbox_of_SecretGroup_is_editable_And_Deleteable" time="38.390"/>
</testsuite> <!-- Bchat.TestScenarios.CreateSecret_Group_and_Its_Functionality -->
