<?xml version="1.0" encoding="UTF-8"?>
<!-- Generated by org.testng.reporters.JUnitReportReporter -->
<testsuite hostname="Aravind" failures="0" tests="75" name="Bchat.TestScenarios.Home_Screen_And_Functionalities_In_Create_Account_Flow" time="2093.840" errors="0" timestamp="2024-10-08T19:19:46 IST" skipped="0">
  <testcase classname="Bchat.TestScenarios.Home_Screen_And_Functionalities_In_Create_Account_Flow" name="PreSetup" time="64.138"/>
  <testcase classname="Bchat.TestScenarios.Home_Screen_And_Functionalities_In_Create_Account_Flow" name="To_Validate_navigation_from_the_home_screen_in_both_forward_and_backward_direction" time="12.414"/>
  <testcase classname="Bchat.TestScenarios.Home_Screen_And_Functionalities_In_Create_Account_Flow" name="To_Validate_the_working_of_home_Screen_without_internet_connection" time="63.634"/>
  <testcase classname="Bchat.TestScenarios.Home_Screen_And_Functionalities_In_Create_Account_Flow" name="To_Validate_whether_able_to_pin_particular_group_or_person_chat" time="158.729"/>
  <testcase classname="Bchat.TestScenarios.Home_Screen_And_Functionalities_In_Create_Account_Flow" name="To_Validate_whether_able_to_unpin_a_pinned_particular_group_or_personchat" time="14.936"/>
  <testcase classname="Bchat.TestScenarios.Home_Screen_And_Functionalities_In_Create_Account_Flow" name="To_Validate_whether_able_to_mute_notifications_of_particular_group_or_person_chat" time="6.366"/>
  <testcase classname="Bchat.TestScenarios.Home_Screen_And_Functionalities_In_Create_Account_Flow" name="To_Validate_whether_able_to_Unmute_notifications_of_muted_contacts" time="4.377"/>
  <testcase classname="Bchat.TestScenarios.Home_Screen_And_Functionalities_In_Create_Account_Flow" name="To_Validate_Whether_able_to_block_the_chat" time="50.232"/>
  <testcase classname="Bchat.TestScenarios.Home_Screen_And_Functionalities_In_Create_Account_Flow" name="To_Validate_Whether_able_to_Unblock_the_chat" time="58.836"/>
  <testcase classname="Bchat.TestScenarios.Home_Screen_And_Functionalities_In_Create_Account_Flow" name="To_Validate_whether_able_to_delete_the_chats_from_chat_history_of_home_screen" time="48.287"/>
  <testcase classname="Bchat.TestScenarios.Home_Screen_And_Functionalities_In_Create_Account_Flow" name="To_Validate_the_working_of_notification_settings_mention_options_in_group_chat" time="28.958"/>
  <testcase classname="Bchat.TestScenarios.Home_Screen_And_Functionalities_In_Create_Account_Flow" name="To_Validate_the_working_of_notification_settings_All_options_in_group_chat" time="87.299"/>
  <testcase classname="Bchat.TestScenarios.Home_Screen_And_Functionalities_In_Create_Account_Flow" name="To_Validate_the_Working_of_cancel_button_in_All_popup" time="18.942"/>
  <testcase classname="Bchat.TestScenarios.Home_Screen_And_Functionalities_In_Create_Account_Flow" name="To_Validate_the_working_of_Mark_All_As_Read_option" time="101.221"/>
  <testcase classname="Bchat.TestScenarios.Home_Screen_And_Functionalities_In_Create_Account_Flow" name="To_Validate_whether_able_to_navigate_back_to_home_screen" time="16.787"/>
  <testcase classname="Bchat.TestScenarios.Home_Screen_And_Functionalities_In_Create_Account_Flow" name="To_Validate_the_NewChat_by_entering_a_Invalid_BChat_ID" time="81.623"/>
  <testcase classname="Bchat.TestScenarios.Home_Screen_And_Functionalities_In_Create_Account_Flow" name="To_validate_the_new_chat_with_invalid_bns_name" time="9.244"/>
  <testcase classname="Bchat.TestScenarios.Home_Screen_And_Functionalities_In_Create_Account_Flow" name="To_Validate_Whether_next_button_is_enable_without_enter_a_value_in_BChatID_field" time="0.317"/>
  <testcase classname="Bchat.TestScenarios.Home_Screen_And_Functionalities_In_Create_Account_Flow" name="To_validate_the_new_chat_without_entering_bdx_in_bns_name" time="11.946"/>
  <testcase classname="Bchat.TestScenarios.Home_Screen_And_Functionalities_In_Create_Account_Flow" name="To_validate_the_new_chat_with_empty_space_value" time="3.391"/>
  <testcase classname="Bchat.TestScenarios.Home_Screen_And_Functionalities_In_Create_Account_Flow" name="To_validate_the_new_chat_with_special_characters" time="2.004"/>
  <testcase classname="Bchat.TestScenarios.Home_Screen_And_Functionalities_In_Create_Account_Flow" name="To_validate_the_new_chat_function_without_internet_connection" time="26.730"/>
  <testcase classname="Bchat.TestScenarios.Home_Screen_And_Functionalities_In_Create_Account_Flow" name="To_validate_whether_able_to_paste_values_in_text_box" time="8.946"/>
  <testcase classname="Bchat.TestScenarios.Home_Screen_And_Functionalities_In_Create_Account_Flow" name="To_Validate_the_working_of_upload_from_gallery_option_with_valid_Qr_code_image" time="36.338"/>
  <testcase classname="Bchat.TestScenarios.Home_Screen_And_Functionalities_In_Create_Account_Flow" name="To_Validate_the_working_of_upload_from_gallery_option_with_invalid_Qr_code_image" time="60.629"/>
  <testcase classname="Bchat.TestScenarios.Home_Screen_And_Functionalities_In_Create_Account_Flow" name="To_Validate_the_New_Chat_by_entering_a_valid_BChat_ID" time="7.877"/>
  <testcase classname="Bchat.TestScenarios.Home_Screen_And_Functionalities_In_Create_Account_Flow" name="To_validate_the_new_chat_with_valid_bns_name" time="3.705"/>
  <testcase classname="Bchat.TestScenarios.Home_Screen_And_Functionalities_In_Create_Account_Flow" name="To_Validate_whether_able_to_navigate_back_to_HomeScreen" time="33.759"/>
  <testcase classname="Bchat.TestScenarios.Home_Screen_And_Functionalities_In_Create_Account_Flow" name="To_Validate_whether_suggested_social_groups_showing" time="3.291"/>
  <testcase classname="Bchat.TestScenarios.Home_Screen_And_Functionalities_In_Create_Account_Flow" name="To_Validate_next_option_in_Join_SocialGroup_by_entering_a_Invalid_URL" time="1.348"/>
  <testcase classname="Bchat.TestScenarios.Home_Screen_And_Functionalities_In_Create_Account_Flow" name="To_Validate_whether_able_to_join_the_groups_shown_in_suggestion" time="78.929"/>
  <testcase classname="Bchat.TestScenarios.Home_Screen_And_Functionalities_In_Create_Account_Flow" name="To_Validate_the_next_option_without_entering_values_in_url" time="32.946"/>
  <testcase classname="Bchat.TestScenarios.Home_Screen_And_Functionalities_In_Create_Account_Flow" name="To_Validate_the_presence_of_placeholder_inside_the_textbox" time="0.257"/>
  <testcase classname="Bchat.TestScenarios.Home_Screen_And_Functionalities_In_Create_Account_Flow" name="To_Validate_the_next_option_in_join_socialGroup_with_empty_space_value" time="1.154"/>
  <testcase classname="Bchat.TestScenarios.Home_Screen_And_Functionalities_In_Create_Account_Flow" name="To_Validate_the_textbox_of_join_socialGroup_using_special_Characters" time="0.704"/>
  <testcase classname="Bchat.TestScenarios.Home_Screen_And_Functionalities_In_Create_Account_Flow" name="To_Validate_Whether_value_entered_inside_textbox_is_editable" time="13.797"/>
  <testcase classname="Bchat.TestScenarios.Home_Screen_And_Functionalities_In_Create_Account_Flow" name="To_Validate_Whether_able_to_paste_values_in_textbox" time="1.504"/>
  <testcase classname="Bchat.TestScenarios.Home_Screen_And_Functionalities_In_Create_Account_Flow" name="To_Validate_the_textbox_of_join_socialGroup_using_numerical_values" time="1.346"/>
  <testcase classname="Bchat.TestScenarios.Home_Screen_And_Functionalities_In_Create_Account_Flow" name="To_Validate_the_textbox_of_join_socialGroup_using_Alphabets_both_in_upperCase_and_lowerCase" time="1.756"/>
  <testcase classname="Bchat.TestScenarios.Home_Screen_And_Functionalities_In_Create_Account_Flow" name="To_Validate_next_option_in_Join_SocialGroup_by_entering_a_valid_URL" time="79.283"/>
  <testcase classname="Bchat.TestScenarios.Home_Screen_And_Functionalities_In_Create_Account_Flow" name="To_Validate_whether_able_to_join_socialGroup_without_internet_connection" time="27.518"/>
  <testcase classname="Bchat.TestScenarios.Home_Screen_And_Functionalities_In_Create_Account_Flow" name="To_validate_whether_cursor_blinks_while_clicking_the_textbox" time="3.168"/>
  <testcase classname="Bchat.TestScenarios.Home_Screen_And_Functionalities_In_Create_Account_Flow" name="To_Validate_the_presence_of_placeholder_in_the_text_box" time="0.261"/>
  <testcase classname="Bchat.TestScenarios.Home_Screen_And_Functionalities_In_Create_Account_Flow" name="To_Validate_Whether_crusor_Blinks_on_clicking_the_search_textbox" time="2.515"/>
  <testcase classname="Bchat.TestScenarios.Home_Screen_And_Functionalities_In_Create_Account_Flow" name="To_Validate_wether_paste_option_on_the_text_box" time="2.654"/>
  <testcase classname="Bchat.TestScenarios.Home_Screen_And_Functionalities_In_Create_Account_Flow" name="To_Validate_Values_enterd_in_textbox_is_editable_and_deleteable" time="30.523"/>
  <testcase classname="Bchat.TestScenarios.Home_Screen_And_Functionalities_In_Create_Account_Flow" name="To_validate_working_of_cnacel_icon_inside_the_textbox" time="1.967"/>
  <testcase classname="Bchat.TestScenarios.Home_Screen_And_Functionalities_In_Create_Account_Flow" name="To_Validate_the_textbox_of_the_search_Functionality_using_special_Characters" time="8.099"/>
  <testcase classname="Bchat.TestScenarios.Home_Screen_And_Functionalities_In_Create_Account_Flow" name="To_Validate_the_textbox_of_search_Functionality_using_Alphabets_both_in_UpperCase_and_lowerCase" time="4.362"/>
  <testcase classname="Bchat.TestScenarios.Home_Screen_And_Functionalities_In_Create_Account_Flow" name="To_Validate_the_textbox_of_search_Functionality_is_Allowing_the_Space" time="5.665"/>
  <testcase classname="Bchat.TestScenarios.Home_Screen_And_Functionalities_In_Create_Account_Flow" name="To_Validate_the_textbox_of_search_Functionality_by_Numerical_values" time="5.253"/>
  <testcase classname="Bchat.TestScenarios.Home_Screen_And_Functionalities_In_Create_Account_Flow" name="To_Validate_whether_searched_messages_are_showing_in_the_list" time="3.556"/>
  <testcase classname="Bchat.TestScenarios.Home_Screen_And_Functionalities_In_Create_Account_Flow" name="To_Validate_the_search_functionality_using_Invalid_value" time="61.694"/>
  <testcase classname="Bchat.TestScenarios.Home_Screen_And_Functionalities_In_Create_Account_Flow" name="To_Validate_the_textbox_of_the_Messaging_Functionality_using_special_Characters" time="34.552"/>
  <testcase classname="Bchat.TestScenarios.Home_Screen_And_Functionalities_In_Create_Account_Flow" name="To_Validate_the_working_of_cancel_button_in_delete_popup" time="6.914"/>
  <testcase classname="Bchat.TestScenarios.Home_Screen_And_Functionalities_In_Create_Account_Flow" name="To_Validate_Whether_able_to_delete_the_send_message" time="71.739"/>
  <testcase classname="Bchat.TestScenarios.Home_Screen_And_Functionalities_In_Create_Account_Flow" name="To_Validate_the_textbox_of_Messaging_Functionality_using_Alphabets_both_in_UpperCase_and_lowerCase" time="99.656"/>
  <testcase classname="Bchat.TestScenarios.Home_Screen_And_Functionalities_In_Create_Account_Flow" name="To_Validate_the_textbox_of_Messaging_Functionality_is_Allowing_the_Space_in_between_the_value" time="78.937"/>
  <testcase classname="Bchat.TestScenarios.Home_Screen_And_Functionalities_In_Create_Account_Flow" name="To_Validate_the_textbox_of_Messaging_Functionality_by_numerical_value" time="85.921"/>
  <testcase classname="Bchat.TestScenarios.Home_Screen_And_Functionalities_In_Create_Account_Flow" name="To_Validate_whether_the_value_entered_in_textbox_of_Message_functionality_is_editable_and_deleteable" time="26.532"/>
  <testcase classname="Bchat.TestScenarios.Home_Screen_And_Functionalities_In_Create_Account_Flow" name="To_Validate_the_presence_of_placeholder_in_textbox_of_Message_functionality" time="0.985"/>
  <testcase classname="Bchat.TestScenarios.Home_Screen_And_Functionalities_In_Create_Account_Flow" name="To_Validate_whether_crusher_blink_on_clicking_the_textbox_of_Message_functionality" time="1.226"/>
  <testcase classname="Bchat.TestScenarios.Home_Screen_And_Functionalities_In_Create_Account_Flow" name="To_Validate_whether_able_enter_a_lengthy_value_in_textbox_Message_functionality" time="73.150"/>
  <testcase classname="Bchat.TestScenarios.Home_Screen_And_Functionalities_In_Create_Account_Flow" name="To_validate_whether_paste_option_is_working_on_the_textbox_Note_to_myself_functionality" time="75.052"/>
  <testcase classname="Bchat.TestScenarios.Home_Screen_And_Functionalities_In_Create_Account_Flow" name="To_Validate_All_media_screen_when_empty" time="12.016"/>
  <testcase classname="Bchat.TestScenarios.Home_Screen_And_Functionalities_In_Create_Account_Flow" name="To_Validate_the_search_option_with_valid_value" time="4.185"/>
  <testcase classname="Bchat.TestScenarios.Home_Screen_And_Functionalities_In_Create_Account_Flow" name="To_validate_the_search_option_with_invalid_value" time="14.203"/>
  <testcase classname="Bchat.TestScenarios.Home_Screen_And_Functionalities_In_Create_Account_Flow" name="To_Validate_the_working_of_cancel_button_in_Add_to_home_screen_popup" time="3.148"/>
  <testcase classname="Bchat.TestScenarios.Home_Screen_And_Functionalities_In_Create_Account_Flow" name="To_Validate_the_working_of_Add_To_home_screen" time="10.019"/>
  <testcase classname="Bchat.TestScenarios.Home_Screen_And_Functionalities_In_Create_Account_Flow" name="To_Validate_the_working_of_copy_text_option" time="5.706"/>
  <testcase classname="Bchat.TestScenarios.Home_Screen_And_Functionalities_In_Create_Account_Flow" name="To_Validate_the_navigation_to_message_details_screen" time="7.871"/>
  <testcase classname="Bchat.TestScenarios.Home_Screen_And_Functionalities_In_Create_Account_Flow" name="To_Validate_whether_able_to_unselect_the_selected_message" time="19.755"/>
  <testcase classname="Bchat.TestScenarios.Home_Screen_And_Functionalities_In_Create_Account_Flow" name="To_Validate_the_working_of_record_option" time="26.753"/>
  <testcase classname="Bchat.TestScenarios.Home_Screen_And_Functionalities_In_Create_Account_Flow" name="To_Validate_whether_able_to_share_the_files_photos_in_the_note_to_myself" time="36.045"/>
  <testcase classname="Bchat.TestScenarios.Home_Screen_And_Functionalities_In_Create_Account_Flow" name="To_validate_the_all_media_with_image" time="4.260"/>
</testsuite> <!-- Bchat.TestScenarios.Home_Screen_And_Functionalities_In_Create_Account_Flow -->
