<?xml version="1.0" encoding="UTF-8"?>
<!-- Generated by org.testng.reporters.JUnitReportReporter -->
<testsuite hostname="Aravind" failures="0" tests="16" name="Bchat.TestScenarios.Create_Account_Flow_Functionalities" time="151.322" errors="0" timestamp="23 Apr 2024 14:36:35 GMT" skipped="0">
  <testcase classname="Bchat.TestScenarios.Create_Account_Flow_Functionalities" name="TC_3_Validate_the_working_Of_Create_Account_Button" time="1.428"/>
  <testcase classname="Bchat.TestScenarios.Create_Account_Flow_Functionalities" name="TC_To_Validate_presence_of_placeholder_in_Display_Name_Textbox" time="2.288"/>
  <testcase classname="Bchat.TestScenarios.Create_Account_Flow_Functionalities" name="TC_To_Validate_whether_crusher_blink_on_clicking_textbox_of_Display_Name" time="0.188"/>
  <testcase classname="Bchat.TestScenarios.Create_Account_Flow_Functionalities" name="TC_To_Validate_DisplayName_WithoutAny_Value" time="1.276"/>
  <testcase classname="Bchat.TestScenarios.Create_Account_Flow_Functionalities" name="TC_To_Validate_DisplayName_With_Empty_Value" time="3.592"/>
  <testcase classname="Bchat.TestScenarios.Create_Account_Flow_Functionalities" name="TC_To_Validate_DisplayName_With_Above_Boundary_Value" time="4.202"/>
  <testcase classname="Bchat.TestScenarios.Create_Account_Flow_Functionalities" name="TC_To_Validate_DisplayName_With_Valid_And_Invalid_Datas" time="9.703"/>
  <testcase classname="Bchat.TestScenarios.Create_Account_Flow_Functionalities" name="TC_To_Validate_DisplayName_With_Valid_And_Invalid_Datas" time="12.581"/>
  <testcase classname="Bchat.TestScenarios.Create_Account_Flow_Functionalities" name="TC_To_Validate_DisplayName_With_Valid_And_Invalid_Datas" time="16.335"/>
  <testcase classname="Bchat.TestScenarios.Create_Account_Flow_Functionalities" name="TC_To_Validate_DisplayName_With_Valid_And_Invalid_Datas" time="10.635"/>
  <testcase classname="Bchat.TestScenarios.Create_Account_Flow_Functionalities" name="TC_To_Validate_DisplayName_With_Valid_And_Invalid_Datas" time="18.974"/>
  <testcase classname="Bchat.TestScenarios.Create_Account_Flow_Functionalities" name="TC_To_Validate_DisplayName_With_Valid_And_Invalid_Datas" time="7.528"/>
  <testcase classname="Bchat.TestScenarios.Create_Account_Flow_Functionalities" name="TC_To_Validate_DisplayName_With_Valid_And_Invalid_Datas" time="20.729"/>
  <testcase classname="Bchat.TestScenarios.Create_Account_Flow_Functionalities" name="TC_To_Validate_DisplayName_With_Valid_And_Invalid_Datas" time="9.077"/>
  <testcase classname="Bchat.TestScenarios.Create_Account_Flow_Functionalities" name="TC_To_Validate_DisplayName_With_Valid_And_Invalid_Datas" time="11.952"/>
  <testcase classname="Bchat.TestScenarios.Create_Account_Flow_Functionalities" name="TC_To_Validate_Whether_Able_To_Paste_Values_In_TextBox" time="20.834"/>
</testsuite> <!-- Bchat.TestScenarios.Create_Account_Flow_Functionalities -->
