<?xml version="1.0" encoding="UTF-8"?>
<!-- Generated by org.testng.reporters.JUnitReportReporter -->
<testsuite hostname="Aravind" failures="0" tests="32" name="Bchat.TestScenarios.Create_Account_Flow_DisplayName_Screen_And_Functionalities" time="663.672" errors="0" timestamp="2024-09-19T20:30:24 IST" skipped="0">
  <testcase classname="Bchat.TestScenarios.Create_Account_Flow_DisplayName_Screen_And_Functionalities" name="PreSetup" time="1.683"/>
  <testcase classname="Bchat.TestScenarios.Create_Account_Flow_DisplayName_Screen_And_Functionalities" name="TC_37_To_Validate_presence_of_placeholder_in_Display_Name_Textbox" time="0.379"/>
  <testcase classname="Bchat.TestScenarios.Create_Account_Flow_DisplayName_Screen_And_Functionalities" name="TC_36_To_Validate_whether_crusher_blink_on_clicking_textbox_of_Display_Name" time="1.577"/>
  <testcase classname="Bchat.TestScenarios.Create_Account_Flow_DisplayName_Screen_And_Functionalities" name="TC_30_To_Validate_DisplayName_WithoutAny_Value" time="0.751"/>
  <testcase classname="Bchat.TestScenarios.Create_Account_Flow_DisplayName_Screen_And_Functionalities" name="TC_34_To_Validate_DisplayName_With_Empty_Value" time="3.320"/>
  <testcase classname="Bchat.TestScenarios.Create_Account_Flow_DisplayName_Screen_And_Functionalities" name="TC_31_To_Validate_DisplayName_With_Above_Boundary_Value" time="3.946"/>
  <testcase classname="Bchat.TestScenarios.Create_Account_Flow_DisplayName_Screen_And_Functionalities" name="TC_To_Validate_DisplayName_With_Invalid_Datas" time="6.157"/>
  <testcase classname="Bchat.TestScenarios.Create_Account_Flow_DisplayName_Screen_And_Functionalities" name="TC_To_Validate_DisplayName_With_Invalid_Datas" time="8.495"/>
  <testcase classname="Bchat.TestScenarios.Create_Account_Flow_DisplayName_Screen_And_Functionalities" name="TC_To_Validate_DisplayName_With_Invalid_Datas" time="51.555"/>
  <testcase classname="Bchat.TestScenarios.Create_Account_Flow_DisplayName_Screen_And_Functionalities" name="TC_To_Validate_DisplayName_With_Invalid_Datas" time="4.488"/>
  <testcase classname="Bchat.TestScenarios.Create_Account_Flow_DisplayName_Screen_And_Functionalities" name="TC_To_Validate_DisplayName_With_valid_Datas" time="12.194"/>
  <testcase classname="Bchat.TestScenarios.Create_Account_Flow_DisplayName_Screen_And_Functionalities" name="TC_To_Validate_DisplayName_With_valid_Datas" time="8.041"/>
  <testcase classname="Bchat.TestScenarios.Create_Account_Flow_DisplayName_Screen_And_Functionalities" name="TC_To_Validate_DisplayName_With_valid_Datas" time="50.896"/>
  <testcase classname="Bchat.TestScenarios.Create_Account_Flow_DisplayName_Screen_And_Functionalities" name="TC_To_Validate_DisplayName_With_valid_Datas" time="62.250"/>
  <testcase classname="Bchat.TestScenarios.Create_Account_Flow_DisplayName_Screen_And_Functionalities" name="TC_To_Validate_DisplayName_With_valid_Datas" time="43.181"/>
  <testcase classname="Bchat.TestScenarios.Create_Account_Flow_DisplayName_Screen_And_Functionalities" name="TC_39_To_Validate_Whether_Able_To_Paste_Values_In_TextBox" time="4.950"/>
  <testcase classname="Bchat.TestScenarios.Create_Account_Flow_DisplayName_Screen_And_Functionalities" name="TC_48_To_Validate_Whether_able_to_navigate_to_previous_screen" time="1.758"/>
  <testcase classname="Bchat.TestScenarios.Create_Account_Flow_DisplayName_Screen_And_Functionalities" name="TC_49_To_Validate_whether_ID_And_Address_are_change_while_navigating_back_and_navigate_into_register_screen" time="8.266"/>
  <testcase classname="Bchat.TestScenarios.Create_Account_Flow_DisplayName_Screen_And_Functionalities" name="TC_50_To_Validate_whether_able_to_copy_ID_and_Address" time="0.251"/>
  <testcase classname="Bchat.TestScenarios.Create_Account_Flow_DisplayName_Screen_And_Functionalities" name="TC_52_To_Validate_whether_ID_and_Address_were_Clickable_And_Editable" time="0.281"/>
  <testcase classname="Bchat.TestScenarios.Create_Account_Flow_DisplayName_Screen_And_Functionalities" name="TC_53_To_Validate_the_working_of_next_Button" time="2.200"/>
  <testcase classname="Bchat.TestScenarios.Create_Account_Flow_DisplayName_Screen_And_Functionalities" name="TC_60_To_Validate_the_next_function_without_entering_a_value_in_Enter_password_and_ReEnter_password" time="0.801"/>
  <testcase classname="Bchat.TestScenarios.Create_Account_Flow_DisplayName_Screen_And_Functionalities" name="TC_57_To_Validate_with_Valid_value_in_enter_password_field_and_Invalid_value_in_ReEnter_password_field" time="38.676"/>
  <testcase classname="Bchat.TestScenarios.Create_Account_Flow_DisplayName_Screen_And_Functionalities" name="TC_62_To_Validate_the_next_function_with_value_only_In_Enter_password_Field" time="12.900"/>
  <testcase classname="Bchat.TestScenarios.Create_Account_Flow_DisplayName_Screen_And_Functionalities" name="TC_66_To_Validate_the_Password_number_fields_by_entering_values_below_boundary_value_in_any_one_field" time="46.594"/>
  <testcase classname="Bchat.TestScenarios.Create_Account_Flow_DisplayName_Screen_And_Functionalities" name="TC_76_And_77_To_validate_Whether_Values_In_Password_Fields_are_Editable_And_deletable" time="119.646"/>
  <testcase classname="Bchat.TestScenarios.Create_Account_Flow_DisplayName_Screen_And_Functionalities" name="TC_59_To_Validate_with_Valid_value_in_enter_password_field_and_Invalid_value_in_ReEnter_password_field_and_repeat_it_for_multiple_time" time="104.366"/>
  <testcase classname="Bchat.TestScenarios.Create_Account_Flow_DisplayName_Screen_And_Functionalities" name="TC_58_To_Validate_with_Valid_value_in_both_enter_password_field_and_in_ReEnter_password_field" time="26.239"/>
  <testcase classname="Bchat.TestScenarios.Create_Account_Flow_DisplayName_Screen_And_Functionalities" name="TC_82_To_Validate_whether_able_to_navigate_to_the_next_screen_without_copying_the_recovery_seed" time="1.683"/>
  <testcase classname="Bchat.TestScenarios.Create_Account_Flow_DisplayName_Screen_And_Functionalities" name="TC_81_To_Validate_the_working_of_the_copy_option_in_the_recovery_phase_screen" time="1.546"/>
  <testcase classname="Bchat.TestScenarios.Create_Account_Flow_DisplayName_Screen_And_Functionalities" name="TC_85_To_Validate_Whether_Able_to_Navigate_Previous_screen" time="30.367"/>
  <testcase classname="Bchat.TestScenarios.Create_Account_Flow_DisplayName_Screen_And_Functionalities" name="TC_84_And_85_To_Validate_the_working_of_the_continue_button_after_copying_the_recovery_seed" time="4.235"/>
</testsuite> <!-- Bchat.TestScenarios.Create_Account_Flow_DisplayName_Screen_And_Functionalities -->
