<?xml version="1.0" encoding="UTF-8"?>
<!-- Generated by org.testng.reporters.JUnitReportReporter -->
<testsuite hostname="Aravind" failures="0" tests="1" name="Bchat.TestScenarios.Landing_Screen_And_Functionality" time="13.460" errors="0" timestamp="09 Jul 2024 14:14:00 GMT" skipped="0">
  <testcase classname="Bchat.TestScenarios.Landing_Screen_And_Functionality" name="demo" time="13.460"/>
</testsuite> <!-- Bchat.TestScenarios.Landing_Screen_And_Functionality -->
