<?xml version="1.0" encoding="UTF-8"?>
<!-- Generated by org.testng.reporters.JUnitReportReporter -->
<testsuite hostname="Aravind" failures="0" tests="2" name="Bchat.TestScenarios.Menu_Drawer_Screen_And_Functionalities" time="42.690" errors="0" timestamp="13 Jul 2024 13:19:34 GMT" skipped="0">
  <testcase classname="Bchat.TestScenarios.Menu_Drawer_Screen_And_Functionalities" name="preSetup" time="35.971"/>
  <testcase classname="Bchat.TestScenarios.Menu_Drawer_Screen_And_Functionalities" name="TC_250_To_Validate_Whether_Screen_is_Scrollable" time="6.719"/>
</testsuite> <!-- Bchat.TestScenarios.Menu_Drawer_Screen_And_Functionalities -->
