<?xml version="1.0" encoding="UTF-8"?>
<!-- Generated by org.testng.reporters.JUnitReportReporter -->
<testsuite hostname="Aravind" failures="0" tests="49" name="Bchat.TestScenarios.MyWallet_Screen_And_WalletSettings_screen_Functionalities_In_restore_Account_flow" time="1838.928" errors="0" timestamp="2024-10-04T18:30:54 IST" skipped="0">
  <testcase classname="Bchat.TestScenarios.MyWallet_Screen_And_WalletSettings_screen_Functionalities_In_restore_Account_flow" name="PreSetup" time="96.193"/>
  <testcase classname="Bchat.TestScenarios.MyWallet_Screen_And_WalletSettings_screen_Functionalities_In_restore_Account_flow" name="To_Validate_whether_blocks_sync_happens_well_when_we_disconnect_internet_and_connect_internet_while_blocks_syncing" time="13.182"/>
  <testcase classname="Bchat.TestScenarios.MyWallet_Screen_And_WalletSettings_screen_Functionalities_In_restore_Account_flow" name="To_validate_Working_Of_blocks_syncing_while_navigate_to_homescreen_and_back_Mywallet_screen" time="9.546"/>
  <testcase classname="Bchat.TestScenarios.MyWallet_Screen_And_WalletSettings_screen_Functionalities_In_restore_Account_flow" name="To_validate_the_working_of_blocks_syncing_while_minimize_and_open_the_app" time="7.365"/>
  <testcase classname="Bchat.TestScenarios.MyWallet_Screen_And_WalletSettings_screen_Functionalities_In_restore_Account_flow" name="To_Validate_Whether_able_to_do_transactions_before_Blocks_synchronized" time="0.806"/>
  <testcase classname="Bchat.TestScenarios.MyWallet_Screen_And_WalletSettings_screen_Functionalities_In_restore_Account_flow" name="To_Validate_screen_navigation_occurs_well_inside_wallet_while_blocks_syncing" time="35.991"/>
  <testcase classname="Bchat.TestScenarios.MyWallet_Screen_And_WalletSettings_screen_Functionalities_In_restore_Account_flow" name="To_Validate_node_changes_well_while_blocks_syncing" time="13.183"/>
  <testcase classname="Bchat.TestScenarios.MyWallet_Screen_And_WalletSettings_screen_Functionalities_In_restore_Account_flow" name="To_Validate_the_working_of_reconnect_and_rescan_option_while_blocks_syncing" time="0.465"/>
  <testcase classname="Bchat.TestScenarios.MyWallet_Screen_And_WalletSettings_screen_Functionalities_In_restore_Account_flow" name="To_Validate_whether_transaction_histories_are_visible" time="284.361"/>
  <testcase classname="Bchat.TestScenarios.MyWallet_Screen_And_WalletSettings_screen_Functionalities_In_restore_Account_flow" name="To_Validate_the_working_of_cancel_button_in_filter_by_date" time="4.607"/>
  <testcase classname="Bchat.TestScenarios.MyWallet_Screen_And_WalletSettings_screen_Functionalities_In_restore_Account_flow" name="To_Validate_the_working_of_transactions_filter_by_date" time="116.008"/>
  <testcase classname="Bchat.TestScenarios.MyWallet_Screen_And_WalletSettings_screen_Functionalities_In_restore_Account_flow" name="To_Validate_the_working_of_Transaction_filter_by_date_without_selecting_both_date" time="8.639"/>
  <testcase classname="Bchat.TestScenarios.MyWallet_Screen_And_WalletSettings_screen_Functionalities_In_restore_Account_flow" name="To_Validate_the_working_of_Transaction_filter_by_date_without_selecting_from_date" time="49.639"/>
  <testcase classname="Bchat.TestScenarios.MyWallet_Screen_And_WalletSettings_screen_Functionalities_In_restore_Account_flow" name="To_Validate_the_working_of_Transactionfilter_by_date_without_selecting_To_date" time="62.154"/>
  <testcase classname="Bchat.TestScenarios.MyWallet_Screen_And_WalletSettings_screen_Functionalities_In_restore_Account_flow" name="To_Validate_the_working_of_transaction_details_dropdown" time="1.267"/>
  <testcase classname="Bchat.TestScenarios.MyWallet_Screen_And_WalletSettings_screen_Functionalities_In_restore_Account_flow" name="To_validate_whether_same_amount_showing_in_transaction_history_and_details" time="0.836"/>
  <testcase classname="Bchat.TestScenarios.MyWallet_Screen_And_WalletSettings_screen_Functionalities_In_restore_Account_flow" name="To_validate_the_navigation_to_explorer_page_on_clicking_transactionId" time="5.278"/>
  <testcase classname="Bchat.TestScenarios.MyWallet_Screen_And_WalletSettings_screen_Functionalities_In_restore_Account_flow" name="To_validate_the_working_of_copy_icon_in_transaction_details" time="50.460"/>
  <testcase classname="Bchat.TestScenarios.MyWallet_Screen_And_WalletSettings_screen_Functionalities_In_restore_Account_flow" name="To_validate_the_working_of_send_amount_functionality_with_amount_greater_than_balance" time="95.934"/>
  <testcase classname="Bchat.TestScenarios.MyWallet_Screen_And_WalletSettings_screen_Functionalities_In_restore_Account_flow" name="To_Validate_the_working_of_send_functionality_with_Invalid_Address_and_Valid_Amount" time="43.177"/>
  <testcase classname="Bchat.TestScenarios.MyWallet_Screen_And_WalletSettings_screen_Functionalities_In_restore_Account_flow" name="To_Validate_the_working_of_send_functionality_with_valid_Address_and_Invalid_Amount" time="1.535"/>
  <testcase classname="Bchat.TestScenarios.MyWallet_Screen_And_WalletSettings_screen_Functionalities_In_restore_Account_flow" name="To_Validate_amount_entered_in_BDX_conversion_to_selected_currency" time="1.026"/>
  <testcase classname="Bchat.TestScenarios.MyWallet_Screen_And_WalletSettings_screen_Functionalities_In_restore_Account_flow" name="To_Validate_the_working_of_send_amount_functionality_without_internet_connection" time="41.071"/>
  <testcase classname="Bchat.TestScenarios.MyWallet_Screen_And_WalletSettings_screen_Functionalities_In_restore_Account_flow" name="To_Validate_whether_the_values_in_text_boxes_got_cleared_after_navigate_to_pin_screen" time="58.173"/>
  <testcase classname="Bchat.TestScenarios.MyWallet_Screen_And_WalletSettings_screen_Functionalities_In_restore_Account_flow" name="To_Validate_the_working_of_cancel_button_in_confirm_popup" time="40.410"/>
  <testcase classname="Bchat.TestScenarios.MyWallet_Screen_And_WalletSettings_screen_Functionalities_In_restore_Account_flow" name="To_validate_whether_able_to_enter_multiple_dots_and_commas_in_amount_field" time="9.049"/>
  <testcase classname="Bchat.TestScenarios.MyWallet_Screen_And_WalletSettings_screen_Functionalities_In_restore_Account_flow" name="To_validate_the_amount_text_box_by_entering_lengthy_amount_value" time="0.555"/>
  <testcase classname="Bchat.TestScenarios.MyWallet_Screen_And_WalletSettings_screen_Functionalities_In_restore_Account_flow" name="To_Validate_Whether_Able_To_Paste_Values_in_text_Boxes" time="3.102"/>
  <testcase classname="Bchat.TestScenarios.MyWallet_Screen_And_WalletSettings_screen_Functionalities_In_restore_Account_flow" name="To_Validate_the_working_of_send_functionality_by_using_contacts_book" time="66.748"/>
  <testcase classname="Bchat.TestScenarios.MyWallet_Screen_And_WalletSettings_screen_Functionalities_In_restore_Account_flow" name="To_Validate_the_working_of_send_functionality_with_valid_Address_and_Valid_Amount" time="9.627"/>
  <testcase classname="Bchat.TestScenarios.MyWallet_Screen_And_WalletSettings_screen_Functionalities_In_restore_Account_flow" name="To_Validate_the_node_screen_without_internet_connection" time="62.977"/>
  <testcase classname="Bchat.TestScenarios.MyWallet_Screen_And_WalletSettings_screen_Functionalities_In_restore_Account_flow" name="To_Validate_the_working_of_cancel_icon_in_all_popup" time="55.361"/>
  <testcase classname="Bchat.TestScenarios.MyWallet_Screen_And_WalletSettings_screen_Functionalities_In_restore_Account_flow" name="To_Validate_whether_able_to_select_all_options_in_DisplayBalanceAs" time="9.954"/>
  <testcase classname="Bchat.TestScenarios.MyWallet_Screen_And_WalletSettings_screen_Functionalities_In_restore_Account_flow" name="To_Validate_the_working_of_beldex_hidden_option_in_DisplayBalanceAs" time="2.963"/>
  <testcase classname="Bchat.TestScenarios.MyWallet_Screen_And_WalletSettings_screen_Functionalities_In_restore_Account_flow" name="To_Validate_whether_able_to_select_all_options_in_Decimals" time="40.086"/>
  <testcase classname="Bchat.TestScenarios.MyWallet_Screen_And_WalletSettings_screen_Functionalities_In_restore_Account_flow" name="To_Validate_whether_able_to_select_all_options_in_currency" time="66.938"/>
  <testcase classname="Bchat.TestScenarios.MyWallet_Screen_And_WalletSettings_screen_Functionalities_In_restore_Account_flow" name="To_Validate_working_of_All_options_in_Fee_Priority" time="4.924"/>
  <testcase classname="Bchat.TestScenarios.MyWallet_Screen_And_WalletSettings_screen_Functionalities_In_restore_Account_flow" name="To_Validate_the_Navigate_to_Address_book" time="50.718"/>
  <testcase classname="Bchat.TestScenarios.MyWallet_Screen_And_WalletSettings_screen_Functionalities_In_restore_Account_flow" name="To_Validate_the_Addressbook_screen_while_having_a_contacts" time="4.272"/>
  <testcase classname="Bchat.TestScenarios.MyWallet_Screen_And_WalletSettings_screen_Functionalities_In_restore_Account_flow" name="To_validate_the_working_of_search_option_with_Invalid_contactName" time="52.130"/>
  <testcase classname="Bchat.TestScenarios.MyWallet_Screen_And_WalletSettings_screen_Functionalities_In_restore_Account_flow" name="To_validate_whether_able_to_paste_contactName_in_search_textbox" time="1.504"/>
  <testcase classname="Bchat.TestScenarios.MyWallet_Screen_And_WalletSettings_screen_Functionalities_In_restore_Account_flow" name="To_validate_the_working_of_cancel_icon_inside_the_search_textbox" time="7.972"/>
  <testcase classname="Bchat.TestScenarios.MyWallet_Screen_And_WalletSettings_screen_Functionalities_In_restore_Account_flow" name="To_validate_the_working_of_copy_icon_in_address_book" time="2.651"/>
  <testcase classname="Bchat.TestScenarios.MyWallet_Screen_And_WalletSettings_screen_Functionalities_In_restore_Account_flow" name="To_Validate_the_Change_pin_functionality_by_entering_a_valid_old_pin" time="6.068"/>
  <testcase classname="Bchat.TestScenarios.MyWallet_Screen_And_WalletSettings_screen_Functionalities_In_restore_Account_flow" name="To_Validate_the_Change_pin_functionality_by_entering_Incorrect_old_pin" time="41.137"/>
  <testcase classname="Bchat.TestScenarios.MyWallet_Screen_And_WalletSettings_screen_Functionalities_In_restore_Account_flow" name="To_Validatethe_Whether_able_to_navigate_to_next_screen_without_entering_a_values_in_pin_fields" time="62.423"/>
  <testcase classname="Bchat.TestScenarios.MyWallet_Screen_And_WalletSettings_screen_Functionalities_In_restore_Account_flow" name="To_Validate_whether_able_to_set_new_pin_with_old_pin_value" time="60.090"/>
  <testcase classname="Bchat.TestScenarios.MyWallet_Screen_And_WalletSettings_screen_Functionalities_In_restore_Account_flow" name="To_Validate_the_ChangePin_functionality_by_entering_a_valid_value_in_Newpin_and_invalid_value_in_ReEnter_pin" time="65.401"/>
  <testcase classname="Bchat.TestScenarios.MyWallet_Screen_And_WalletSettings_screen_Functionalities_In_restore_Account_flow" name="To_Validate_the_Change_Pin_functionality_by_entering_a_valid_Create_pin_and_valid_ReEnter_pin" time="110.972"/>
</testsuite> <!-- Bchat.TestScenarios.MyWallet_Screen_And_WalletSettings_screen_Functionalities_In_restore_Account_flow -->
